[0.000000] (-) TimerEvent: {}
[0.001311] (final_challenge) JobQueued: {'identifier': 'final_challenge', 'dependencies': OrderedDict()}
[0.001682] (final_challenge) JobStarted: {'identifier': 'final_challenge'}
[0.097343] (-) TimerEvent: {}
[0.197972] (-) TimerEvent: {}
[0.298393] (-) TimerEvent: {}
[0.399010] (-) TimerEvent: {}
[0.499704] (-) TimerEvent: {}
[0.600829] (-) TimerEvent: {}
[0.701543] (-) TimerEvent: {}
[0.802099] (-) TimerEvent: {}
[0.903191] (-) TimerEvent: {}
[1.004527] (-) TimerEvent: {}
[1.105380] (-) TimerEvent: {}
[1.206335] (-) TimerEvent: {}
[1.307044] (-) TimerEvent: {}
[1.407725] (-) TimerEvent: {}
[1.509633] (-) TimerEvent: {}
[1.610195] (-) TimerEvent: {}
[1.710699] (-) TimerEvent: {}
[1.811642] (-) TimerEvent: {}
[1.912398] (-) TimerEvent: {}
[2.012997] (-) TimerEvent: {}
[2.113533] (-) TimerEvent: {}
[2.214118] (-) TimerEvent: {}
[2.314786] (-) TimerEvent: {}
[2.415277] (-) TimerEvent: {}
[2.516002] (-) TimerEvent: {}
[2.617010] (-) TimerEvent: {}
[2.717623] (-) TimerEvent: {}
[2.818284] (-) TimerEvent: {}
[2.918938] (-) TimerEvent: {}
[3.019913] (-) TimerEvent: {}
[3.120432] (-) TimerEvent: {}
[3.221286] (-) TimerEvent: {}
[3.321870] (-) TimerEvent: {}
[3.422517] (-) TimerEvent: {}
[3.523134] (-) TimerEvent: {}
[3.623717] (-) TimerEvent: {}
[3.724503] (-) TimerEvent: {}
[3.825024] (-) TimerEvent: {}
[3.925708] (-) TimerEvent: {}
[4.026307] (-) TimerEvent: {}
[4.127060] (-) TimerEvent: {}
[4.227823] (-) TimerEvent: {}
[4.328332] (-) TimerEvent: {}
[4.428863] (-) TimerEvent: {}
[4.529715] (-) TimerEvent: {}
[4.630555] (-) TimerEvent: {}
[4.731195] (-) TimerEvent: {}
[4.831924] (-) TimerEvent: {}
[4.932591] (-) TimerEvent: {}
[5.033163] (-) TimerEvent: {}
[5.133821] (-) TimerEvent: {}
[5.234606] (-) TimerEvent: {}
[5.335413] (-) TimerEvent: {}
[5.435966] (-) TimerEvent: {}
[5.536766] (-) TimerEvent: {}
[5.637975] (-) TimerEvent: {}
[5.740134] (-) TimerEvent: {}
[5.840976] (-) TimerEvent: {}
[5.941655] (-) TimerEvent: {}
[6.042581] (-) TimerEvent: {}
[6.143285] (-) TimerEvent: {}
[6.243978] (-) TimerEvent: {}
[6.344772] (-) TimerEvent: {}
[6.445429] (-) TimerEvent: {}
[6.545989] (-) TimerEvent: {}
[6.646543] (-) TimerEvent: {}
[6.747107] (-) TimerEvent: {}
[6.847735] (-) TimerEvent: {}
[6.948300] (-) TimerEvent: {}
[7.048807] (-) TimerEvent: {}
[7.149319] (-) TimerEvent: {}
[7.249985] (-) TimerEvent: {}
[7.350533] (-) TimerEvent: {}
[7.451095] (-) TimerEvent: {}
[7.551745] (-) TimerEvent: {}
[7.652290] (-) TimerEvent: {}
[7.753019] (-) TimerEvent: {}
[7.853614] (-) TimerEvent: {}
[7.954444] (-) TimerEvent: {}
[8.055617] (-) TimerEvent: {}
[8.156818] (-) TimerEvent: {}
[8.257698] (-) TimerEvent: {}
[8.358460] (-) TimerEvent: {}
[8.459305] (-) TimerEvent: {}
[8.559871] (-) TimerEvent: {}
[8.660636] (-) TimerEvent: {}
[8.761152] (-) TimerEvent: {}
[8.861719] (-) TimerEvent: {}
[8.962217] (-) TimerEvent: {}
[9.062937] (-) TimerEvent: {}
[9.163484] (-) TimerEvent: {}
[9.264052] (-) TimerEvent: {}
[9.364809] (-) TimerEvent: {}
[9.466244] (-) TimerEvent: {}
[9.567014] (-) TimerEvent: {}
[9.667539] (-) TimerEvent: {}
[9.768069] (-) TimerEvent: {}
[9.868648] (-) TimerEvent: {}
[9.969211] (-) TimerEvent: {}
[10.070084] (-) TimerEvent: {}
[10.170782] (-) TimerEvent: {}
[10.271365] (-) TimerEvent: {}
[10.371982] (-) TimerEvent: {}
[10.472724] (-) TimerEvent: {}
[10.573904] (-) TimerEvent: {}
[10.674879] (-) TimerEvent: {}
[10.775629] (-) TimerEvent: {}
[10.876229] (-) TimerEvent: {}
[10.976833] (-) TimerEvent: {}
[11.077509] (-) TimerEvent: {}
[11.178108] (-) TimerEvent: {}
[11.278746] (-) TimerEvent: {}
[11.379329] (-) TimerEvent: {}
[11.479989] (-) TimerEvent: {}
[11.580609] (-) TimerEvent: {}
[11.681137] (-) TimerEvent: {}
[11.781797] (-) TimerEvent: {}
[11.882373] (-) TimerEvent: {}
[11.919745] (final_challenge) Command: {'cmd': ['/usr/bin/python3', 'setup.py', 'develop', '--editable', '--build-directory', '/home/racecar/racecar_ws/src/final_challenge2024/build/final_challenge/build', '--no-deps', 'install_data'], 'cwd': '/home/racecar/racecar_ws/src/final_challenge2024/build/final_challenge', 'env': {'PYTHONIOENCODING': 'utf-8', 'HOSTNAME': '04bf17013a04', 'SSH_AGENT_PID': '1102', 'GIT_ASKPASS': '/home/racecar/.vscode-server/bin/8b3775030ed1a69b13e4f4c628c612102e30a681/extensions/git/dist/askpass.sh', 'SHLVL': '1', 'LD_LIBRARY_PATH': '/home/racecar/racecar_ws/install/vs_msgs/lib:/home/racecar/racecar_ws/install/custom_msgs/lib:/opt/ros/foxy/opt/yaml_cpp_vendor/lib:/opt/ros/foxy/opt/rviz_ogre_vendor/lib:/opt/ros/foxy/lib/x86_64-linux-gnu:/opt/ros/foxy/lib', 'BROWSER': '/home/racecar/.vscode-server/bin/8b3775030ed1a69b13e4f4c628c612102e30a681/bin/helpers/browser.sh', 'HOME': '/home/racecar', 'OLDPWD': '/home/racecar/racecar_ws/src/final_challenge2024/final_challenge', 'TERM_PROGRAM_VERSION': '1.85.2', 'VSCODE_IPC_HOOK_CLI': '/tmp/vscode-ipc-e1331d22-28c0-4c71-82b5-8cb010867826.sock', 'ROS_PYTHON_VERSION': '3', 'VSCODE_GIT_ASKPASS_MAIN': '/home/racecar/.vscode-server/bin/8b3775030ed1a69b13e4f4c628c612102e30a681/extensions/git/dist/askpass-main.js', 'VSCODE_GIT_ASKPASS_NODE': '/home/racecar/.vscode-server/bin/8b3775030ed1a69b13e4f4c628c612102e30a681/node', 'COLORTERM': 'truecolor', 'REMOTE_CONTAINERS': 'true', 'COLCON_PREFIX_PATH': '/home/racecar/racecar_ws/src/final_challenge2024/install:/home/racecar/racecar_ws/src/final_challenge2024/final_challenge/install:/home/racecar/racecar_ws/install:/home/sim_ws/install', 'ROS_DISTRO': 'foxy', 'REMOTE_CONTAINERS_IPC': '/tmp/vscode-remote-containers-ipc-81d13247-f535-4431-8394-e7b4095d6e89.sock', '_': '/usr/bin/colcon', 'ROS_VERSION': '2', 'TERM': 'xterm-256color', 'ROS_LOCALHOST_ONLY': '0', 'PATH': '/opt/ros/foxy/bin:/home/racecar/.vscode-server/bin/8b3775030ed1a69b13e4f4c628c612102e30a681/bin/remote-cli:/usr/local/sbin:/usr/local/bin:/usr/sbin:/usr/bin:/sbin:/bin', 'DISPLAY': '172.18.192.1:0.0', 'LANG': 'en_US.UTF-8', 'VSCODE_GIT_IPC_HANDLE': '/tmp/vscode-git-aec1aa4683.sock', 'TERM_PROGRAM': 'vscode', 'SSH_AUTH_SOCK': '/tmp/ssh-xiFwpqjhmxFw/agent.1101', 'AMENT_PREFIX_PATH': '/home/racecar/racecar_ws/src/final_challenge2024/install/final_challenge:/home/racecar/racecar_ws/src/final_challenge2024/final_challenge/install/final_challenge:/home/sim_ws/install/racecar_simulator:/home/racecar/racecar_ws/install/wall_follower:/home/racecar/racecar_ws/install/vs_msgs:/home/racecar/racecar_ws/install/visual_servoing:/home/racecar/racecar_ws/install/safety_controller:/home/racecar/racecar_ws/install/ros_exercises:/home/racecar/racecar_ws/install/localization:/opt/ros/foxy', 'SHELL': '/bin/bash', 'SIM_WS': '/home/sim_ws', 'VSCODE_GIT_ASKPASS_EXTRA_ARGS': '', 'PWD': '/home/racecar/racecar_ws/src/final_challenge2024/build/final_challenge', 'PYTHONPATH': '/home/racecar/racecar_ws/src/final_challenge2024/build/final_challenge/prefix_override:/home/racecar/racecar_ws/src/final_challenge2024/install/final_challenge/lib/python3.8/site-packages:/home/racecar/racecar_ws/src/final_challenge2024/build/final_challenge:/home/racecar/racecar_ws/src/final_challenge2024/install/final_challenge/lib/python3.8/site-packages:/home/racecar/racecar_ws/src/final_challenge2024/final_challenge/build/final_challenge:/home/racecar/racecar_ws/src/final_challenge2024/final_challenge/install/final_challenge/lib/python3.8/site-packages:/home/racecar/racecar_ws/build/wall_follower:/home/racecar/racecar_ws/install/wall_follower/lib/python3.8/site-packages:/home/racecar/racecar_ws/install/vs_msgs/lib/python3.8/site-packages:/home/racecar/racecar_ws/build/visual_servoing:/home/racecar/racecar_ws/install/visual_servoing/lib/python3.8/site-packages:/home/racecar/racecar_ws/build/safety_controller:/home/racecar/racecar_ws/install/safety_controller/lib/python3.8/site-packages:/home/racecar/racecar_ws/build/ros_exercises:/home/racecar/racecar_ws/install/ros_exercises/lib/python3.8/site-packages:/home/racecar/racecar_ws/build/localization:/home/racecar/racecar_ws/install/localization/lib/python3.8/site-packages:/home/racecar/racecar_ws/install/custom_msgs/lib/python3.8/site-packages:/opt/ros/foxy/lib/python3.8/site-packages', 'NO_VNC_VERSION': '1.4.0', 'COLCON': '1', 'CMAKE_PREFIX_PATH': '/home/sim_ws/install/racecar_simulator:/home/racecar/racecar_ws/install/vs_msgs:/home/racecar/racecar_ws/install/custom_msgs'}, 'shell': False}
[11.982501] (-) TimerEvent: {}
[12.083513] (-) TimerEvent: {}
[12.184302] (-) TimerEvent: {}
[12.285219] (-) TimerEvent: {}
[12.385723] (-) TimerEvent: {}
[12.486221] (-) TimerEvent: {}
[12.586746] (-) TimerEvent: {}
[12.687248] (-) TimerEvent: {}
[12.787804] (-) TimerEvent: {}
[12.888361] (-) TimerEvent: {}
[12.988958] (-) TimerEvent: {}
[13.089497] (-) TimerEvent: {}
[13.190119] (-) TimerEvent: {}
[13.291051] (-) TimerEvent: {}
[13.391758] (-) TimerEvent: {}
[13.492507] (-) TimerEvent: {}
[13.593467] (-) TimerEvent: {}
[13.694150] (-) TimerEvent: {}
[13.794873] (-) TimerEvent: {}
[13.895470] (-) TimerEvent: {}
[13.995971] (-) TimerEvent: {}
[14.096432] (-) TimerEvent: {}
[14.197072] (-) TimerEvent: {}
[14.297689] (-) TimerEvent: {}
[14.398194] (-) TimerEvent: {}
[14.498835] (-) TimerEvent: {}
[14.599434] (-) TimerEvent: {}
[14.700054] (-) TimerEvent: {}
[14.800722] (-) TimerEvent: {}
[14.901371] (-) TimerEvent: {}
[15.001976] (-) TimerEvent: {}
[15.102606] (-) TimerEvent: {}
[15.203410] (-) TimerEvent: {}
[15.304101] (-) TimerEvent: {}
[15.404645] (-) TimerEvent: {}
[15.505181] (-) TimerEvent: {}
[15.605996] (-) TimerEvent: {}
[15.706583] (-) TimerEvent: {}
[15.807227] (-) TimerEvent: {}
[15.907935] (-) TimerEvent: {}
[16.008485] (-) TimerEvent: {}
[16.109063] (-) TimerEvent: {}
[16.209691] (-) TimerEvent: {}
[16.310506] (-) TimerEvent: {}
[16.379681] (final_challenge) StdoutLine: {'line': b'running develop\n'}
[16.410657] (-) TimerEvent: {}
[16.511337] (-) TimerEvent: {}
[16.612093] (-) TimerEvent: {}
[16.712660] (-) TimerEvent: {}
[16.813311] (-) TimerEvent: {}
[16.914015] (-) TimerEvent: {}
[17.014732] (-) TimerEvent: {}
[17.115295] (-) TimerEvent: {}
[17.216262] (-) TimerEvent: {}
[17.316928] (-) TimerEvent: {}
[17.371723] (final_challenge) StdoutLine: {'line': b'running egg_info\n'}
[17.373595] (final_challenge) StdoutLine: {'line': b'writing final_challenge.egg-info/PKG-INFO\n'}
[17.377109] (final_challenge) StdoutLine: {'line': b'writing dependency_links to final_challenge.egg-info/dependency_links.txt\n'}
[17.381189] (final_challenge) StdoutLine: {'line': b'writing entry points to final_challenge.egg-info/entry_points.txt\n'}
[17.384273] (final_challenge) StdoutLine: {'line': b'writing requirements to final_challenge.egg-info/requires.txt\n'}
[17.386556] (final_challenge) StdoutLine: {'line': b'writing top-level names to final_challenge.egg-info/top_level.txt\n'}
[17.417090] (-) TimerEvent: {}
[17.517633] (-) TimerEvent: {}
[17.539844] (final_challenge) StdoutLine: {'line': b"reading manifest file 'final_challenge.egg-info/SOURCES.txt'\n"}
[17.593129] (final_challenge) StdoutLine: {'line': b"writing manifest file 'final_challenge.egg-info/SOURCES.txt'\n"}
[17.617834] (-) TimerEvent: {}
[17.718704] (-) TimerEvent: {}
[17.819366] (-) TimerEvent: {}
[17.919965] (-) TimerEvent: {}
[18.020569] (-) TimerEvent: {}
[18.022770] (final_challenge) StdoutLine: {'line': b'running build_ext\n'}
[18.038360] (final_challenge) StdoutLine: {'line': b'Creating /home/racecar/racecar_ws/src/final_challenge2024/install/final_challenge/lib/python3.8/site-packages/final-challenge.egg-link (link to .)\n'}
[18.057434] (final_challenge) StdoutLine: {'line': b'\n'}
[18.058210] (final_challenge) StdoutLine: {'line': b'Installed /home/racecar/racecar_ws/src/final_challenge2024/build/final_challenge\n'}
[18.060599] (final_challenge) StdoutLine: {'line': b'running install_data\n'}
[18.112576] (final_challenge) StdoutLine: {'line': b'copying config/sim_config.yaml -> /home/racecar/racecar_ws/src/final_challenge2024/install/final_challenge/share/final_challenge/config\n'}
[18.120670] (-) TimerEvent: {}
[18.158095] (final_challenge) CommandEnded: {'returncode': 0}
[18.220812] (-) TimerEvent: {}
[18.321256] (-) TimerEvent: {}
[18.422074] (-) TimerEvent: {}
[18.522701] (-) TimerEvent: {}
[18.623503] (-) TimerEvent: {}
[18.724292] (-) TimerEvent: {}
[18.824889] (-) TimerEvent: {}
[18.859771] (final_challenge) JobEnded: {'identifier': 'final_challenge', 'rc': 0}
[18.867550] (-) EventReactorShutdown: {}
