[7.522s] DEBUG:colcon:Command line arguments: ['/usr/bin/colcon', 'build', '--symlink-install']
[7.523s] DEBUG:colcon:Parsed command line arguments: Namespace(ament_cmake_args=None, base_paths=['.'], build_base='build', catkin_cmake_args=None, catkin_skip_building_tests=False, cmake_args=None, cmake_clean_cache=False, cmake_clean_first=False, cmake_force_configure=False, cmake_target=None, cmake_target_skip_unavailable=False, continue_on_error=False, event_handlers=None, executor='parallel', ignore_user_meta=False, install_base='install', log_base=None, log_level=None, main=<bound method BuildVerb.main of <colcon_core.verb.build.BuildVerb object at 0x7f8d52d850d0>>, merge_install=False, metas=['./colcon.meta'], packages_above=None, packages_above_and_dependencies=None, packages_above_depth=None, packages_end=None, packages_ignore=None, packages_ignore_regex=None, packages_select=None, packages_select_build_failed=False, packages_select_by_dep=None, packages_select_regex=None, packages_select_test_failures=False, packages_skip=None, packages_skip_build_finished=False, packages_skip_by_dep=None, packages_skip_regex=None, packages_skip_test_passed=False, packages_skip_up_to=None, packages_start=None, packages_up_to=None, packages_up_to_regex=None, parallel_workers=8, paths=None, symlink_install=True, test_result_base=None, verb_extension=<colcon_core.verb.build.BuildVerb object at 0x7f8d52d850d0>, verb_name='build', verb_parser=<colcon_defaults.argument_parser.defaults.DefaultArgumentsDecorator object at 0x7f8d52a166d0>)
[8.015s] Level 1:colcon.colcon_core.package_discovery:discover_packages(colcon_meta) check parameters
[8.016s] Level 1:colcon.colcon_core.package_discovery:discover_packages(recursive) check parameters
[8.016s] Level 1:colcon.colcon_core.package_discovery:discover_packages(ignore) check parameters
[8.017s] Level 1:colcon.colcon_core.package_discovery:discover_packages(path) check parameters
[8.017s] Level 1:colcon.colcon_core.package_discovery:discover_packages(colcon_meta) discover
[8.017s] Level 1:colcon.colcon_core.package_discovery:discover_packages(recursive) discover
[8.018s] INFO:colcon.colcon_core.package_discovery:Crawling recursively for packages in '/home/racecar/racecar_ws/src/final_challenge2024'
[8.019s] Level 1:colcon.colcon_core.package_identification:_identify(.) by extensions ['ignore', 'ignore_ament_install']
[8.020s] Level 1:colcon.colcon_core.package_identification:_identify(.) by extension 'ignore'
[8.020s] Level 1:colcon.colcon_core.package_identification:_identify(.) by extension 'ignore_ament_install'
[8.021s] Level 1:colcon.colcon_core.package_identification:_identify(.) by extensions ['colcon_pkg']
[8.021s] Level 1:colcon.colcon_core.package_identification:_identify(.) by extension 'colcon_pkg'
[8.021s] Level 1:colcon.colcon_core.package_identification:_identify(.) by extensions ['colcon_meta']
[8.021s] Level 1:colcon.colcon_core.package_identification:_identify(.) by extension 'colcon_meta'
[8.022s] Level 1:colcon.colcon_core.package_identification:_identify(.) by extensions ['ros']
[8.022s] Level 1:colcon.colcon_core.package_identification:_identify(.) by extension 'ros'
[8.061s] Level 1:colcon.colcon_core.package_identification:_identify(.) by extensions ['cmake', 'python']
[8.061s] Level 1:colcon.colcon_core.package_identification:_identify(.) by extension 'cmake'
[8.061s] Level 1:colcon.colcon_core.package_identification:_identify(.) by extension 'python'
[8.061s] Level 1:colcon.colcon_core.package_identification:_identify(.) by extensions ['python_setup_py']
[8.062s] Level 1:colcon.colcon_core.package_identification:_identify(.) by extension 'python_setup_py'
[8.064s] Level 1:colcon.colcon_core.package_identification:_identify(build) by extensions ['ignore', 'ignore_ament_install']
[8.064s] Level 1:colcon.colcon_core.package_identification:_identify(build) by extension 'ignore'
[8.065s] Level 1:colcon.colcon_core.package_identification:_identify(build) ignored
[8.067s] Level 1:colcon.colcon_core.package_identification:_identify(city_driving) by extensions ['ignore', 'ignore_ament_install']
[8.067s] Level 1:colcon.colcon_core.package_identification:_identify(city_driving) by extension 'ignore'
[8.071s] Level 1:colcon.colcon_core.package_identification:_identify(city_driving) by extension 'ignore_ament_install'
[8.073s] Level 1:colcon.colcon_core.package_identification:_identify(city_driving) by extensions ['colcon_pkg']
[8.074s] Level 1:colcon.colcon_core.package_identification:_identify(city_driving) by extension 'colcon_pkg'
[8.075s] Level 1:colcon.colcon_core.package_identification:_identify(city_driving) by extensions ['colcon_meta']
[8.075s] Level 1:colcon.colcon_core.package_identification:_identify(city_driving) by extension 'colcon_meta'
[8.075s] Level 1:colcon.colcon_core.package_identification:_identify(city_driving) by extensions ['ros']
[8.075s] Level 1:colcon.colcon_core.package_identification:_identify(city_driving) by extension 'ros'
[8.077s] Level 1:colcon.colcon_core.package_identification:_identify(city_driving) by extensions ['cmake', 'python']
[8.078s] Level 1:colcon.colcon_core.package_identification:_identify(city_driving) by extension 'cmake'
[8.078s] Level 1:colcon.colcon_core.package_identification:_identify(city_driving) by extension 'python'
[8.079s] Level 1:colcon.colcon_core.package_identification:_identify(city_driving) by extensions ['python_setup_py']
[8.079s] Level 1:colcon.colcon_core.package_identification:_identify(city_driving) by extension 'python_setup_py'
[8.083s] Level 1:colcon.colcon_core.package_identification:_identify(city_driving/stop_detector) by extensions ['ignore', 'ignore_ament_install']
[8.084s] Level 1:colcon.colcon_core.package_identification:_identify(city_driving/stop_detector) by extension 'ignore'
[8.084s] Level 1:colcon.colcon_core.package_identification:_identify(city_driving/stop_detector) by extension 'ignore_ament_install'
[8.086s] Level 1:colcon.colcon_core.package_identification:_identify(city_driving/stop_detector) by extensions ['colcon_pkg']
[8.086s] Level 1:colcon.colcon_core.package_identification:_identify(city_driving/stop_detector) by extension 'colcon_pkg'
[8.087s] Level 1:colcon.colcon_core.package_identification:_identify(city_driving/stop_detector) by extensions ['colcon_meta']
[8.087s] Level 1:colcon.colcon_core.package_identification:_identify(city_driving/stop_detector) by extension 'colcon_meta'
[8.089s] Level 1:colcon.colcon_core.package_identification:_identify(city_driving/stop_detector) by extensions ['ros']
[8.089s] Level 1:colcon.colcon_core.package_identification:_identify(city_driving/stop_detector) by extension 'ros'
[8.092s] Level 1:colcon.colcon_core.package_identification:_identify(city_driving/stop_detector) by extensions ['cmake', 'python']
[8.093s] Level 1:colcon.colcon_core.package_identification:_identify(city_driving/stop_detector) by extension 'cmake'
[8.094s] Level 1:colcon.colcon_core.package_identification:_identify(city_driving/stop_detector) by extension 'python'
[8.095s] Level 1:colcon.colcon_core.package_identification:_identify(city_driving/stop_detector) by extensions ['python_setup_py']
[8.095s] Level 1:colcon.colcon_core.package_identification:_identify(city_driving/stop_detector) by extension 'python_setup_py'
[8.097s] Level 1:colcon.colcon_core.package_identification:_identify(final_challenge) by extensions ['ignore', 'ignore_ament_install']
[8.097s] Level 1:colcon.colcon_core.package_identification:_identify(final_challenge) by extension 'ignore'
[8.097s] Level 1:colcon.colcon_core.package_identification:_identify(final_challenge) by extension 'ignore_ament_install'
[8.098s] Level 1:colcon.colcon_core.package_identification:_identify(final_challenge) by extensions ['colcon_pkg']
[8.098s] Level 1:colcon.colcon_core.package_identification:_identify(final_challenge) by extension 'colcon_pkg'
[8.098s] Level 1:colcon.colcon_core.package_identification:_identify(final_challenge) by extensions ['colcon_meta']
[8.099s] Level 1:colcon.colcon_core.package_identification:_identify(final_challenge) by extension 'colcon_meta'
[8.099s] Level 1:colcon.colcon_core.package_identification:_identify(final_challenge) by extensions ['ros']
[8.099s] Level 1:colcon.colcon_core.package_identification:_identify(final_challenge) by extension 'ros'
[8.117s] DEBUG:colcon.colcon_core.package_identification:Package 'final_challenge' with type 'ros.ament_python' and name 'final_challenge'
[8.120s] Level 1:colcon.colcon_core.package_identification:_identify(install) by extensions ['ignore', 'ignore_ament_install']
[8.120s] Level 1:colcon.colcon_core.package_identification:_identify(install) by extension 'ignore'
[8.121s] Level 1:colcon.colcon_core.package_identification:_identify(install) ignored
[8.124s] Level 1:colcon.colcon_core.package_identification:_identify(log) by extensions ['ignore', 'ignore_ament_install']
[8.124s] Level 1:colcon.colcon_core.package_identification:_identify(log) by extension 'ignore'
[8.125s] Level 1:colcon.colcon_core.package_identification:_identify(log) ignored
[8.126s] Level 1:colcon.colcon_core.package_identification:_identify(media) by extensions ['ignore', 'ignore_ament_install']
[8.127s] Level 1:colcon.colcon_core.package_identification:_identify(media) by extension 'ignore'
[8.127s] Level 1:colcon.colcon_core.package_identification:_identify(media) by extension 'ignore_ament_install'
[8.128s] Level 1:colcon.colcon_core.package_identification:_identify(media) by extensions ['colcon_pkg']
[8.128s] Level 1:colcon.colcon_core.package_identification:_identify(media) by extension 'colcon_pkg'
[8.128s] Level 1:colcon.colcon_core.package_identification:_identify(media) by extensions ['colcon_meta']
[8.129s] Level 1:colcon.colcon_core.package_identification:_identify(media) by extension 'colcon_meta'
[8.129s] Level 1:colcon.colcon_core.package_identification:_identify(media) by extensions ['ros']
[8.130s] Level 1:colcon.colcon_core.package_identification:_identify(media) by extension 'ros'
[8.132s] Level 1:colcon.colcon_core.package_identification:_identify(media) by extensions ['cmake', 'python']
[8.132s] Level 1:colcon.colcon_core.package_identification:_identify(media) by extension 'cmake'
[8.133s] Level 1:colcon.colcon_core.package_identification:_identify(media) by extension 'python'
[8.134s] Level 1:colcon.colcon_core.package_identification:_identify(media) by extensions ['python_setup_py']
[8.134s] Level 1:colcon.colcon_core.package_identification:_identify(media) by extension 'python_setup_py'
[8.135s] Level 1:colcon.colcon_core.package_discovery:discover_packages(recursive) using defaults
[8.135s] Level 1:colcon.colcon_core.package_discovery:discover_packages(ignore) discover
[8.135s] Level 1:colcon.colcon_core.package_discovery:discover_packages(ignore) using defaults
[8.135s] Level 1:colcon.colcon_core.package_discovery:discover_packages(path) discover
[8.135s] Level 1:colcon.colcon_core.package_discovery:discover_packages(path) using defaults
[8.769s] Level 5:colcon.colcon_core.verb:set package 'final_challenge' build argument 'cmake_args' from command line to 'None'
[8.769s] Level 5:colcon.colcon_core.verb:set package 'final_challenge' build argument 'cmake_target' from command line to 'None'
[8.769s] Level 5:colcon.colcon_core.verb:set package 'final_challenge' build argument 'cmake_target_skip_unavailable' from command line to 'False'
[8.770s] Level 5:colcon.colcon_core.verb:set package 'final_challenge' build argument 'cmake_clean_cache' from command line to 'False'
[8.770s] Level 5:colcon.colcon_core.verb:set package 'final_challenge' build argument 'cmake_clean_first' from command line to 'False'
[8.770s] Level 5:colcon.colcon_core.verb:set package 'final_challenge' build argument 'cmake_force_configure' from command line to 'False'
[8.770s] Level 5:colcon.colcon_core.verb:set package 'final_challenge' build argument 'ament_cmake_args' from command line to 'None'
[8.770s] Level 5:colcon.colcon_core.verb:set package 'final_challenge' build argument 'catkin_cmake_args' from command line to 'None'
[8.770s] Level 5:colcon.colcon_core.verb:set package 'final_challenge' build argument 'catkin_skip_building_tests' from command line to 'False'
[8.770s] DEBUG:colcon.colcon_core.verb:Building package 'final_challenge' with the following arguments: {'ament_cmake_args': None, 'build_base': '/home/racecar/racecar_ws/src/final_challenge2024/build/final_challenge', 'catkin_cmake_args': None, 'catkin_skip_building_tests': False, 'cmake_args': None, 'cmake_clean_cache': False, 'cmake_clean_first': False, 'cmake_force_configure': False, 'cmake_target': None, 'cmake_target_skip_unavailable': False, 'install_base': '/home/racecar/racecar_ws/src/final_challenge2024/install/final_challenge', 'merge_install': False, 'path': '/home/racecar/racecar_ws/src/final_challenge2024/final_challenge', 'symlink_install': True, 'test_result_base': None}
[8.856s] INFO:colcon.colcon_core.executor:Executing jobs using 'parallel' executor
[8.947s] DEBUG:colcon.colcon_parallel_executor.executor.parallel:run_until_complete
[8.948s] INFO:colcon.colcon_ros.task.ament_python.build:Building ROS package in '/home/racecar/racecar_ws/src/final_challenge2024/final_challenge' with build type 'ament_python'
[8.948s] Level 1:colcon.colcon_core.shell:create_environment_hook('final_challenge', 'ament_prefix_path')
[9.101s] INFO:colcon.colcon_core.plugin_system:Skipping extension 'colcon_core.shell.bat': Not used on non-Windows systems
[9.102s] INFO:colcon.colcon_core.shell:Creating environment hook '/home/racecar/racecar_ws/src/final_challenge2024/install/final_challenge/share/final_challenge/hook/ament_prefix_path.ps1'
[9.112s] INFO:colcon.colcon_core.shell:Creating environment descriptor '/home/racecar/racecar_ws/src/final_challenge2024/install/final_challenge/share/final_challenge/hook/ament_prefix_path.dsv'
[9.122s] INFO:colcon.colcon_core.shell:Creating environment hook '/home/racecar/racecar_ws/src/final_challenge2024/install/final_challenge/share/final_challenge/hook/ament_prefix_path.sh'
[9.225s] INFO:colcon.colcon_core.shell:Skip shell extension 'powershell' for command environment: Not usable outside of PowerShell
[9.226s] DEBUG:colcon.colcon_core.shell:Skip shell extension 'dsv' for command environment
[13.985s] INFO:colcon.colcon_core.task.python.build:Building Python package in '/home/racecar/racecar_ws/src/final_challenge2024/final_challenge'
[14.077s] INFO:colcon.colcon_core.shell:Skip shell extension 'powershell' for command environment: Not usable outside of PowerShell
[14.077s] DEBUG:colcon.colcon_core.shell:Skip shell extension 'dsv' for command environment
[20.883s] DEBUG:colcon.colcon_core.event_handler.log_command:Invoking command in '/home/racecar/racecar_ws/src/final_challenge2024/build/final_challenge': PYTHONPATH=/home/racecar/racecar_ws/src/final_challenge2024/build/final_challenge/prefix_override:/home/racecar/racecar_ws/src/final_challenge2024/install/final_challenge/lib/python3.8/site-packages:${PYTHONPATH} /usr/bin/python3 setup.py develop --editable --build-directory /home/racecar/racecar_ws/src/final_challenge2024/build/final_challenge/build --no-deps install_data
[27.107s] Level 1:colcon.colcon_core.shell:create_environment_hook('final_challenge', 'pythonpath_develop')
[27.109s] DEBUG:colcon.colcon_core.event_handler.log_command:Invoked command in '/home/racecar/racecar_ws/src/final_challenge2024/build/final_challenge' returned '0': PYTHONPATH=/home/racecar/racecar_ws/src/final_challenge2024/build/final_challenge/prefix_override:/home/racecar/racecar_ws/src/final_challenge2024/install/final_challenge/lib/python3.8/site-packages:${PYTHONPATH} /usr/bin/python3 setup.py develop --editable --build-directory /home/racecar/racecar_ws/src/final_challenge2024/build/final_challenge/build --no-deps install_data
[27.195s] INFO:colcon.colcon_core.shell:Creating environment hook '/home/racecar/racecar_ws/src/final_challenge2024/build/final_challenge/share/final_challenge/hook/pythonpath_develop.ps1'
[27.211s] INFO:colcon.colcon_core.shell:Creating environment descriptor '/home/racecar/racecar_ws/src/final_challenge2024/build/final_challenge/share/final_challenge/hook/pythonpath_develop.dsv'
[27.222s] INFO:colcon.colcon_core.shell:Creating environment hook '/home/racecar/racecar_ws/src/final_challenge2024/build/final_challenge/share/final_challenge/hook/pythonpath_develop.sh'
[27.392s] Level 1:colcon.colcon_core.environment:checking '/home/racecar/racecar_ws/src/final_challenge2024/install/final_challenge' for CMake module files
[27.435s] Level 1:colcon.colcon_core.environment:checking '/home/racecar/racecar_ws/src/final_challenge2024/install/final_challenge' for CMake config files
[27.505s] Level 1:colcon.colcon_core.environment:checking '/home/racecar/racecar_ws/src/final_challenge2024/install/final_challenge/lib'
[27.508s] Level 1:colcon.colcon_core.environment:checking '/home/racecar/racecar_ws/src/final_challenge2024/install/final_challenge/bin'
[27.510s] Level 1:colcon.colcon_core.environment:checking '/home/racecar/racecar_ws/src/final_challenge2024/install/final_challenge/lib/pkgconfig/final_challenge.pc'
[27.511s] Level 1:colcon.colcon_core.environment:checking '/home/racecar/racecar_ws/src/final_challenge2024/install/final_challenge/lib/python3.8/site-packages'
[27.514s] Level 1:colcon.colcon_core.shell:create_environment_hook('final_challenge', 'pythonpath')
[27.602s] INFO:colcon.colcon_core.shell:Creating environment hook '/home/racecar/racecar_ws/src/final_challenge2024/install/final_challenge/share/final_challenge/hook/pythonpath.ps1'
[27.616s] INFO:colcon.colcon_core.shell:Creating environment descriptor '/home/racecar/racecar_ws/src/final_challenge2024/install/final_challenge/share/final_challenge/hook/pythonpath.dsv'
[27.632s] INFO:colcon.colcon_core.shell:Creating environment hook '/home/racecar/racecar_ws/src/final_challenge2024/install/final_challenge/share/final_challenge/hook/pythonpath.sh'
[27.642s] Level 1:colcon.colcon_core.environment:checking '/home/racecar/racecar_ws/src/final_challenge2024/install/final_challenge/bin'
[27.643s] Level 1:colcon.colcon_core.environment:create_environment_scripts_only(final_challenge)
[27.738s] INFO:colcon.colcon_core.shell:Creating package script '/home/racecar/racecar_ws/src/final_challenge2024/install/final_challenge/share/final_challenge/package.ps1'
[27.752s] INFO:colcon.colcon_core.shell:Creating package descriptor '/home/racecar/racecar_ws/src/final_challenge2024/install/final_challenge/share/final_challenge/package.dsv'
[27.766s] INFO:colcon.colcon_core.shell:Creating package script '/home/racecar/racecar_ws/src/final_challenge2024/install/final_challenge/share/final_challenge/package.sh'
[27.775s] INFO:colcon.colcon_core.shell:Creating package script '/home/racecar/racecar_ws/src/final_challenge2024/install/final_challenge/share/final_challenge/package.bash'
[27.791s] INFO:colcon.colcon_core.shell:Creating package script '/home/racecar/racecar_ws/src/final_challenge2024/install/final_challenge/share/final_challenge/package.zsh'
[27.802s] Level 1:colcon.colcon_core.environment:create_file_with_runtime_dependencies(/home/racecar/racecar_ws/src/final_challenge2024/install/final_challenge/share/colcon-core/packages/final_challenge)
[27.809s] DEBUG:colcon.colcon_parallel_executor.executor.parallel:closing loop
[27.810s] DEBUG:colcon.colcon_parallel_executor.executor.parallel:loop closed
[27.810s] DEBUG:colcon.colcon_parallel_executor.executor.parallel:run_until_complete finished with '0'
[27.810s] DEBUG:colcon.colcon_core.event_reactor:joining thread
[28.006s] INFO:colcon.colcon_core.plugin_system:Skipping extension 'colcon_notification.desktop_notification.notify_send': Could not find 'notify-send'
[28.008s] INFO:colcon.colcon_core.plugin_system:Skipping extension 'colcon_notification.desktop_notification.terminal_notifier': Not used on non-Darwin systems
[28.008s] INFO:colcon.colcon_core.plugin_system:Skipping extension 'colcon_notification.desktop_notification.win32': Not used on non-Windows systems
[28.008s] INFO:colcon.colcon_notification.desktop_notification:Sending desktop notification using 'notify2'
[31.210s] DEBUG:colcon.colcon_notification.desktop_notification.notify2:Failed to initialize notify2: org.freedesktop.DBus.Error.Spawn.ExecFailed: /usr/bin/dbus-launch terminated abnormally with the following error: Autolaunch error: X11 initialization failed.

[31.211s] DEBUG:colcon.colcon_core.event_reactor:joined thread
[31.301s] INFO:colcon.colcon_core.shell:Creating prefix script '/home/racecar/racecar_ws/src/final_challenge2024/install/local_setup.ps1'
[31.311s] INFO:colcon.colcon_core.shell:Creating prefix util module '/home/racecar/racecar_ws/src/final_challenge2024/install/_local_setup_util_ps1.py'
[31.319s] INFO:colcon.colcon_core.shell:Creating prefix chain script '/home/racecar/racecar_ws/src/final_challenge2024/install/setup.ps1'
[31.464s] INFO:colcon.colcon_core.shell:Creating prefix script '/home/racecar/racecar_ws/src/final_challenge2024/install/local_setup.sh'
[31.471s] INFO:colcon.colcon_core.shell:Creating prefix util module '/home/racecar/racecar_ws/src/final_challenge2024/install/_local_setup_util_sh.py'
[31.477s] INFO:colcon.colcon_core.shell:Creating prefix chain script '/home/racecar/racecar_ws/src/final_challenge2024/install/setup.sh'
[31.624s] INFO:colcon.colcon_core.shell:Creating prefix script '/home/racecar/racecar_ws/src/final_challenge2024/install/local_setup.bash'
[31.629s] INFO:colcon.colcon_core.shell:Creating prefix chain script '/home/racecar/racecar_ws/src/final_challenge2024/install/setup.bash'
[31.772s] INFO:colcon.colcon_core.shell:Creating prefix script '/home/racecar/racecar_ws/src/final_challenge2024/install/local_setup.zsh'
[31.777s] INFO:colcon.colcon_core.shell:Creating prefix chain script '/home/racecar/racecar_ws/src/final_challenge2024/install/setup.zsh'
