[0.000000] (-) TimerEvent: {}
[0.000726] (final_challenge) JobQueued: {'identifier': 'final_challenge', 'dependencies': OrderedDict()}
[0.001569] (final_challenge) JobStarted: {'identifier': 'final_challenge'}
[0.097002] (-) TimerEvent: {}
[0.197597] (-) TimerEvent: {}
[0.298465] (-) TimerEvent: {}
[0.399193] (-) TimerEvent: {}
[0.500871] (-) TimerEvent: {}
[0.601644] (-) TimerEvent: {}
[0.702650] (-) TimerEvent: {}
[0.803450] (-) TimerEvent: {}
[0.904215] (-) TimerEvent: {}
[1.006310] (-) TimerEvent: {}
[1.107116] (-) TimerEvent: {}
[1.207897] (-) TimerEvent: {}
[1.309678] (-) TimerEvent: {}
[1.410626] (-) TimerEvent: {}
[1.511754] (-) TimerEvent: {}
[1.612492] (-) TimerEvent: {}
[1.713142] (-) TimerEvent: {}
[1.813828] (-) TimerEvent: {}
[1.914613] (-) TimerEvent: {}
[2.015421] (-) TimerEvent: {}
[2.116179] (-) TimerEvent: {}
[2.216823] (-) TimerEvent: {}
[2.317450] (-) TimerEvent: {}
[2.418181] (-) TimerEvent: {}
[2.518801] (-) TimerEvent: {}
[2.619819] (-) TimerEvent: {}
[2.721236] (-) TimerEvent: {}
[2.822060] (-) TimerEvent: {}
[2.923207] (-) TimerEvent: {}
[3.023941] (-) TimerEvent: {}
[3.124757] (-) TimerEvent: {}
[3.225407] (-) TimerEvent: {}
[3.325964] (-) TimerEvent: {}
[3.426859] (-) TimerEvent: {}
[3.527484] (-) TimerEvent: {}
[3.628138] (-) TimerEvent: {}
[3.728946] (-) TimerEvent: {}
[3.829587] (-) TimerEvent: {}
[3.930326] (-) TimerEvent: {}
[4.031018] (-) TimerEvent: {}
[4.131602] (-) TimerEvent: {}
[4.232228] (-) TimerEvent: {}
[4.333026] (-) TimerEvent: {}
[4.433659] (-) TimerEvent: {}
[4.534524] (-) TimerEvent: {}
[4.635185] (-) TimerEvent: {}
[4.736307] (-) TimerEvent: {}
[4.837074] (-) TimerEvent: {}
[4.937805] (-) TimerEvent: {}
[5.038611] (-) TimerEvent: {}
[5.139758] (-) TimerEvent: {}
[5.240860] (-) TimerEvent: {}
[5.341960] (-) TimerEvent: {}
[5.442886] (-) TimerEvent: {}
[5.543584] (-) TimerEvent: {}
[5.644335] (-) TimerEvent: {}
[5.745035] (-) TimerEvent: {}
[5.845682] (-) TimerEvent: {}
[5.946358] (-) TimerEvent: {}
[6.047067] (-) TimerEvent: {}
[6.148652] (-) TimerEvent: {}
[6.249254] (-) TimerEvent: {}
[6.350119] (-) TimerEvent: {}
[6.451602] (-) TimerEvent: {}
[6.552519] (-) TimerEvent: {}
[6.654466] (-) TimerEvent: {}
[6.755361] (-) TimerEvent: {}
[6.856130] (-) TimerEvent: {}
[6.957506] (-) TimerEvent: {}
[7.058379] (-) TimerEvent: {}
[7.159210] (-) TimerEvent: {}
[7.260422] (-) TimerEvent: {}
[7.360995] (-) TimerEvent: {}
[7.461588] (-) TimerEvent: {}
[7.562191] (-) TimerEvent: {}
[7.662852] (-) TimerEvent: {}
[7.763523] (-) TimerEvent: {}
[7.864131] (-) TimerEvent: {}
[7.965194] (-) TimerEvent: {}
[8.066046] (-) TimerEvent: {}
[8.166708] (-) TimerEvent: {}
[8.267489] (-) TimerEvent: {}
[8.368519] (-) TimerEvent: {}
[8.469187] (-) TimerEvent: {}
[8.569860] (-) TimerEvent: {}
[8.670475] (-) TimerEvent: {}
[8.771161] (-) TimerEvent: {}
[8.871977] (-) TimerEvent: {}
[8.972705] (-) TimerEvent: {}
[9.073383] (-) TimerEvent: {}
[9.174194] (-) TimerEvent: {}
[9.275154] (-) TimerEvent: {}
[9.375872] (-) TimerEvent: {}
[9.476634] (-) TimerEvent: {}
[9.577310] (-) TimerEvent: {}
[9.677997] (-) TimerEvent: {}
[9.778819] (-) TimerEvent: {}
[9.879696] (-) TimerEvent: {}
[9.980395] (-) TimerEvent: {}
[10.081293] (-) TimerEvent: {}
[10.182076] (-) TimerEvent: {}
[10.282868] (-) TimerEvent: {}
[10.383613] (-) TimerEvent: {}
[10.484283] (-) TimerEvent: {}
[10.586488] (-) TimerEvent: {}
[10.687075] (-) TimerEvent: {}
[10.787761] (-) TimerEvent: {}
[10.888377] (-) TimerEvent: {}
[10.989067] (-) TimerEvent: {}
[11.089774] (-) TimerEvent: {}
[11.190350] (-) TimerEvent: {}
[11.291024] (-) TimerEvent: {}
[11.391738] (-) TimerEvent: {}
[11.492567] (-) TimerEvent: {}
[11.593168] (-) TimerEvent: {}
[11.693958] (-) TimerEvent: {}
[11.794576] (-) TimerEvent: {}
[11.895653] (-) TimerEvent: {}
[11.996330] (-) TimerEvent: {}
[12.097168] (-) TimerEvent: {}
[12.197981] (-) TimerEvent: {}
[12.298649] (-) TimerEvent: {}
[12.399363] (-) TimerEvent: {}
[12.500045] (-) TimerEvent: {}
[12.600714] (-) TimerEvent: {}
[12.701472] (-) TimerEvent: {}
[12.802159] (-) TimerEvent: {}
[12.903163] (-) TimerEvent: {}
[13.003990] (-) TimerEvent: {}
[13.104643] (-) TimerEvent: {}
[13.205522] (-) TimerEvent: {}
[13.306395] (-) TimerEvent: {}
[13.407031] (-) TimerEvent: {}
[13.507741] (-) TimerEvent: {}
[13.608343] (-) TimerEvent: {}
[13.709064] (-) TimerEvent: {}
[13.809866] (-) TimerEvent: {}
[13.910496] (-) TimerEvent: {}
[14.011208] (-) TimerEvent: {}
[14.112021] (-) TimerEvent: {}
[14.212831] (-) TimerEvent: {}
[14.313508] (-) TimerEvent: {}
[14.414136] (-) TimerEvent: {}
[14.477835] (final_challenge) Command: {'cmd': ['/usr/bin/python3', 'setup.py', 'develop', '--editable', '--build-directory', '/home/racecar/racecar_ws/src/final_challenge2024/final_challenge/build/final_challenge/build', '--no-deps', 'install_data'], 'cwd': '/home/racecar/racecar_ws/src/final_challenge2024/final_challenge/build/final_challenge', 'env': {'PYTHONIOENCODING': 'utf-8', 'HOSTNAME': '04bf17013a04', 'SSH_AGENT_PID': '1102', 'GIT_ASKPASS': '/home/racecar/.vscode-server/bin/8b3775030ed1a69b13e4f4c628c612102e30a681/extensions/git/dist/askpass.sh', 'SHLVL': '1', 'LD_LIBRARY_PATH': '/home/racecar/racecar_ws/install/vs_msgs/lib:/home/racecar/racecar_ws/install/custom_msgs/lib:/opt/ros/foxy/opt/yaml_cpp_vendor/lib:/opt/ros/foxy/opt/rviz_ogre_vendor/lib:/opt/ros/foxy/lib/x86_64-linux-gnu:/opt/ros/foxy/lib', 'BROWSER': '/home/racecar/.vscode-server/bin/8b3775030ed1a69b13e4f4c628c612102e30a681/bin/helpers/browser.sh', 'HOME': '/home/racecar', 'OLDPWD': '/home/racecar/racecar_ws/src/final_challenge2024', 'TERM_PROGRAM_VERSION': '1.85.2', 'VSCODE_IPC_HOOK_CLI': '/tmp/vscode-ipc-e1331d22-28c0-4c71-82b5-8cb010867826.sock', 'ROS_PYTHON_VERSION': '3', 'VSCODE_GIT_ASKPASS_MAIN': '/home/racecar/.vscode-server/bin/8b3775030ed1a69b13e4f4c628c612102e30a681/extensions/git/dist/askpass-main.js', 'VSCODE_GIT_ASKPASS_NODE': '/home/racecar/.vscode-server/bin/8b3775030ed1a69b13e4f4c628c612102e30a681/node', 'COLORTERM': 'truecolor', 'REMOTE_CONTAINERS': 'true', 'COLCON_PREFIX_PATH': '/home/racecar/racecar_ws/install:/home/sim_ws/install', 'ROS_DISTRO': 'foxy', 'REMOTE_CONTAINERS_IPC': '/tmp/vscode-remote-containers-ipc-81d13247-f535-4431-8394-e7b4095d6e89.sock', '_': '/usr/bin/colcon', 'ROS_VERSION': '2', 'TERM': 'xterm-256color', 'ROS_LOCALHOST_ONLY': '0', 'PATH': '/opt/ros/foxy/bin:/home/racecar/.vscode-server/bin/8b3775030ed1a69b13e4f4c628c612102e30a681/bin/remote-cli:/usr/local/sbin:/usr/local/bin:/usr/sbin:/usr/bin:/sbin:/bin', 'DISPLAY': '172.18.192.1:0.0', 'LANG': 'en_US.UTF-8', 'VSCODE_GIT_IPC_HANDLE': '/tmp/vscode-git-aec1aa4683.sock', 'TERM_PROGRAM': 'vscode', 'SSH_AUTH_SOCK': '/tmp/ssh-xiFwpqjhmxFw/agent.1101', 'AMENT_PREFIX_PATH': '/home/sim_ws/install/racecar_simulator:/home/racecar/racecar_ws/install/wall_follower:/home/racecar/racecar_ws/install/vs_msgs:/home/racecar/racecar_ws/install/visual_servoing:/home/racecar/racecar_ws/install/safety_controller:/home/racecar/racecar_ws/install/ros_exercises:/home/racecar/racecar_ws/install/localization:/opt/ros/foxy', 'SHELL': '/bin/bash', 'SIM_WS': '/home/sim_ws', 'VSCODE_GIT_ASKPASS_EXTRA_ARGS': '', 'PWD': '/home/racecar/racecar_ws/src/final_challenge2024/final_challenge/build/final_challenge', 'PYTHONPATH': '/home/racecar/racecar_ws/src/final_challenge2024/final_challenge/build/final_challenge/prefix_override:/home/racecar/racecar_ws/src/final_challenge2024/final_challenge/install/final_challenge/lib/python3.8/site-packages:/home/racecar/racecar_ws/build/wall_follower:/home/racecar/racecar_ws/install/wall_follower/lib/python3.8/site-packages:/home/racecar/racecar_ws/install/vs_msgs/lib/python3.8/site-packages:/home/racecar/racecar_ws/build/visual_servoing:/home/racecar/racecar_ws/install/visual_servoing/lib/python3.8/site-packages:/home/racecar/racecar_ws/build/safety_controller:/home/racecar/racecar_ws/install/safety_controller/lib/python3.8/site-packages:/home/racecar/racecar_ws/build/ros_exercises:/home/racecar/racecar_ws/install/ros_exercises/lib/python3.8/site-packages:/home/racecar/racecar_ws/build/localization:/home/racecar/racecar_ws/install/localization/lib/python3.8/site-packages:/home/racecar/racecar_ws/install/custom_msgs/lib/python3.8/site-packages:/opt/ros/foxy/lib/python3.8/site-packages', 'NO_VNC_VERSION': '1.4.0', 'COLCON': '1', 'CMAKE_PREFIX_PATH': '/home/sim_ws/install/racecar_simulator:/home/racecar/racecar_ws/install/vs_msgs:/home/racecar/racecar_ws/install/custom_msgs'}, 'shell': False}
[14.514272] (-) TimerEvent: {}
[14.614960] (-) TimerEvent: {}
[14.715827] (-) TimerEvent: {}
[14.816730] (-) TimerEvent: {}
[14.917295] (-) TimerEvent: {}
[15.017997] (-) TimerEvent: {}
[15.118674] (-) TimerEvent: {}
[15.219478] (-) TimerEvent: {}
[15.320158] (-) TimerEvent: {}
[15.420829] (-) TimerEvent: {}
[15.521712] (-) TimerEvent: {}
[15.622391] (-) TimerEvent: {}
[15.723128] (-) TimerEvent: {}
[15.823801] (-) TimerEvent: {}
[15.924385] (-) TimerEvent: {}
[16.024951] (-) TimerEvent: {}
[16.125655] (-) TimerEvent: {}
[16.226346] (-) TimerEvent: {}
[16.326929] (-) TimerEvent: {}
[16.427649] (-) TimerEvent: {}
[16.528343] (-) TimerEvent: {}
[16.629157] (-) TimerEvent: {}
[16.729877] (-) TimerEvent: {}
[16.831070] (-) TimerEvent: {}
[16.931726] (-) TimerEvent: {}
[17.032532] (-) TimerEvent: {}
[17.133255] (-) TimerEvent: {}
[17.234122] (-) TimerEvent: {}
[17.334760] (-) TimerEvent: {}
[17.435372] (-) TimerEvent: {}
[17.536022] (-) TimerEvent: {}
[17.636797] (-) TimerEvent: {}
[17.737481] (-) TimerEvent: {}
[17.838360] (-) TimerEvent: {}
[17.938978] (-) TimerEvent: {}
[18.039721] (-) TimerEvent: {}
[18.140838] (-) TimerEvent: {}
[18.242164] (-) TimerEvent: {}
[18.342800] (-) TimerEvent: {}
[18.443531] (-) TimerEvent: {}
[18.544239] (-) TimerEvent: {}
[18.644848] (-) TimerEvent: {}
[18.745462] (-) TimerEvent: {}
[18.846164] (-) TimerEvent: {}
[18.946836] (-) TimerEvent: {}
[19.047402] (-) TimerEvent: {}
[19.148194] (-) TimerEvent: {}
[19.248932] (-) TimerEvent: {}
[19.349768] (-) TimerEvent: {}
[19.450534] (-) TimerEvent: {}
[19.551648] (-) TimerEvent: {}
[19.652273] (-) TimerEvent: {}
[19.753402] (-) TimerEvent: {}
[19.854104] (-) TimerEvent: {}
[19.954809] (-) TimerEvent: {}
[20.055572] (-) TimerEvent: {}
[20.156138] (-) TimerEvent: {}
[20.248437] (final_challenge) StdoutLine: {'line': b'running develop\n'}
[20.256269] (-) TimerEvent: {}
[20.356808] (-) TimerEvent: {}
[20.457404] (-) TimerEvent: {}
[20.558199] (-) TimerEvent: {}
[20.658762] (-) TimerEvent: {}
[20.759461] (-) TimerEvent: {}
[20.860115] (-) TimerEvent: {}
[20.960740] (-) TimerEvent: {}
[21.061410] (-) TimerEvent: {}
[21.162577] (-) TimerEvent: {}
[21.263395] (-) TimerEvent: {}
[21.364020] (-) TimerEvent: {}
[21.464555] (-) TimerEvent: {}
[21.505730] (final_challenge) StdoutLine: {'line': b'running egg_info\n'}
[21.508342] (final_challenge) StdoutLine: {'line': b'writing final_challenge.egg-info/PKG-INFO\n'}
[21.518279] (final_challenge) StdoutLine: {'line': b'writing dependency_links to final_challenge.egg-info/dependency_links.txt\n'}
[21.523363] (final_challenge) StdoutLine: {'line': b'writing entry points to final_challenge.egg-info/entry_points.txt\n'}
[21.527440] (final_challenge) StdoutLine: {'line': b'writing requirements to final_challenge.egg-info/requires.txt\n'}
[21.531722] (final_challenge) StdoutLine: {'line': b'writing top-level names to final_challenge.egg-info/top_level.txt\n'}
[21.564696] (-) TimerEvent: {}
[21.665334] (-) TimerEvent: {}
[21.740425] (final_challenge) StdoutLine: {'line': b"reading manifest file 'final_challenge.egg-info/SOURCES.txt'\n"}
[21.765480] (-) TimerEvent: {}
[21.812604] (final_challenge) StdoutLine: {'line': b"writing manifest file 'final_challenge.egg-info/SOURCES.txt'\n"}
[21.865699] (-) TimerEvent: {}
[21.966704] (-) TimerEvent: {}
[22.067366] (-) TimerEvent: {}
[22.168001] (-) TimerEvent: {}
[22.268639] (-) TimerEvent: {}
[22.369373] (-) TimerEvent: {}
[22.379844] (final_challenge) StdoutLine: {'line': b'running build_ext\n'}
[22.390691] (final_challenge) StdoutLine: {'line': b'Creating /home/racecar/racecar_ws/src/final_challenge2024/final_challenge/install/final_challenge/lib/python3.8/site-packages/final-challenge.egg-link (link to .)\n'}
[22.425458] (final_challenge) StdoutLine: {'line': b'\n'}
[22.426421] (final_challenge) StdoutLine: {'line': b'Installed /home/racecar/racecar_ws/src/final_challenge2024/final_challenge/build/final_challenge\n'}
[22.429892] (final_challenge) StdoutLine: {'line': b'running install_data\n'}
[22.469529] (-) TimerEvent: {}
[22.509743] (final_challenge) CommandEnded: {'returncode': 0}
[22.569680] (-) TimerEvent: {}
[22.670631] (-) TimerEvent: {}
[22.771897] (-) TimerEvent: {}
[22.873136] (-) TimerEvent: {}
[22.973789] (-) TimerEvent: {}
[23.074539] (-) TimerEvent: {}
[23.175110] (-) TimerEvent: {}
[23.275776] (-) TimerEvent: {}
[23.376488] (-) TimerEvent: {}
[23.467638] (final_challenge) JobEnded: {'identifier': 'final_challenge', 'rc': 0}
[23.477952] (-) TimerEvent: {}
[23.478429] (-) EventReactorShutdown: {}
