[9.365s] DEBUG:colcon:Command line arguments: ['/usr/bin/colcon', 'build', '--symlink-install']
[9.365s] DEBUG:colcon:Parsed command line arguments: Namespace(ament_cmake_args=None, base_paths=['.'], build_base='build', catkin_cmake_args=None, catkin_skip_building_tests=False, cmake_args=None, cmake_clean_cache=False, cmake_clean_first=False, cmake_force_configure=False, cmake_target=None, cmake_target_skip_unavailable=False, continue_on_error=False, event_handlers=None, executor='parallel', ignore_user_meta=False, install_base='install', log_base=None, log_level=None, main=<bound method BuildVerb.main of <colcon_core.verb.build.BuildVerb object at 0x7f96ad0cac70>>, merge_install=False, metas=['./colcon.meta'], packages_above=None, packages_above_and_dependencies=None, packages_above_depth=None, packages_end=None, packages_ignore=None, packages_ignore_regex=None, packages_select=None, packages_select_build_failed=False, packages_select_by_dep=None, packages_select_regex=None, packages_select_test_failures=False, packages_skip=None, packages_skip_build_finished=False, packages_skip_by_dep=None, packages_skip_regex=None, packages_skip_test_passed=False, packages_skip_up_to=None, packages_start=None, packages_up_to=None, packages_up_to_regex=None, parallel_workers=8, paths=None, symlink_install=True, test_result_base=None, verb_extension=<colcon_core.verb.build.BuildVerb object at 0x7f96ad0cac70>, verb_name='build', verb_parser=<colcon_defaults.argument_parser.defaults.DefaultArgumentsDecorator object at 0x7f96acdb4d60>)
[9.982s] Level 1:colcon.colcon_core.package_discovery:discover_packages(colcon_meta) check parameters
[9.983s] Level 1:colcon.colcon_core.package_discovery:discover_packages(recursive) check parameters
[9.983s] Level 1:colcon.colcon_core.package_discovery:discover_packages(ignore) check parameters
[9.984s] Level 1:colcon.colcon_core.package_discovery:discover_packages(path) check parameters
[9.984s] Level 1:colcon.colcon_core.package_discovery:discover_packages(colcon_meta) discover
[9.984s] Level 1:colcon.colcon_core.package_discovery:discover_packages(recursive) discover
[9.985s] INFO:colcon.colcon_core.package_discovery:Crawling recursively for packages in '/home/racecar/racecar_ws/src/final_challenge2024/final_challenge'
[9.988s] Level 1:colcon.colcon_core.package_identification:_identify(.) by extensions ['ignore', 'ignore_ament_install']
[9.991s] Level 1:colcon.colcon_core.package_identification:_identify(.) by extension 'ignore'
[9.991s] Level 1:colcon.colcon_core.package_identification:_identify(.) by extension 'ignore_ament_install'
[9.993s] Level 1:colcon.colcon_core.package_identification:_identify(.) by extensions ['colcon_pkg']
[9.993s] Level 1:colcon.colcon_core.package_identification:_identify(.) by extension 'colcon_pkg'
[9.994s] Level 1:colcon.colcon_core.package_identification:_identify(.) by extensions ['colcon_meta']
[9.994s] Level 1:colcon.colcon_core.package_identification:_identify(.) by extension 'colcon_meta'
[9.994s] Level 1:colcon.colcon_core.package_identification:_identify(.) by extensions ['ros']
[9.994s] Level 1:colcon.colcon_core.package_identification:_identify(.) by extension 'ros'
[10.047s] DEBUG:colcon.colcon_core.package_identification:Package '.' with type 'ros.ament_python' and name 'final_challenge'
[10.047s] Level 1:colcon.colcon_core.package_discovery:discover_packages(recursive) using defaults
[10.047s] Level 1:colcon.colcon_core.package_discovery:discover_packages(ignore) discover
[10.047s] Level 1:colcon.colcon_core.package_discovery:discover_packages(ignore) using defaults
[10.048s] Level 1:colcon.colcon_core.package_discovery:discover_packages(path) discover
[10.048s] Level 1:colcon.colcon_core.package_discovery:discover_packages(path) using defaults
[10.896s] Level 5:colcon.colcon_core.verb:set package 'final_challenge' build argument 'cmake_args' from command line to 'None'
[10.897s] Level 5:colcon.colcon_core.verb:set package 'final_challenge' build argument 'cmake_target' from command line to 'None'
[10.898s] Level 5:colcon.colcon_core.verb:set package 'final_challenge' build argument 'cmake_target_skip_unavailable' from command line to 'False'
[10.899s] Level 5:colcon.colcon_core.verb:set package 'final_challenge' build argument 'cmake_clean_cache' from command line to 'False'
[10.899s] Level 5:colcon.colcon_core.verb:set package 'final_challenge' build argument 'cmake_clean_first' from command line to 'False'
[10.900s] Level 5:colcon.colcon_core.verb:set package 'final_challenge' build argument 'cmake_force_configure' from command line to 'False'
[10.900s] Level 5:colcon.colcon_core.verb:set package 'final_challenge' build argument 'ament_cmake_args' from command line to 'None'
[10.900s] Level 5:colcon.colcon_core.verb:set package 'final_challenge' build argument 'catkin_cmake_args' from command line to 'None'
[10.901s] Level 5:colcon.colcon_core.verb:set package 'final_challenge' build argument 'catkin_skip_building_tests' from command line to 'False'
[10.901s] DEBUG:colcon.colcon_core.verb:Building package 'final_challenge' with the following arguments: {'ament_cmake_args': None, 'build_base': '/home/racecar/racecar_ws/src/final_challenge2024/final_challenge/build/final_challenge', 'catkin_cmake_args': None, 'catkin_skip_building_tests': False, 'cmake_args': None, 'cmake_clean_cache': False, 'cmake_clean_first': False, 'cmake_force_configure': False, 'cmake_target': None, 'cmake_target_skip_unavailable': False, 'install_base': '/home/racecar/racecar_ws/src/final_challenge2024/final_challenge/install/final_challenge', 'merge_install': False, 'path': '/home/racecar/racecar_ws/src/final_challenge2024/final_challenge', 'symlink_install': True, 'test_result_base': None}
[11.014s] INFO:colcon.colcon_core.executor:Executing jobs using 'parallel' executor
[11.132s] DEBUG:colcon.colcon_parallel_executor.executor.parallel:run_until_complete
[11.133s] INFO:colcon.colcon_ros.task.ament_python.build:Building ROS package in '/home/racecar/racecar_ws/src/final_challenge2024/final_challenge' with build type 'ament_python'
[11.134s] Level 1:colcon.colcon_core.shell:create_environment_hook('final_challenge', 'ament_prefix_path')
[11.323s] INFO:colcon.colcon_core.plugin_system:Skipping extension 'colcon_core.shell.bat': Not used on non-Windows systems
[11.325s] INFO:colcon.colcon_core.shell:Creating environment hook '/home/racecar/racecar_ws/src/final_challenge2024/final_challenge/install/final_challenge/share/final_challenge/hook/ament_prefix_path.ps1'
[11.347s] INFO:colcon.colcon_core.shell:Creating environment descriptor '/home/racecar/racecar_ws/src/final_challenge2024/final_challenge/install/final_challenge/share/final_challenge/hook/ament_prefix_path.dsv'
[11.372s] INFO:colcon.colcon_core.shell:Creating environment hook '/home/racecar/racecar_ws/src/final_challenge2024/final_challenge/install/final_challenge/share/final_challenge/hook/ament_prefix_path.sh'
[11.506s] INFO:colcon.colcon_core.shell:Skip shell extension 'powershell' for command environment: Not usable outside of PowerShell
[11.507s] DEBUG:colcon.colcon_core.shell:Skip shell extension 'dsv' for command environment
[17.104s] INFO:colcon.colcon_core.task.python.build:Building Python package in '/home/racecar/racecar_ws/src/final_challenge2024/final_challenge'
[17.225s] INFO:colcon.colcon_core.shell:Skip shell extension 'powershell' for command environment: Not usable outside of PowerShell
[17.226s] DEBUG:colcon.colcon_core.shell:Skip shell extension 'dsv' for command environment
[25.624s] DEBUG:colcon.colcon_core.event_handler.log_command:Invoking command in '/home/racecar/racecar_ws/src/final_challenge2024/final_challenge/build/final_challenge': PYTHONPATH=/home/racecar/racecar_ws/src/final_challenge2024/final_challenge/build/final_challenge/prefix_override:/home/racecar/racecar_ws/src/final_challenge2024/final_challenge/install/final_challenge/lib/python3.8/site-packages:${PYTHONPATH} /usr/bin/python3 setup.py develop --editable --build-directory /home/racecar/racecar_ws/src/final_challenge2024/final_challenge/build/final_challenge/build --no-deps install_data
[33.644s] Level 1:colcon.colcon_core.shell:create_environment_hook('final_challenge', 'pythonpath_develop')
[33.648s] DEBUG:colcon.colcon_core.event_handler.log_command:Invoked command in '/home/racecar/racecar_ws/src/final_challenge2024/final_challenge/build/final_challenge' returned '0': PYTHONPATH=/home/racecar/racecar_ws/src/final_challenge2024/final_challenge/build/final_challenge/prefix_override:/home/racecar/racecar_ws/src/final_challenge2024/final_challenge/install/final_challenge/lib/python3.8/site-packages:${PYTHONPATH} /usr/bin/python3 setup.py develop --editable --build-directory /home/racecar/racecar_ws/src/final_challenge2024/final_challenge/build/final_challenge/build --no-deps install_data
[33.775s] INFO:colcon.colcon_core.shell:Creating environment hook '/home/racecar/racecar_ws/src/final_challenge2024/final_challenge/build/final_challenge/share/final_challenge/hook/pythonpath_develop.ps1'
[33.801s] INFO:colcon.colcon_core.shell:Creating environment descriptor '/home/racecar/racecar_ws/src/final_challenge2024/final_challenge/build/final_challenge/share/final_challenge/hook/pythonpath_develop.dsv'
[33.819s] INFO:colcon.colcon_core.shell:Creating environment hook '/home/racecar/racecar_ws/src/final_challenge2024/final_challenge/build/final_challenge/share/final_challenge/hook/pythonpath_develop.sh'
[34.024s] Level 1:colcon.colcon_core.environment:checking '/home/racecar/racecar_ws/src/final_challenge2024/final_challenge/install/final_challenge' for CMake module files
[34.086s] Level 1:colcon.colcon_core.environment:checking '/home/racecar/racecar_ws/src/final_challenge2024/final_challenge/install/final_challenge' for CMake config files
[34.177s] Level 1:colcon.colcon_core.environment:checking '/home/racecar/racecar_ws/src/final_challenge2024/final_challenge/install/final_challenge/lib'
[34.185s] Level 1:colcon.colcon_core.environment:checking '/home/racecar/racecar_ws/src/final_challenge2024/final_challenge/install/final_challenge/bin'
[34.187s] Level 1:colcon.colcon_core.environment:checking '/home/racecar/racecar_ws/src/final_challenge2024/final_challenge/install/final_challenge/lib/pkgconfig/final_challenge.pc'
[34.189s] Level 1:colcon.colcon_core.environment:checking '/home/racecar/racecar_ws/src/final_challenge2024/final_challenge/install/final_challenge/lib/python3.8/site-packages'
[34.192s] Level 1:colcon.colcon_core.shell:create_environment_hook('final_challenge', 'pythonpath')
[34.308s] INFO:colcon.colcon_core.shell:Creating environment hook '/home/racecar/racecar_ws/src/final_challenge2024/final_challenge/install/final_challenge/share/final_challenge/hook/pythonpath.ps1'
[34.329s] INFO:colcon.colcon_core.shell:Creating environment descriptor '/home/racecar/racecar_ws/src/final_challenge2024/final_challenge/install/final_challenge/share/final_challenge/hook/pythonpath.dsv'
[34.353s] INFO:colcon.colcon_core.shell:Creating environment hook '/home/racecar/racecar_ws/src/final_challenge2024/final_challenge/install/final_challenge/share/final_challenge/hook/pythonpath.sh'
[34.378s] Level 1:colcon.colcon_core.environment:checking '/home/racecar/racecar_ws/src/final_challenge2024/final_challenge/install/final_challenge/bin'
[34.380s] Level 1:colcon.colcon_core.environment:create_environment_scripts_only(final_challenge)
[34.499s] INFO:colcon.colcon_core.shell:Creating package script '/home/racecar/racecar_ws/src/final_challenge2024/final_challenge/install/final_challenge/share/final_challenge/package.ps1'
[34.518s] INFO:colcon.colcon_core.shell:Creating package descriptor '/home/racecar/racecar_ws/src/final_challenge2024/final_challenge/install/final_challenge/share/final_challenge/package.dsv'
[34.535s] INFO:colcon.colcon_core.shell:Creating package script '/home/racecar/racecar_ws/src/final_challenge2024/final_challenge/install/final_challenge/share/final_challenge/package.sh'
[34.553s] INFO:colcon.colcon_core.shell:Creating package script '/home/racecar/racecar_ws/src/final_challenge2024/final_challenge/install/final_challenge/share/final_challenge/package.bash'
[34.572s] INFO:colcon.colcon_core.shell:Creating package script '/home/racecar/racecar_ws/src/final_challenge2024/final_challenge/install/final_challenge/share/final_challenge/package.zsh'
[34.588s] Level 1:colcon.colcon_core.environment:create_file_with_runtime_dependencies(/home/racecar/racecar_ws/src/final_challenge2024/final_challenge/install/final_challenge/share/colcon-core/packages/final_challenge)
[34.601s] DEBUG:colcon.colcon_parallel_executor.executor.parallel:closing loop
[34.603s] DEBUG:colcon.colcon_parallel_executor.executor.parallel:loop closed
[34.604s] DEBUG:colcon.colcon_parallel_executor.executor.parallel:run_until_complete finished with '0'
[34.604s] DEBUG:colcon.colcon_core.event_reactor:joining thread
[34.876s] INFO:colcon.colcon_core.plugin_system:Skipping extension 'colcon_notification.desktop_notification.notify_send': Could not find 'notify-send'
[34.877s] INFO:colcon.colcon_core.plugin_system:Skipping extension 'colcon_notification.desktop_notification.terminal_notifier': Not used on non-Darwin systems
[34.877s] INFO:colcon.colcon_core.plugin_system:Skipping extension 'colcon_notification.desktop_notification.win32': Not used on non-Windows systems
[34.878s] INFO:colcon.colcon_notification.desktop_notification:Sending desktop notification using 'notify2'
[38.178s] DEBUG:colcon.colcon_notification.desktop_notification.notify2:Failed to initialize notify2: org.freedesktop.DBus.Error.Spawn.ExecFailed: /usr/bin/dbus-launch terminated abnormally with the following error: Autolaunch error: X11 initialization failed.

[38.179s] DEBUG:colcon.colcon_core.event_reactor:joined thread
[38.312s] INFO:colcon.colcon_core.shell:Creating prefix script '/home/racecar/racecar_ws/src/final_challenge2024/final_challenge/install/local_setup.ps1'
[38.323s] INFO:colcon.colcon_core.shell:Creating prefix util module '/home/racecar/racecar_ws/src/final_challenge2024/final_challenge/install/_local_setup_util_ps1.py'
[38.334s] INFO:colcon.colcon_core.shell:Creating prefix chain script '/home/racecar/racecar_ws/src/final_challenge2024/final_challenge/install/setup.ps1'
[38.549s] INFO:colcon.colcon_core.shell:Creating prefix script '/home/racecar/racecar_ws/src/final_challenge2024/final_challenge/install/local_setup.sh'
[38.558s] INFO:colcon.colcon_core.shell:Creating prefix util module '/home/racecar/racecar_ws/src/final_challenge2024/final_challenge/install/_local_setup_util_sh.py'
[38.570s] INFO:colcon.colcon_core.shell:Creating prefix chain script '/home/racecar/racecar_ws/src/final_challenge2024/final_challenge/install/setup.sh'
[38.759s] INFO:colcon.colcon_core.shell:Creating prefix script '/home/racecar/racecar_ws/src/final_challenge2024/final_challenge/install/local_setup.bash'
[38.765s] INFO:colcon.colcon_core.shell:Creating prefix chain script '/home/racecar/racecar_ws/src/final_challenge2024/final_challenge/install/setup.bash'
[38.962s] INFO:colcon.colcon_core.shell:Creating prefix script '/home/racecar/racecar_ws/src/final_challenge2024/final_challenge/install/local_setup.zsh'
[38.970s] INFO:colcon.colcon_core.shell:Creating prefix chain script '/home/racecar/racecar_ws/src/final_challenge2024/final_challenge/install/setup.zsh'
