[8.117s] DEBUG:colcon:Command line arguments: ['/usr/bin/colcon', 'build', '--symlink-install']
[8.118s] DEBUG:colcon:Parsed command line arguments: Namespace(ament_cmake_args=None, base_paths=['.'], build_base='build', catkin_cmake_args=None, catkin_skip_building_tests=False, cmake_args=None, cmake_clean_cache=False, cmake_clean_first=False, cmake_force_configure=False, cmake_target=None, cmake_target_skip_unavailable=False, continue_on_error=False, event_handlers=None, executor='parallel', ignore_user_meta=False, install_base='install', log_base=None, log_level=None, main=<bound method BuildVerb.main of <colcon_core.verb.build.BuildVerb object at 0x7f264e0950d0>>, merge_install=False, metas=['./colcon.meta'], packages_above=None, packages_above_and_dependencies=None, packages_above_depth=None, packages_end=None, packages_ignore=None, packages_ignore_regex=None, packages_select=None, packages_select_build_failed=False, packages_select_by_dep=None, packages_select_regex=None, packages_select_test_failures=False, packages_skip=None, packages_skip_build_finished=False, packages_skip_by_dep=None, packages_skip_regex=None, packages_skip_test_passed=False, packages_skip_up_to=None, packages_start=None, packages_up_to=None, packages_up_to_regex=None, parallel_workers=8, paths=None, symlink_install=True, test_result_base=None, verb_extension=<colcon_core.verb.build.BuildVerb object at 0x7f264e0950d0>, verb_name='build', verb_parser=<colcon_defaults.argument_parser.defaults.DefaultArgumentsDecorator object at 0x7f264dd25490>)
[8.737s] Level 1:colcon.colcon_core.package_discovery:discover_packages(colcon_meta) check parameters
[8.740s] Level 1:colcon.colcon_core.package_discovery:discover_packages(recursive) check parameters
[8.740s] Level 1:colcon.colcon_core.package_discovery:discover_packages(ignore) check parameters
[8.741s] Level 1:colcon.colcon_core.package_discovery:discover_packages(path) check parameters
[8.742s] Level 1:colcon.colcon_core.package_discovery:discover_packages(colcon_meta) discover
[8.742s] Level 1:colcon.colcon_core.package_discovery:discover_packages(recursive) discover
[8.742s] INFO:colcon.colcon_core.package_discovery:Crawling recursively for packages in '/home/racecar/racecar_ws/src/final_challenge2024'
[8.744s] Level 1:colcon.colcon_core.package_identification:_identify(.) by extensions ['ignore', 'ignore_ament_install']
[8.744s] Level 1:colcon.colcon_core.package_identification:_identify(.) by extension 'ignore'
[8.744s] Level 1:colcon.colcon_core.package_identification:_identify(.) by extension 'ignore_ament_install'
[8.745s] Level 1:colcon.colcon_core.package_identification:_identify(.) by extensions ['colcon_pkg']
[8.745s] Level 1:colcon.colcon_core.package_identification:_identify(.) by extension 'colcon_pkg'
[8.745s] Level 1:colcon.colcon_core.package_identification:_identify(.) by extensions ['colcon_meta']
[8.746s] Level 1:colcon.colcon_core.package_identification:_identify(.) by extension 'colcon_meta'
[8.746s] Level 1:colcon.colcon_core.package_identification:_identify(.) by extensions ['ros']
[8.746s] Level 1:colcon.colcon_core.package_identification:_identify(.) by extension 'ros'
[8.785s] Level 1:colcon.colcon_core.package_identification:_identify(.) by extensions ['cmake', 'python']
[8.785s] Level 1:colcon.colcon_core.package_identification:_identify(.) by extension 'cmake'
[8.785s] Level 1:colcon.colcon_core.package_identification:_identify(.) by extension 'python'
[8.786s] Level 1:colcon.colcon_core.package_identification:_identify(.) by extensions ['python_setup_py']
[8.786s] Level 1:colcon.colcon_core.package_identification:_identify(.) by extension 'python_setup_py'
[8.788s] Level 1:colcon.colcon_core.package_identification:_identify(build) by extensions ['ignore', 'ignore_ament_install']
[8.788s] Level 1:colcon.colcon_core.package_identification:_identify(build) by extension 'ignore'
[8.789s] Level 1:colcon.colcon_core.package_identification:_identify(build) ignored
[8.793s] Level 1:colcon.colcon_core.package_identification:_identify(city_driving) by extensions ['ignore', 'ignore_ament_install']
[8.793s] Level 1:colcon.colcon_core.package_identification:_identify(city_driving) by extension 'ignore'
[8.794s] Level 1:colcon.colcon_core.package_identification:_identify(city_driving) by extension 'ignore_ament_install'
[8.795s] Level 1:colcon.colcon_core.package_identification:_identify(city_driving) by extensions ['colcon_pkg']
[8.795s] Level 1:colcon.colcon_core.package_identification:_identify(city_driving) by extension 'colcon_pkg'
[8.796s] Level 1:colcon.colcon_core.package_identification:_identify(city_driving) by extensions ['colcon_meta']
[8.797s] Level 1:colcon.colcon_core.package_identification:_identify(city_driving) by extension 'colcon_meta'
[8.797s] Level 1:colcon.colcon_core.package_identification:_identify(city_driving) by extensions ['ros']
[8.797s] Level 1:colcon.colcon_core.package_identification:_identify(city_driving) by extension 'ros'
[8.800s] Level 1:colcon.colcon_core.package_identification:_identify(city_driving) by extensions ['cmake', 'python']
[8.800s] Level 1:colcon.colcon_core.package_identification:_identify(city_driving) by extension 'cmake'
[8.800s] Level 1:colcon.colcon_core.package_identification:_identify(city_driving) by extension 'python'
[8.801s] Level 1:colcon.colcon_core.package_identification:_identify(city_driving) by extensions ['python_setup_py']
[8.801s] Level 1:colcon.colcon_core.package_identification:_identify(city_driving) by extension 'python_setup_py'
[8.804s] Level 1:colcon.colcon_core.package_identification:_identify(city_driving/stop_detector) by extensions ['ignore', 'ignore_ament_install']
[8.804s] Level 1:colcon.colcon_core.package_identification:_identify(city_driving/stop_detector) by extension 'ignore'
[8.805s] Level 1:colcon.colcon_core.package_identification:_identify(city_driving/stop_detector) by extension 'ignore_ament_install'
[8.806s] Level 1:colcon.colcon_core.package_identification:_identify(city_driving/stop_detector) by extensions ['colcon_pkg']
[8.807s] Level 1:colcon.colcon_core.package_identification:_identify(city_driving/stop_detector) by extension 'colcon_pkg'
[8.807s] Level 1:colcon.colcon_core.package_identification:_identify(city_driving/stop_detector) by extensions ['colcon_meta']
[8.808s] Level 1:colcon.colcon_core.package_identification:_identify(city_driving/stop_detector) by extension 'colcon_meta'
[8.809s] Level 1:colcon.colcon_core.package_identification:_identify(city_driving/stop_detector) by extensions ['ros']
[8.809s] Level 1:colcon.colcon_core.package_identification:_identify(city_driving/stop_detector) by extension 'ros'
[8.812s] Level 1:colcon.colcon_core.package_identification:_identify(city_driving/stop_detector) by extensions ['cmake', 'python']
[8.812s] Level 1:colcon.colcon_core.package_identification:_identify(city_driving/stop_detector) by extension 'cmake'
[8.814s] Level 1:colcon.colcon_core.package_identification:_identify(city_driving/stop_detector) by extension 'python'
[8.815s] Level 1:colcon.colcon_core.package_identification:_identify(city_driving/stop_detector) by extensions ['python_setup_py']
[8.815s] Level 1:colcon.colcon_core.package_identification:_identify(city_driving/stop_detector) by extension 'python_setup_py'
[8.817s] Level 1:colcon.colcon_core.package_identification:_identify(final_challenge) by extensions ['ignore', 'ignore_ament_install']
[8.817s] Level 1:colcon.colcon_core.package_identification:_identify(final_challenge) by extension 'ignore'
[8.818s] Level 1:colcon.colcon_core.package_identification:_identify(final_challenge) by extension 'ignore_ament_install'
[8.818s] Level 1:colcon.colcon_core.package_identification:_identify(final_challenge) by extensions ['colcon_pkg']
[8.818s] Level 1:colcon.colcon_core.package_identification:_identify(final_challenge) by extension 'colcon_pkg'
[8.818s] Level 1:colcon.colcon_core.package_identification:_identify(final_challenge) by extensions ['colcon_meta']
[8.818s] Level 1:colcon.colcon_core.package_identification:_identify(final_challenge) by extension 'colcon_meta'
[8.819s] Level 1:colcon.colcon_core.package_identification:_identify(final_challenge) by extensions ['ros']
[8.819s] Level 1:colcon.colcon_core.package_identification:_identify(final_challenge) by extension 'ros'
[8.824s] DEBUG:colcon.colcon_core.package_identification:Package 'final_challenge' with type 'ros.ament_python' and name 'final_challenge'
[8.828s] Level 1:colcon.colcon_core.package_identification:_identify(install) by extensions ['ignore', 'ignore_ament_install']
[8.828s] Level 1:colcon.colcon_core.package_identification:_identify(install) by extension 'ignore'
[8.829s] Level 1:colcon.colcon_core.package_identification:_identify(install) ignored
[8.834s] Level 1:colcon.colcon_core.package_identification:_identify(log) by extensions ['ignore', 'ignore_ament_install']
[8.835s] Level 1:colcon.colcon_core.package_identification:_identify(log) by extension 'ignore'
[8.836s] Level 1:colcon.colcon_core.package_identification:_identify(log) ignored
[8.838s] Level 1:colcon.colcon_core.package_identification:_identify(media) by extensions ['ignore', 'ignore_ament_install']
[8.838s] Level 1:colcon.colcon_core.package_identification:_identify(media) by extension 'ignore'
[8.839s] Level 1:colcon.colcon_core.package_identification:_identify(media) by extension 'ignore_ament_install'
[8.840s] Level 1:colcon.colcon_core.package_identification:_identify(media) by extensions ['colcon_pkg']
[8.840s] Level 1:colcon.colcon_core.package_identification:_identify(media) by extension 'colcon_pkg'
[8.841s] Level 1:colcon.colcon_core.package_identification:_identify(media) by extensions ['colcon_meta']
[8.841s] Level 1:colcon.colcon_core.package_identification:_identify(media) by extension 'colcon_meta'
[8.842s] Level 1:colcon.colcon_core.package_identification:_identify(media) by extensions ['ros']
[8.842s] Level 1:colcon.colcon_core.package_identification:_identify(media) by extension 'ros'
[8.846s] Level 1:colcon.colcon_core.package_identification:_identify(media) by extensions ['cmake', 'python']
[8.846s] Level 1:colcon.colcon_core.package_identification:_identify(media) by extension 'cmake'
[8.848s] Level 1:colcon.colcon_core.package_identification:_identify(media) by extension 'python'
[8.848s] Level 1:colcon.colcon_core.package_identification:_identify(media) by extensions ['python_setup_py']
[8.849s] Level 1:colcon.colcon_core.package_identification:_identify(media) by extension 'python_setup_py'
[8.849s] Level 1:colcon.colcon_core.package_discovery:discover_packages(recursive) using defaults
[8.850s] Level 1:colcon.colcon_core.package_discovery:discover_packages(ignore) discover
[8.850s] Level 1:colcon.colcon_core.package_discovery:discover_packages(ignore) using defaults
[8.850s] Level 1:colcon.colcon_core.package_discovery:discover_packages(path) discover
[8.850s] Level 1:colcon.colcon_core.package_discovery:discover_packages(path) using defaults
[9.545s] Level 5:colcon.colcon_core.verb:set package 'final_challenge' build argument 'cmake_args' from command line to 'None'
[9.545s] Level 5:colcon.colcon_core.verb:set package 'final_challenge' build argument 'cmake_target' from command line to 'None'
[9.546s] Level 5:colcon.colcon_core.verb:set package 'final_challenge' build argument 'cmake_target_skip_unavailable' from command line to 'False'
[9.546s] Level 5:colcon.colcon_core.verb:set package 'final_challenge' build argument 'cmake_clean_cache' from command line to 'False'
[9.547s] Level 5:colcon.colcon_core.verb:set package 'final_challenge' build argument 'cmake_clean_first' from command line to 'False'
[9.547s] Level 5:colcon.colcon_core.verb:set package 'final_challenge' build argument 'cmake_force_configure' from command line to 'False'
[9.547s] Level 5:colcon.colcon_core.verb:set package 'final_challenge' build argument 'ament_cmake_args' from command line to 'None'
[9.548s] Level 5:colcon.colcon_core.verb:set package 'final_challenge' build argument 'catkin_cmake_args' from command line to 'None'
[9.548s] Level 5:colcon.colcon_core.verb:set package 'final_challenge' build argument 'catkin_skip_building_tests' from command line to 'False'
[9.548s] DEBUG:colcon.colcon_core.verb:Building package 'final_challenge' with the following arguments: {'ament_cmake_args': None, 'build_base': '/home/racecar/racecar_ws/src/final_challenge2024/build/final_challenge', 'catkin_cmake_args': None, 'catkin_skip_building_tests': False, 'cmake_args': None, 'cmake_clean_cache': False, 'cmake_clean_first': False, 'cmake_force_configure': False, 'cmake_target': None, 'cmake_target_skip_unavailable': False, 'install_base': '/home/racecar/racecar_ws/src/final_challenge2024/install/final_challenge', 'merge_install': False, 'path': '/home/racecar/racecar_ws/src/final_challenge2024/final_challenge', 'symlink_install': True, 'test_result_base': None}
[9.645s] INFO:colcon.colcon_core.executor:Executing jobs using 'parallel' executor
[9.744s] DEBUG:colcon.colcon_parallel_executor.executor.parallel:run_until_complete
[9.744s] INFO:colcon.colcon_ros.task.ament_python.build:Building ROS package in '/home/racecar/racecar_ws/src/final_challenge2024/final_challenge' with build type 'ament_python'
[9.745s] Level 1:colcon.colcon_core.shell:create_environment_hook('final_challenge', 'ament_prefix_path')
[9.929s] INFO:colcon.colcon_core.plugin_system:Skipping extension 'colcon_core.shell.bat': Not used on non-Windows systems
[9.929s] INFO:colcon.colcon_core.shell:Creating environment hook '/home/racecar/racecar_ws/src/final_challenge2024/install/final_challenge/share/final_challenge/hook/ament_prefix_path.ps1'
[9.941s] INFO:colcon.colcon_core.shell:Creating environment descriptor '/home/racecar/racecar_ws/src/final_challenge2024/install/final_challenge/share/final_challenge/hook/ament_prefix_path.dsv'
[9.958s] INFO:colcon.colcon_core.shell:Creating environment hook '/home/racecar/racecar_ws/src/final_challenge2024/install/final_challenge/share/final_challenge/hook/ament_prefix_path.sh'
[10.089s] INFO:colcon.colcon_core.shell:Skip shell extension 'powershell' for command environment: Not usable outside of PowerShell
[10.089s] DEBUG:colcon.colcon_core.shell:Skip shell extension 'dsv' for command environment
[14.764s] INFO:colcon.colcon_core.task.python.build:Building Python package in '/home/racecar/racecar_ws/src/final_challenge2024/final_challenge'
[14.863s] INFO:colcon.colcon_core.shell:Skip shell extension 'powershell' for command environment: Not usable outside of PowerShell
[14.864s] DEBUG:colcon.colcon_core.shell:Skip shell extension 'dsv' for command environment
[21.264s] DEBUG:colcon.colcon_core.event_handler.log_command:Invoking command in '/home/racecar/racecar_ws/src/final_challenge2024/build/final_challenge': PYTHONPATH=/home/racecar/racecar_ws/src/final_challenge2024/build/final_challenge/prefix_override:/home/racecar/racecar_ws/src/final_challenge2024/install/final_challenge/lib/python3.8/site-packages:${PYTHONPATH} /usr/bin/python3 setup.py develop --editable --build-directory /home/racecar/racecar_ws/src/final_challenge2024/build/final_challenge/build --no-deps install_data
[27.220s] Level 1:colcon.colcon_core.shell:create_environment_hook('final_challenge', 'pythonpath_develop')
[27.223s] DEBUG:colcon.colcon_core.event_handler.log_command:Invoked command in '/home/racecar/racecar_ws/src/final_challenge2024/build/final_challenge' returned '0': PYTHONPATH=/home/racecar/racecar_ws/src/final_challenge2024/build/final_challenge/prefix_override:/home/racecar/racecar_ws/src/final_challenge2024/install/final_challenge/lib/python3.8/site-packages:${PYTHONPATH} /usr/bin/python3 setup.py develop --editable --build-directory /home/racecar/racecar_ws/src/final_challenge2024/build/final_challenge/build --no-deps install_data
[27.316s] INFO:colcon.colcon_core.shell:Creating environment hook '/home/racecar/racecar_ws/src/final_challenge2024/build/final_challenge/share/final_challenge/hook/pythonpath_develop.ps1'
[27.333s] INFO:colcon.colcon_core.shell:Creating environment descriptor '/home/racecar/racecar_ws/src/final_challenge2024/build/final_challenge/share/final_challenge/hook/pythonpath_develop.dsv'
[27.343s] INFO:colcon.colcon_core.shell:Creating environment hook '/home/racecar/racecar_ws/src/final_challenge2024/build/final_challenge/share/final_challenge/hook/pythonpath_develop.sh'
[27.518s] Level 1:colcon.colcon_core.environment:checking '/home/racecar/racecar_ws/src/final_challenge2024/install/final_challenge' for CMake module files
[27.567s] Level 1:colcon.colcon_core.environment:checking '/home/racecar/racecar_ws/src/final_challenge2024/install/final_challenge' for CMake config files
[27.653s] Level 1:colcon.colcon_core.environment:checking '/home/racecar/racecar_ws/src/final_challenge2024/install/final_challenge/lib'
[27.657s] Level 1:colcon.colcon_core.environment:checking '/home/racecar/racecar_ws/src/final_challenge2024/install/final_challenge/bin'
[27.658s] Level 1:colcon.colcon_core.environment:checking '/home/racecar/racecar_ws/src/final_challenge2024/install/final_challenge/lib/pkgconfig/final_challenge.pc'
[27.660s] Level 1:colcon.colcon_core.environment:checking '/home/racecar/racecar_ws/src/final_challenge2024/install/final_challenge/lib/python3.8/site-packages'
[27.662s] Level 1:colcon.colcon_core.shell:create_environment_hook('final_challenge', 'pythonpath')
[27.762s] INFO:colcon.colcon_core.shell:Creating environment hook '/home/racecar/racecar_ws/src/final_challenge2024/install/final_challenge/share/final_challenge/hook/pythonpath.ps1'
[27.779s] INFO:colcon.colcon_core.shell:Creating environment descriptor '/home/racecar/racecar_ws/src/final_challenge2024/install/final_challenge/share/final_challenge/hook/pythonpath.dsv'
[27.791s] INFO:colcon.colcon_core.shell:Creating environment hook '/home/racecar/racecar_ws/src/final_challenge2024/install/final_challenge/share/final_challenge/hook/pythonpath.sh'
[27.808s] Level 1:colcon.colcon_core.environment:checking '/home/racecar/racecar_ws/src/final_challenge2024/install/final_challenge/bin'
[27.811s] Level 1:colcon.colcon_core.environment:create_environment_scripts_only(final_challenge)
[27.906s] INFO:colcon.colcon_core.shell:Creating package script '/home/racecar/racecar_ws/src/final_challenge2024/install/final_challenge/share/final_challenge/package.ps1'
[27.919s] INFO:colcon.colcon_core.shell:Creating package descriptor '/home/racecar/racecar_ws/src/final_challenge2024/install/final_challenge/share/final_challenge/package.dsv'
[27.935s] INFO:colcon.colcon_core.shell:Creating package script '/home/racecar/racecar_ws/src/final_challenge2024/install/final_challenge/share/final_challenge/package.sh'
[27.944s] INFO:colcon.colcon_core.shell:Creating package script '/home/racecar/racecar_ws/src/final_challenge2024/install/final_challenge/share/final_challenge/package.bash'
[27.954s] INFO:colcon.colcon_core.shell:Creating package script '/home/racecar/racecar_ws/src/final_challenge2024/install/final_challenge/share/final_challenge/package.zsh'
[27.968s] Level 1:colcon.colcon_core.environment:create_file_with_runtime_dependencies(/home/racecar/racecar_ws/src/final_challenge2024/install/final_challenge/share/colcon-core/packages/final_challenge)
[27.975s] DEBUG:colcon.colcon_parallel_executor.executor.parallel:closing loop
[27.975s] DEBUG:colcon.colcon_parallel_executor.executor.parallel:loop closed
[27.975s] DEBUG:colcon.colcon_parallel_executor.executor.parallel:run_until_complete finished with '0'
[27.976s] DEBUG:colcon.colcon_core.event_reactor:joining thread
[28.174s] INFO:colcon.colcon_core.plugin_system:Skipping extension 'colcon_notification.desktop_notification.notify_send': Could not find 'notify-send'
[28.175s] INFO:colcon.colcon_core.plugin_system:Skipping extension 'colcon_notification.desktop_notification.terminal_notifier': Not used on non-Darwin systems
[28.175s] INFO:colcon.colcon_core.plugin_system:Skipping extension 'colcon_notification.desktop_notification.win32': Not used on non-Windows systems
[28.175s] INFO:colcon.colcon_notification.desktop_notification:Sending desktop notification using 'notify2'
[31.413s] DEBUG:colcon.colcon_notification.desktop_notification.notify2:Failed to initialize notify2: org.freedesktop.DBus.Error.Spawn.ExecFailed: /usr/bin/dbus-launch terminated abnormally with the following error: Autolaunch error: X11 initialization failed.

[31.414s] DEBUG:colcon.colcon_core.event_reactor:joined thread
[31.505s] INFO:colcon.colcon_core.shell:Creating prefix script '/home/racecar/racecar_ws/src/final_challenge2024/install/local_setup.ps1'
[31.515s] INFO:colcon.colcon_core.shell:Creating prefix util module '/home/racecar/racecar_ws/src/final_challenge2024/install/_local_setup_util_ps1.py'
[31.521s] INFO:colcon.colcon_core.shell:Creating prefix chain script '/home/racecar/racecar_ws/src/final_challenge2024/install/setup.ps1'
[31.658s] INFO:colcon.colcon_core.shell:Creating prefix script '/home/racecar/racecar_ws/src/final_challenge2024/install/local_setup.sh'
[31.663s] INFO:colcon.colcon_core.shell:Creating prefix util module '/home/racecar/racecar_ws/src/final_challenge2024/install/_local_setup_util_sh.py'
[31.668s] INFO:colcon.colcon_core.shell:Creating prefix chain script '/home/racecar/racecar_ws/src/final_challenge2024/install/setup.sh'
[31.795s] INFO:colcon.colcon_core.shell:Creating prefix script '/home/racecar/racecar_ws/src/final_challenge2024/install/local_setup.bash'
[31.800s] INFO:colcon.colcon_core.shell:Creating prefix chain script '/home/racecar/racecar_ws/src/final_challenge2024/install/setup.bash'
[31.932s] INFO:colcon.colcon_core.shell:Creating prefix script '/home/racecar/racecar_ws/src/final_challenge2024/install/local_setup.zsh'
[31.937s] INFO:colcon.colcon_core.shell:Creating prefix chain script '/home/racecar/racecar_ws/src/final_challenge2024/install/setup.zsh'
