[0.000000] (-) TimerEvent: {}
[0.001260] (final_challenge) JobQueued: {'identifier': 'final_challenge', 'dependencies': OrderedDict()}
[0.001742] (final_challenge) JobStarted: {'identifier': 'final_challenge'}
[0.095347] (-) TimerEvent: {}
[0.195977] (-) TimerEvent: {}
[0.296544] (-) TimerEvent: {}
[0.397075] (-) TimerEvent: {}
[0.497639] (-) TimerEvent: {}
[0.598534] (-) TimerEvent: {}
[0.699128] (-) TimerEvent: {}
[0.800390] (-) TimerEvent: {}
[0.903337] (-) TimerEvent: {}
[1.005729] (-) TimerEvent: {}
[1.108648] (-) TimerEvent: {}
[1.209461] (-) TimerEvent: {}
[1.310846] (-) TimerEvent: {}
[1.411674] (-) TimerEvent: {}
[1.512902] (-) TimerEvent: {}
[1.613589] (-) TimerEvent: {}
[1.714268] (-) TimerEvent: {}
[1.814994] (-) TimerEvent: {}
[1.915589] (-) TimerEvent: {}
[2.016283] (-) TimerEvent: {}
[2.117005] (-) TimerEvent: {}
[2.217614] (-) TimerEvent: {}
[2.318296] (-) TimerEvent: {}
[2.419033] (-) TimerEvent: {}
[2.519964] (-) TimerEvent: {}
[2.620772] (-) TimerEvent: {}
[2.721380] (-) TimerEvent: {}
[2.822015] (-) TimerEvent: {}
[2.922780] (-) TimerEvent: {}
[3.023390] (-) TimerEvent: {}
[3.124143] (-) TimerEvent: {}
[3.224855] (-) TimerEvent: {}
[3.325594] (-) TimerEvent: {}
[3.426452] (-) TimerEvent: {}
[3.527123] (-) TimerEvent: {}
[3.627852] (-) TimerEvent: {}
[3.728597] (-) TimerEvent: {}
[3.829270] (-) TimerEvent: {}
[3.929865] (-) TimerEvent: {}
[4.030487] (-) TimerEvent: {}
[4.131210] (-) TimerEvent: {}
[4.231815] (-) TimerEvent: {}
[4.332442] (-) TimerEvent: {}
[4.433026] (-) TimerEvent: {}
[4.533827] (-) TimerEvent: {}
[4.634444] (-) TimerEvent: {}
[4.735297] (-) TimerEvent: {}
[4.835956] (-) TimerEvent: {}
[4.936569] (-) TimerEvent: {}
[5.037222] (-) TimerEvent: {}
[5.138626] (-) TimerEvent: {}
[5.239855] (-) TimerEvent: {}
[5.340448] (-) TimerEvent: {}
[5.441419] (-) TimerEvent: {}
[5.542173] (-) TimerEvent: {}
[5.642713] (-) TimerEvent: {}
[5.743490] (-) TimerEvent: {}
[5.844699] (-) TimerEvent: {}
[5.945515] (-) TimerEvent: {}
[6.046115] (-) TimerEvent: {}
[6.146790] (-) TimerEvent: {}
[6.247455] (-) TimerEvent: {}
[6.348349] (-) TimerEvent: {}
[6.450135] (-) TimerEvent: {}
[6.552345] (-) TimerEvent: {}
[6.658251] (-) TimerEvent: {}
[6.758993] (-) TimerEvent: {}
[6.859740] (-) TimerEvent: {}
[6.961047] (-) TimerEvent: {}
[7.061762] (-) TimerEvent: {}
[7.162450] (-) TimerEvent: {}
[7.265440] (-) TimerEvent: {}
[7.366326] (-) TimerEvent: {}
[7.467171] (-) TimerEvent: {}
[7.567970] (-) TimerEvent: {}
[7.668544] (-) TimerEvent: {}
[7.769169] (-) TimerEvent: {}
[7.869743] (-) TimerEvent: {}
[7.970409] (-) TimerEvent: {}
[8.071061] (-) TimerEvent: {}
[8.171677] (-) TimerEvent: {}
[8.272331] (-) TimerEvent: {}
[8.372967] (-) TimerEvent: {}
[8.473789] (-) TimerEvent: {}
[8.574910] (-) TimerEvent: {}
[8.675619] (-) TimerEvent: {}
[8.776373] (-) TimerEvent: {}
[8.877123] (-) TimerEvent: {}
[8.977783] (-) TimerEvent: {}
[9.078688] (-) TimerEvent: {}
[9.179303] (-) TimerEvent: {}
[9.280229] (-) TimerEvent: {}
[9.381036] (-) TimerEvent: {}
[9.481750] (-) TimerEvent: {}
[9.582557] (-) TimerEvent: {}
[9.683594] (-) TimerEvent: {}
[9.784237] (-) TimerEvent: {}
[9.884841] (-) TimerEvent: {}
[9.985581] (-) TimerEvent: {}
[10.086209] (-) TimerEvent: {}
[10.187036] (-) TimerEvent: {}
[10.287721] (-) TimerEvent: {}
[10.388280] (-) TimerEvent: {}
[10.488957] (-) TimerEvent: {}
[10.589764] (-) TimerEvent: {}
[10.690392] (-) TimerEvent: {}
[10.791015] (-) TimerEvent: {}
[10.891622] (-) TimerEvent: {}
[10.992221] (-) TimerEvent: {}
[11.092990] (-) TimerEvent: {}
[11.193657] (-) TimerEvent: {}
[11.294519] (-) TimerEvent: {}
[11.395285] (-) TimerEvent: {}
[11.496075] (-) TimerEvent: {}
[11.596689] (-) TimerEvent: {}
[11.697332] (-) TimerEvent: {}
[11.798053] (-) TimerEvent: {}
[11.898703] (-) TimerEvent: {}
[11.999397] (-) TimerEvent: {}
[12.100085] (-) TimerEvent: {}
[12.200748] (-) TimerEvent: {}
[12.301378] (-) TimerEvent: {}
[12.402359] (-) TimerEvent: {}
[12.503009] (-) TimerEvent: {}
[12.603629] (-) TimerEvent: {}
[12.704334] (-) TimerEvent: {}
[12.805019] (-) TimerEvent: {}
[12.905842] (-) TimerEvent: {}
[13.006530] (-) TimerEvent: {}
[13.107543] (-) TimerEvent: {}
[13.208125] (-) TimerEvent: {}
[13.308803] (-) TimerEvent: {}
[13.409457] (-) TimerEvent: {}
[13.510130] (-) TimerEvent: {}
[13.611015] (-) TimerEvent: {}
[13.711800] (-) TimerEvent: {}
[13.812483] (-) TimerEvent: {}
[13.913080] (-) TimerEvent: {}
[14.013750] (-) TimerEvent: {}
[14.114481] (-) TimerEvent: {}
[14.215077] (-) TimerEvent: {}
[14.315669] (-) TimerEvent: {}
[14.378082] (final_challenge) Command: {'cmd': ['/usr/bin/python3', 'setup.py', 'egg_info', '--egg-base', '../build/final_challenge', 'build', '--build-base', '/home/racecar/racecar_ws/src/final_challenge2024/build/final_challenge/build', 'install', '--record', '/home/racecar/racecar_ws/src/final_challenge2024/build/final_challenge/install.log', '--install-scripts', '$base/lib/final_challenge', '--single-version-externally-managed'], 'cwd': '/home/racecar/racecar_ws/src/final_challenge2024/final_challenge', 'env': {'PYTHONIOENCODING': 'utf-8', 'HOSTNAME': '04bf17013a04', 'SSH_AGENT_PID': '1102', 'GIT_ASKPASS': '/home/racecar/.vscode-server/bin/8b3775030ed1a69b13e4f4c628c612102e30a681/extensions/git/dist/askpass.sh', 'SHLVL': '1', 'LD_LIBRARY_PATH': '/home/racecar/racecar_ws/install/vs_msgs/lib:/home/racecar/racecar_ws/install/custom_msgs/lib:/opt/ros/foxy/opt/yaml_cpp_vendor/lib:/opt/ros/foxy/opt/rviz_ogre_vendor/lib:/opt/ros/foxy/lib/x86_64-linux-gnu:/opt/ros/foxy/lib', 'BROWSER': '/home/racecar/.vscode-server/bin/8b3775030ed1a69b13e4f4c628c612102e30a681/bin/helpers/browser.sh', 'HOME': '/home/racecar', 'OLDPWD': '/home/racecar/racecar_ws/src/final_challenge2024/final_challenge', 'TERM_PROGRAM_VERSION': '1.85.2', 'VSCODE_IPC_HOOK_CLI': '/tmp/vscode-ipc-e1331d22-28c0-4c71-82b5-8cb010867826.sock', 'ROS_PYTHON_VERSION': '3', 'VSCODE_GIT_ASKPASS_MAIN': '/home/racecar/.vscode-server/bin/8b3775030ed1a69b13e4f4c628c612102e30a681/extensions/git/dist/askpass-main.js', 'VSCODE_GIT_ASKPASS_NODE': '/home/racecar/.vscode-server/bin/8b3775030ed1a69b13e4f4c628c612102e30a681/node', 'COLORTERM': 'truecolor', 'REMOTE_CONTAINERS': 'true', 'COLCON_PREFIX_PATH': '/home/racecar/racecar_ws/src/final_challenge2024/final_challenge/install:/home/racecar/racecar_ws/install:/home/sim_ws/install', 'ROS_DISTRO': 'foxy', 'REMOTE_CONTAINERS_IPC': '/tmp/vscode-remote-containers-ipc-81d13247-f535-4431-8394-e7b4095d6e89.sock', '_': '/usr/bin/colcon', 'ROS_VERSION': '2', 'TERM': 'xterm-256color', 'ROS_LOCALHOST_ONLY': '0', 'PATH': '/opt/ros/foxy/bin:/home/racecar/.vscode-server/bin/8b3775030ed1a69b13e4f4c628c612102e30a681/bin/remote-cli:/usr/local/sbin:/usr/local/bin:/usr/sbin:/usr/bin:/sbin:/bin', 'DISPLAY': '172.18.192.1:0.0', 'LANG': 'en_US.UTF-8', 'VSCODE_GIT_IPC_HANDLE': '/tmp/vscode-git-aec1aa4683.sock', 'TERM_PROGRAM': 'vscode', 'SSH_AUTH_SOCK': '/tmp/ssh-xiFwpqjhmxFw/agent.1101', 'AMENT_PREFIX_PATH': '/home/racecar/racecar_ws/src/final_challenge2024/final_challenge/install/final_challenge:/home/sim_ws/install/racecar_simulator:/home/racecar/racecar_ws/install/wall_follower:/home/racecar/racecar_ws/install/vs_msgs:/home/racecar/racecar_ws/install/visual_servoing:/home/racecar/racecar_ws/install/safety_controller:/home/racecar/racecar_ws/install/ros_exercises:/home/racecar/racecar_ws/install/localization:/opt/ros/foxy', 'SHELL': '/bin/bash', 'SIM_WS': '/home/sim_ws', 'VSCODE_GIT_ASKPASS_EXTRA_ARGS': '', 'PWD': '/home/racecar/racecar_ws/src/final_challenge2024/build/final_challenge', 'PYTHONPATH': '/home/racecar/racecar_ws/src/final_challenge2024/build/final_challenge/prefix_override:/home/racecar/racecar_ws/src/final_challenge2024/install/final_challenge/lib/python3.8/site-packages:/home/racecar/racecar_ws/src/final_challenge2024/final_challenge/build/final_challenge:/home/racecar/racecar_ws/src/final_challenge2024/final_challenge/install/final_challenge/lib/python3.8/site-packages:/home/racecar/racecar_ws/build/wall_follower:/home/racecar/racecar_ws/install/wall_follower/lib/python3.8/site-packages:/home/racecar/racecar_ws/install/vs_msgs/lib/python3.8/site-packages:/home/racecar/racecar_ws/build/visual_servoing:/home/racecar/racecar_ws/install/visual_servoing/lib/python3.8/site-packages:/home/racecar/racecar_ws/build/safety_controller:/home/racecar/racecar_ws/install/safety_controller/lib/python3.8/site-packages:/home/racecar/racecar_ws/build/ros_exercises:/home/racecar/racecar_ws/install/ros_exercises/lib/python3.8/site-packages:/home/racecar/racecar_ws/build/localization:/home/racecar/racecar_ws/install/localization/lib/python3.8/site-packages:/home/racecar/racecar_ws/install/custom_msgs/lib/python3.8/site-packages:/opt/ros/foxy/lib/python3.8/site-packages', 'NO_VNC_VERSION': '1.4.0', 'COLCON': '1', 'CMAKE_PREFIX_PATH': '/home/sim_ws/install/racecar_simulator:/home/racecar/racecar_ws/install/vs_msgs:/home/racecar/racecar_ws/install/custom_msgs'}, 'shell': False}
[14.415829] (-) TimerEvent: {}
[14.516504] (-) TimerEvent: {}
[14.617267] (-) TimerEvent: {}
[14.717980] (-) TimerEvent: {}
[14.818617] (-) TimerEvent: {}
[14.919249] (-) TimerEvent: {}
[15.019842] (-) TimerEvent: {}
[15.120526] (-) TimerEvent: {}
[15.221398] (-) TimerEvent: {}
[15.322037] (-) TimerEvent: {}
[15.422643] (-) TimerEvent: {}
[15.523345] (-) TimerEvent: {}
[15.624115] (-) TimerEvent: {}
[15.724768] (-) TimerEvent: {}
[15.825731] (-) TimerEvent: {}
[15.926358] (-) TimerEvent: {}
[16.028968] (-) TimerEvent: {}
[16.129729] (-) TimerEvent: {}
[16.230296] (-) TimerEvent: {}
[16.331032] (-) TimerEvent: {}
[16.432064] (-) TimerEvent: {}
[16.532877] (-) TimerEvent: {}
[16.633583] (-) TimerEvent: {}
[16.734194] (-) TimerEvent: {}
[16.834753] (-) TimerEvent: {}
[16.935344] (-) TimerEvent: {}
[17.036079] (-) TimerEvent: {}
[17.136963] (-) TimerEvent: {}
[17.237751] (-) TimerEvent: {}
[17.338438] (-) TimerEvent: {}
[17.439441] (-) TimerEvent: {}
[17.540228] (-) TimerEvent: {}
[17.640902] (-) TimerEvent: {}
[17.741544] (-) TimerEvent: {}
[17.842666] (-) TimerEvent: {}
[17.943405] (-) TimerEvent: {}
[18.044051] (-) TimerEvent: {}
[18.144820] (-) TimerEvent: {}
[18.245592] (-) TimerEvent: {}
[18.346574] (-) TimerEvent: {}
[18.447801] (-) TimerEvent: {}
[18.548529] (-) TimerEvent: {}
[18.649156] (-) TimerEvent: {}
[18.749812] (-) TimerEvent: {}
[18.850502] (-) TimerEvent: {}
[18.951249] (-) TimerEvent: {}
[19.051851] (-) TimerEvent: {}
[19.152529] (-) TimerEvent: {}
[19.253179] (-) TimerEvent: {}
[19.353878] (-) TimerEvent: {}
[19.455333] (-) TimerEvent: {}
[19.555973] (-) TimerEvent: {}
[19.648687] (final_challenge) StdoutLine: {'line': b'running egg_info\n'}
[19.654410] (final_challenge) StdoutLine: {'line': b'creating ../build/final_challenge/final_challenge.egg-info\n'}
[19.656071] (-) TimerEvent: {}
[19.658053] (final_challenge) StdoutLine: {'line': b'writing ../build/final_challenge/final_challenge.egg-info/PKG-INFO\n'}
[19.670525] (final_challenge) StdoutLine: {'line': b'writing dependency_links to ../build/final_challenge/final_challenge.egg-info/dependency_links.txt\n'}
[19.683438] (final_challenge) StdoutLine: {'line': b'writing entry points to ../build/final_challenge/final_challenge.egg-info/entry_points.txt\n'}
[19.689921] (final_challenge) StdoutLine: {'line': b'writing requirements to ../build/final_challenge/final_challenge.egg-info/requires.txt\n'}
[19.694478] (final_challenge) StdoutLine: {'line': b'writing top-level names to ../build/final_challenge/final_challenge.egg-info/top_level.txt\n'}
[19.744199] (final_challenge) StdoutLine: {'line': b"writing manifest file '../build/final_challenge/final_challenge.egg-info/SOURCES.txt'\n"}
[19.756203] (-) TimerEvent: {}
[19.856968] (-) TimerEvent: {}
[19.957728] (-) TimerEvent: {}
[19.991086] (final_challenge) StdoutLine: {'line': b"reading manifest file '../build/final_challenge/final_challenge.egg-info/SOURCES.txt'\n"}
[20.053950] (final_challenge) StdoutLine: {'line': b"writing manifest file '../build/final_challenge/final_challenge.egg-info/SOURCES.txt'\n"}
[20.057495] (final_challenge) StdoutLine: {'line': b'running build\n'}
[20.058536] (-) TimerEvent: {}
[20.059114] (final_challenge) StdoutLine: {'line': b'running build_py\n'}
[20.067588] (final_challenge) StdoutLine: {'line': b'creating /home/racecar/racecar_ws/src/final_challenge2024/build/final_challenge/build\n'}
[20.069820] (final_challenge) StdoutLine: {'line': b'creating /home/racecar/racecar_ws/src/final_challenge2024/build/final_challenge/build/lib\n'}
[20.072855] (final_challenge) StdoutLine: {'line': b'creating /home/racecar/racecar_ws/src/final_challenge2024/build/final_challenge/build/lib/final_challenge\n'}
[20.084821] (final_challenge) StdoutLine: {'line': b'copying final_challenge/__init__.py -> /home/racecar/racecar_ws/src/final_challenge2024/build/final_challenge/build/lib/final_challenge\n'}
[20.100939] (final_challenge) StdoutLine: {'line': b'running install\n'}
[20.134957] (final_challenge) StdoutLine: {'line': b'running install_lib\n'}
[20.158717] (-) TimerEvent: {}
[20.163010] (final_challenge) StdoutLine: {'line': b'creating /home/racecar/racecar_ws/src/final_challenge2024/install/final_challenge/lib/python3.8/site-packages/final_challenge\n'}
[20.184562] (final_challenge) StdoutLine: {'line': b'copying /home/racecar/racecar_ws/src/final_challenge2024/build/final_challenge/build/lib/final_challenge/__init__.py -> /home/racecar/racecar_ws/src/final_challenge2024/install/final_challenge/lib/python3.8/site-packages/final_challenge\n'}
[20.258088] (final_challenge) StdoutLine: {'line': b'byte-compiling /home/racecar/racecar_ws/src/final_challenge2024/install/final_challenge/lib/python3.8/site-packages/final_challenge/__init__.py to __init__.cpython-38.pyc\n'}
[20.259154] (-) TimerEvent: {}
[20.297413] (final_challenge) StdoutLine: {'line': b'running install_data\n'}
[20.307116] (final_challenge) StdoutLine: {'line': b'creating /home/racecar/racecar_ws/src/final_challenge2024/install/final_challenge/share/ament_index\n'}
[20.309317] (final_challenge) StdoutLine: {'line': b'creating /home/racecar/racecar_ws/src/final_challenge2024/install/final_challenge/share/ament_index/resource_index\n'}
[20.311807] (final_challenge) StdoutLine: {'line': b'creating /home/racecar/racecar_ws/src/final_challenge2024/install/final_challenge/share/ament_index/resource_index/packages\n'}
[20.324830] (final_challenge) StdoutLine: {'line': b'copying resource/final_challenge -> /home/racecar/racecar_ws/src/final_challenge2024/install/final_challenge/share/ament_index/resource_index/packages\n'}
[20.352486] (final_challenge) StdoutLine: {'line': b'copying package.xml -> /home/racecar/racecar_ws/src/final_challenge2024/install/final_challenge/share/final_challenge\n'}
[20.359285] (-) TimerEvent: {}
[20.369096] (final_challenge) StdoutLine: {'line': b'running install_egg_info\n'}
[20.425943] (final_challenge) StdoutLine: {'line': b'Copying ../build/final_challenge/final_challenge.egg-info to /home/racecar/racecar_ws/src/final_challenge2024/install/final_challenge/lib/python3.8/site-packages/final_challenge-0.0.0-py3.8.egg-info\n'}
[20.459443] (-) TimerEvent: {}
[20.560064] (-) TimerEvent: {}
[20.660741] (-) TimerEvent: {}
[20.737734] (final_challenge) StdoutLine: {'line': b'running install_scripts\n'}
[20.760899] (-) TimerEvent: {}
[20.861479] (-) TimerEvent: {}
[20.962162] (-) TimerEvent: {}
[21.016995] (final_challenge) StdoutLine: {'line': b"writing list of installed files to '/home/racecar/racecar_ws/src/final_challenge2024/build/final_challenge/install.log'\n"}
[21.046082] (final_challenge) CommandEnded: {'returncode': 0}
[21.062308] (-) TimerEvent: {}
[21.162995] (-) TimerEvent: {}
[21.263727] (-) TimerEvent: {}
[21.364393] (-) TimerEvent: {}
[21.465003] (-) TimerEvent: {}
[21.565713] (-) TimerEvent: {}
[21.666350] (-) TimerEvent: {}
[21.764078] (final_challenge) JobEnded: {'identifier': 'final_challenge', 'rc': 0}
[21.774961] (-) TimerEvent: {}
[21.775511] (-) EventReactorShutdown: {}
