[8.744s] DEBUG:colcon:Command line arguments: ['/usr/bin/colcon', 'build', '--packages-select', 'final_challenge']
[8.745s] DEBUG:colcon:Parsed command line arguments: Namespace(ament_cmake_args=None, base_paths=['.'], build_base='build', catkin_cmake_args=None, catkin_skip_building_tests=False, cmake_args=None, cmake_clean_cache=False, cmake_clean_first=False, cmake_force_configure=False, cmake_target=None, cmake_target_skip_unavailable=False, continue_on_error=False, event_handlers=None, executor='parallel', ignore_user_meta=False, install_base='install', log_base=None, log_level=None, main=<bound method BuildVerb.main of <colcon_core.verb.build.BuildVerb object at 0x7fbe0ea8dc10>>, merge_install=False, metas=['./colcon.meta'], packages_above=None, packages_above_and_dependencies=None, packages_above_depth=None, packages_end=None, packages_ignore=None, packages_ignore_regex=None, packages_select=['final_challenge'], packages_select_build_failed=False, packages_select_by_dep=None, packages_select_regex=None, packages_select_test_failures=False, packages_skip=None, packages_skip_build_finished=False, packages_skip_by_dep=None, packages_skip_regex=None, packages_skip_test_passed=False, packages_skip_up_to=None, packages_start=None, packages_up_to=None, packages_up_to_regex=None, parallel_workers=8, paths=None, symlink_install=False, test_result_base=None, verb_extension=<colcon_core.verb.build.BuildVerb object at 0x7fbe0ea8dc10>, verb_name='build', verb_parser=<colcon_defaults.argument_parser.defaults.DefaultArgumentsDecorator object at 0x7fbe0e66efa0>)
[9.325s] Level 1:colcon.colcon_core.package_discovery:discover_packages(colcon_meta) check parameters
[9.327s] Level 1:colcon.colcon_core.package_discovery:discover_packages(recursive) check parameters
[9.328s] Level 1:colcon.colcon_core.package_discovery:discover_packages(ignore) check parameters
[9.328s] Level 1:colcon.colcon_core.package_discovery:discover_packages(path) check parameters
[9.329s] Level 1:colcon.colcon_core.package_discovery:discover_packages(colcon_meta) discover
[9.330s] Level 1:colcon.colcon_core.package_discovery:discover_packages(recursive) discover
[9.330s] INFO:colcon.colcon_core.package_discovery:Crawling recursively for packages in '/home/racecar/racecar_ws/src/final_challenge2024'
[9.334s] Level 1:colcon.colcon_core.package_identification:_identify(.) by extensions ['ignore', 'ignore_ament_install']
[9.334s] Level 1:colcon.colcon_core.package_identification:_identify(.) by extension 'ignore'
[9.335s] Level 1:colcon.colcon_core.package_identification:_identify(.) by extension 'ignore_ament_install'
[9.336s] Level 1:colcon.colcon_core.package_identification:_identify(.) by extensions ['colcon_pkg']
[9.337s] Level 1:colcon.colcon_core.package_identification:_identify(.) by extension 'colcon_pkg'
[9.337s] Level 1:colcon.colcon_core.package_identification:_identify(.) by extensions ['colcon_meta']
[9.337s] Level 1:colcon.colcon_core.package_identification:_identify(.) by extension 'colcon_meta'
[9.338s] Level 1:colcon.colcon_core.package_identification:_identify(.) by extensions ['ros']
[9.338s] Level 1:colcon.colcon_core.package_identification:_identify(.) by extension 'ros'
[9.384s] Level 1:colcon.colcon_core.package_identification:_identify(.) by extensions ['cmake', 'python']
[9.384s] Level 1:colcon.colcon_core.package_identification:_identify(.) by extension 'cmake'
[9.385s] Level 1:colcon.colcon_core.package_identification:_identify(.) by extension 'python'
[9.386s] Level 1:colcon.colcon_core.package_identification:_identify(.) by extensions ['python_setup_py']
[9.386s] Level 1:colcon.colcon_core.package_identification:_identify(.) by extension 'python_setup_py'
[9.388s] Level 1:colcon.colcon_core.package_identification:_identify(build) by extensions ['ignore', 'ignore_ament_install']
[9.389s] Level 1:colcon.colcon_core.package_identification:_identify(build) by extension 'ignore'
[9.390s] Level 1:colcon.colcon_core.package_identification:_identify(build) ignored
[9.393s] Level 1:colcon.colcon_core.package_identification:_identify(city_driving) by extensions ['ignore', 'ignore_ament_install']
[9.393s] Level 1:colcon.colcon_core.package_identification:_identify(city_driving) by extension 'ignore'
[9.394s] Level 1:colcon.colcon_core.package_identification:_identify(city_driving) by extension 'ignore_ament_install'
[9.396s] Level 1:colcon.colcon_core.package_identification:_identify(city_driving) by extensions ['colcon_pkg']
[9.397s] Level 1:colcon.colcon_core.package_identification:_identify(city_driving) by extension 'colcon_pkg'
[9.398s] Level 1:colcon.colcon_core.package_identification:_identify(city_driving) by extensions ['colcon_meta']
[9.398s] Level 1:colcon.colcon_core.package_identification:_identify(city_driving) by extension 'colcon_meta'
[9.399s] Level 1:colcon.colcon_core.package_identification:_identify(city_driving) by extensions ['ros']
[9.400s] Level 1:colcon.colcon_core.package_identification:_identify(city_driving) by extension 'ros'
[9.404s] Level 1:colcon.colcon_core.package_identification:_identify(city_driving) by extensions ['cmake', 'python']
[9.405s] Level 1:colcon.colcon_core.package_identification:_identify(city_driving) by extension 'cmake'
[9.405s] Level 1:colcon.colcon_core.package_identification:_identify(city_driving) by extension 'python'
[9.406s] Level 1:colcon.colcon_core.package_identification:_identify(city_driving) by extensions ['python_setup_py']
[9.406s] Level 1:colcon.colcon_core.package_identification:_identify(city_driving) by extension 'python_setup_py'
[9.413s] Level 1:colcon.colcon_core.package_identification:_identify(city_driving/stop_detector) by extensions ['ignore', 'ignore_ament_install']
[9.414s] Level 1:colcon.colcon_core.package_identification:_identify(city_driving/stop_detector) by extension 'ignore'
[9.416s] Level 1:colcon.colcon_core.package_identification:_identify(city_driving/stop_detector) by extension 'ignore_ament_install'
[9.419s] Level 1:colcon.colcon_core.package_identification:_identify(city_driving/stop_detector) by extensions ['colcon_pkg']
[9.419s] Level 1:colcon.colcon_core.package_identification:_identify(city_driving/stop_detector) by extension 'colcon_pkg'
[9.420s] Level 1:colcon.colcon_core.package_identification:_identify(city_driving/stop_detector) by extensions ['colcon_meta']
[9.421s] Level 1:colcon.colcon_core.package_identification:_identify(city_driving/stop_detector) by extension 'colcon_meta'
[9.422s] Level 1:colcon.colcon_core.package_identification:_identify(city_driving/stop_detector) by extensions ['ros']
[9.422s] Level 1:colcon.colcon_core.package_identification:_identify(city_driving/stop_detector) by extension 'ros'
[9.427s] Level 1:colcon.colcon_core.package_identification:_identify(city_driving/stop_detector) by extensions ['cmake', 'python']
[9.428s] Level 1:colcon.colcon_core.package_identification:_identify(city_driving/stop_detector) by extension 'cmake'
[9.429s] Level 1:colcon.colcon_core.package_identification:_identify(city_driving/stop_detector) by extension 'python'
[9.431s] Level 1:colcon.colcon_core.package_identification:_identify(city_driving/stop_detector) by extensions ['python_setup_py']
[9.431s] Level 1:colcon.colcon_core.package_identification:_identify(city_driving/stop_detector) by extension 'python_setup_py'
[9.436s] Level 1:colcon.colcon_core.package_identification:_identify(config) by extensions ['ignore', 'ignore_ament_install']
[9.437s] Level 1:colcon.colcon_core.package_identification:_identify(config) by extension 'ignore'
[9.438s] Level 1:colcon.colcon_core.package_identification:_identify(config) by extension 'ignore_ament_install'
[9.439s] Level 1:colcon.colcon_core.package_identification:_identify(config) by extensions ['colcon_pkg']
[9.439s] Level 1:colcon.colcon_core.package_identification:_identify(config) by extension 'colcon_pkg'
[9.440s] Level 1:colcon.colcon_core.package_identification:_identify(config) by extensions ['colcon_meta']
[9.440s] Level 1:colcon.colcon_core.package_identification:_identify(config) by extension 'colcon_meta'
[9.441s] Level 1:colcon.colcon_core.package_identification:_identify(config) by extensions ['ros']
[9.441s] Level 1:colcon.colcon_core.package_identification:_identify(config) by extension 'ros'
[9.448s] Level 1:colcon.colcon_core.package_identification:_identify(config) by extensions ['cmake', 'python']
[9.448s] Level 1:colcon.colcon_core.package_identification:_identify(config) by extension 'cmake'
[9.449s] Level 1:colcon.colcon_core.package_identification:_identify(config) by extension 'python'
[9.450s] Level 1:colcon.colcon_core.package_identification:_identify(config) by extensions ['python_setup_py']
[9.450s] Level 1:colcon.colcon_core.package_identification:_identify(config) by extension 'python_setup_py'
[9.452s] Level 1:colcon.colcon_core.package_identification:_identify(final_challenge) by extensions ['ignore', 'ignore_ament_install']
[9.452s] Level 1:colcon.colcon_core.package_identification:_identify(final_challenge) by extension 'ignore'
[9.453s] Level 1:colcon.colcon_core.package_identification:_identify(final_challenge) by extension 'ignore_ament_install'
[9.454s] Level 1:colcon.colcon_core.package_identification:_identify(final_challenge) by extensions ['colcon_pkg']
[9.454s] Level 1:colcon.colcon_core.package_identification:_identify(final_challenge) by extension 'colcon_pkg'
[9.454s] Level 1:colcon.colcon_core.package_identification:_identify(final_challenge) by extensions ['colcon_meta']
[9.454s] Level 1:colcon.colcon_core.package_identification:_identify(final_challenge) by extension 'colcon_meta'
[9.455s] Level 1:colcon.colcon_core.package_identification:_identify(final_challenge) by extensions ['ros']
[9.455s] Level 1:colcon.colcon_core.package_identification:_identify(final_challenge) by extension 'ros'
[9.463s] DEBUG:colcon.colcon_core.package_identification:Package 'final_challenge' with type 'ros.ament_python' and name 'final_challenge'
[9.466s] Level 1:colcon.colcon_core.package_identification:_identify(install) by extensions ['ignore', 'ignore_ament_install']
[9.466s] Level 1:colcon.colcon_core.package_identification:_identify(install) by extension 'ignore'
[9.468s] Level 1:colcon.colcon_core.package_identification:_identify(install) ignored
[9.472s] Level 1:colcon.colcon_core.package_identification:_identify(log) by extensions ['ignore', 'ignore_ament_install']
[9.472s] Level 1:colcon.colcon_core.package_identification:_identify(log) by extension 'ignore'
[9.473s] Level 1:colcon.colcon_core.package_identification:_identify(log) ignored
[9.478s] Level 1:colcon.colcon_core.package_identification:_identify(media) by extensions ['ignore', 'ignore_ament_install']
[9.479s] Level 1:colcon.colcon_core.package_identification:_identify(media) by extension 'ignore'
[9.480s] Level 1:colcon.colcon_core.package_identification:_identify(media) by extension 'ignore_ament_install'
[9.481s] Level 1:colcon.colcon_core.package_identification:_identify(media) by extensions ['colcon_pkg']
[9.481s] Level 1:colcon.colcon_core.package_identification:_identify(media) by extension 'colcon_pkg'
[9.482s] Level 1:colcon.colcon_core.package_identification:_identify(media) by extensions ['colcon_meta']
[9.482s] Level 1:colcon.colcon_core.package_identification:_identify(media) by extension 'colcon_meta'
[9.483s] Level 1:colcon.colcon_core.package_identification:_identify(media) by extensions ['ros']
[9.483s] Level 1:colcon.colcon_core.package_identification:_identify(media) by extension 'ros'
[9.486s] Level 1:colcon.colcon_core.package_identification:_identify(media) by extensions ['cmake', 'python']
[9.486s] Level 1:colcon.colcon_core.package_identification:_identify(media) by extension 'cmake'
[9.488s] Level 1:colcon.colcon_core.package_identification:_identify(media) by extension 'python'
[9.489s] Level 1:colcon.colcon_core.package_identification:_identify(media) by extensions ['python_setup_py']
[9.489s] Level 1:colcon.colcon_core.package_identification:_identify(media) by extension 'python_setup_py'
[9.490s] Level 1:colcon.colcon_core.package_discovery:discover_packages(recursive) using defaults
[9.491s] Level 1:colcon.colcon_core.package_discovery:discover_packages(ignore) discover
[9.491s] Level 1:colcon.colcon_core.package_discovery:discover_packages(ignore) using defaults
[9.491s] Level 1:colcon.colcon_core.package_discovery:discover_packages(path) discover
[9.492s] Level 1:colcon.colcon_core.package_discovery:discover_packages(path) using defaults
[10.295s] Level 5:colcon.colcon_core.verb:set package 'final_challenge' build argument 'cmake_args' from command line to 'None'
[10.296s] Level 5:colcon.colcon_core.verb:set package 'final_challenge' build argument 'cmake_target' from command line to 'None'
[10.296s] Level 5:colcon.colcon_core.verb:set package 'final_challenge' build argument 'cmake_target_skip_unavailable' from command line to 'False'
[10.297s] Level 5:colcon.colcon_core.verb:set package 'final_challenge' build argument 'cmake_clean_cache' from command line to 'False'
[10.297s] Level 5:colcon.colcon_core.verb:set package 'final_challenge' build argument 'cmake_clean_first' from command line to 'False'
[10.297s] Level 5:colcon.colcon_core.verb:set package 'final_challenge' build argument 'cmake_force_configure' from command line to 'False'
[10.298s] Level 5:colcon.colcon_core.verb:set package 'final_challenge' build argument 'ament_cmake_args' from command line to 'None'
[10.298s] Level 5:colcon.colcon_core.verb:set package 'final_challenge' build argument 'catkin_cmake_args' from command line to 'None'
[10.299s] Level 5:colcon.colcon_core.verb:set package 'final_challenge' build argument 'catkin_skip_building_tests' from command line to 'False'
[10.299s] DEBUG:colcon.colcon_core.verb:Building package 'final_challenge' with the following arguments: {'ament_cmake_args': None, 'build_base': '/home/racecar/racecar_ws/src/final_challenge2024/build/final_challenge', 'catkin_cmake_args': None, 'catkin_skip_building_tests': False, 'cmake_args': None, 'cmake_clean_cache': False, 'cmake_clean_first': False, 'cmake_force_configure': False, 'cmake_target': None, 'cmake_target_skip_unavailable': False, 'install_base': '/home/racecar/racecar_ws/src/final_challenge2024/install/final_challenge', 'merge_install': False, 'path': '/home/racecar/racecar_ws/src/final_challenge2024/final_challenge', 'symlink_install': False, 'test_result_base': None}
[10.417s] INFO:colcon.colcon_core.executor:Executing jobs using 'parallel' executor
[10.532s] DEBUG:colcon.colcon_parallel_executor.executor.parallel:run_until_complete
[10.533s] INFO:colcon.colcon_ros.task.ament_python.build:Building ROS package in '/home/racecar/racecar_ws/src/final_challenge2024/final_challenge' with build type 'ament_python'
[10.533s] Level 1:colcon.colcon_core.shell:create_environment_hook('final_challenge', 'ament_prefix_path')
[10.719s] INFO:colcon.colcon_core.plugin_system:Skipping extension 'colcon_core.shell.bat': Not used on non-Windows systems
[10.720s] INFO:colcon.colcon_core.shell:Creating environment hook '/home/racecar/racecar_ws/src/final_challenge2024/install/final_challenge/share/final_challenge/hook/ament_prefix_path.ps1'
[10.741s] INFO:colcon.colcon_core.shell:Creating environment descriptor '/home/racecar/racecar_ws/src/final_challenge2024/install/final_challenge/share/final_challenge/hook/ament_prefix_path.dsv'
[10.761s] INFO:colcon.colcon_core.shell:Creating environment hook '/home/racecar/racecar_ws/src/final_challenge2024/install/final_challenge/share/final_challenge/hook/ament_prefix_path.sh'
[10.905s] INFO:colcon.colcon_core.shell:Skip shell extension 'powershell' for command environment: Not usable outside of PowerShell
[10.906s] DEBUG:colcon.colcon_core.shell:Skip shell extension 'dsv' for command environment
[16.543s] INFO:colcon.colcon_core.task.python.build:Building Python package in '/home/racecar/racecar_ws/src/final_challenge2024/final_challenge'
[16.658s] INFO:colcon.colcon_core.shell:Skip shell extension 'powershell' for command environment: Not usable outside of PowerShell
[16.658s] DEBUG:colcon.colcon_core.shell:Skip shell extension 'dsv' for command environment
[24.932s] DEBUG:colcon.colcon_core.event_handler.log_command:Invoking command in '/home/racecar/racecar_ws/src/final_challenge2024/final_challenge': PYTHONPATH=/home/racecar/racecar_ws/src/final_challenge2024/build/final_challenge/prefix_override:/home/racecar/racecar_ws/src/final_challenge2024/install/final_challenge/lib/python3.8/site-packages:${PYTHONPATH} /usr/bin/python3 setup.py egg_info --egg-base ../build/final_challenge build --build-base /home/racecar/racecar_ws/src/final_challenge2024/build/final_challenge/build install --record /home/racecar/racecar_ws/src/final_challenge2024/build/final_challenge/install.log --install-scripts $base/lib/final_challenge --single-version-externally-managed
[31.586s] DEBUG:colcon.colcon_core.event_handler.log_command:Invoked command in '/home/racecar/racecar_ws/src/final_challenge2024/final_challenge' returned '0': PYTHONPATH=/home/racecar/racecar_ws/src/final_challenge2024/build/final_challenge/prefix_override:/home/racecar/racecar_ws/src/final_challenge2024/install/final_challenge/lib/python3.8/site-packages:${PYTHONPATH} /usr/bin/python3 setup.py egg_info --egg-base ../build/final_challenge build --build-base /home/racecar/racecar_ws/src/final_challenge2024/build/final_challenge/build install --record /home/racecar/racecar_ws/src/final_challenge2024/build/final_challenge/install.log --install-scripts $base/lib/final_challenge --single-version-externally-managed
[31.765s] Level 1:colcon.colcon_core.environment:checking '/home/racecar/racecar_ws/src/final_challenge2024/install/final_challenge' for CMake module files
[31.809s] Level 1:colcon.colcon_core.environment:checking '/home/racecar/racecar_ws/src/final_challenge2024/install/final_challenge' for CMake config files
[31.889s] Level 1:colcon.colcon_core.environment:checking '/home/racecar/racecar_ws/src/final_challenge2024/install/final_challenge/lib'
[31.895s] Level 1:colcon.colcon_core.environment:checking '/home/racecar/racecar_ws/src/final_challenge2024/install/final_challenge/bin'
[31.897s] Level 1:colcon.colcon_core.environment:checking '/home/racecar/racecar_ws/src/final_challenge2024/install/final_challenge/lib/pkgconfig/final_challenge.pc'
[31.899s] Level 1:colcon.colcon_core.environment:checking '/home/racecar/racecar_ws/src/final_challenge2024/install/final_challenge/lib/python3.8/site-packages'
[31.903s] Level 1:colcon.colcon_core.shell:create_environment_hook('final_challenge', 'pythonpath')
[32.023s] INFO:colcon.colcon_core.shell:Creating environment hook '/home/racecar/racecar_ws/src/final_challenge2024/install/final_challenge/share/final_challenge/hook/pythonpath.ps1'
[32.043s] INFO:colcon.colcon_core.shell:Creating environment descriptor '/home/racecar/racecar_ws/src/final_challenge2024/install/final_challenge/share/final_challenge/hook/pythonpath.dsv'
[32.058s] INFO:colcon.colcon_core.shell:Creating environment hook '/home/racecar/racecar_ws/src/final_challenge2024/install/final_challenge/share/final_challenge/hook/pythonpath.sh'
[32.077s] Level 1:colcon.colcon_core.environment:checking '/home/racecar/racecar_ws/src/final_challenge2024/install/final_challenge/bin'
[32.080s] Level 1:colcon.colcon_core.environment:create_environment_scripts_only(final_challenge)
[32.192s] INFO:colcon.colcon_core.shell:Creating package script '/home/racecar/racecar_ws/src/final_challenge2024/install/final_challenge/share/final_challenge/package.ps1'
[32.209s] INFO:colcon.colcon_core.shell:Creating package descriptor '/home/racecar/racecar_ws/src/final_challenge2024/install/final_challenge/share/final_challenge/package.dsv'
[32.226s] INFO:colcon.colcon_core.shell:Creating package script '/home/racecar/racecar_ws/src/final_challenge2024/install/final_challenge/share/final_challenge/package.sh'
[32.245s] INFO:colcon.colcon_core.shell:Creating package script '/home/racecar/racecar_ws/src/final_challenge2024/install/final_challenge/share/final_challenge/package.bash'
[32.267s] INFO:colcon.colcon_core.shell:Creating package script '/home/racecar/racecar_ws/src/final_challenge2024/install/final_challenge/share/final_challenge/package.zsh'
[32.283s] Level 1:colcon.colcon_core.environment:create_file_with_runtime_dependencies(/home/racecar/racecar_ws/src/final_challenge2024/install/final_challenge/share/colcon-core/packages/final_challenge)
[32.301s] DEBUG:colcon.colcon_parallel_executor.executor.parallel:closing loop
[32.302s] DEBUG:colcon.colcon_parallel_executor.executor.parallel:loop closed
[32.302s] DEBUG:colcon.colcon_parallel_executor.executor.parallel:run_until_complete finished with '0'
[32.302s] DEBUG:colcon.colcon_core.event_reactor:joining thread
[32.615s] INFO:colcon.colcon_core.plugin_system:Skipping extension 'colcon_notification.desktop_notification.notify_send': Could not find 'notify-send'
[32.616s] INFO:colcon.colcon_core.plugin_system:Skipping extension 'colcon_notification.desktop_notification.terminal_notifier': Not used on non-Darwin systems
[32.616s] INFO:colcon.colcon_core.plugin_system:Skipping extension 'colcon_notification.desktop_notification.win32': Not used on non-Windows systems
[32.617s] INFO:colcon.colcon_notification.desktop_notification:Sending desktop notification using 'notify2'
[35.859s] DEBUG:colcon.colcon_notification.desktop_notification.notify2:Failed to initialize notify2: org.freedesktop.DBus.Error.Spawn.ExecFailed: /usr/bin/dbus-launch terminated abnormally with the following error: Autolaunch error: X11 initialization failed.

[35.860s] DEBUG:colcon.colcon_core.event_reactor:joined thread
[36.023s] INFO:colcon.colcon_core.shell:Creating prefix script '/home/racecar/racecar_ws/src/final_challenge2024/install/local_setup.ps1'
[36.035s] INFO:colcon.colcon_core.shell:Creating prefix util module '/home/racecar/racecar_ws/src/final_challenge2024/install/_local_setup_util_ps1.py'
[36.045s] INFO:colcon.colcon_core.shell:Creating prefix chain script '/home/racecar/racecar_ws/src/final_challenge2024/install/setup.ps1'
[36.246s] INFO:colcon.colcon_core.shell:Creating prefix script '/home/racecar/racecar_ws/src/final_challenge2024/install/local_setup.sh'
[36.255s] INFO:colcon.colcon_core.shell:Creating prefix util module '/home/racecar/racecar_ws/src/final_challenge2024/install/_local_setup_util_sh.py'
[36.268s] INFO:colcon.colcon_core.shell:Creating prefix chain script '/home/racecar/racecar_ws/src/final_challenge2024/install/setup.sh'
[36.495s] INFO:colcon.colcon_core.shell:Creating prefix script '/home/racecar/racecar_ws/src/final_challenge2024/install/local_setup.bash'
[36.501s] INFO:colcon.colcon_core.shell:Creating prefix chain script '/home/racecar/racecar_ws/src/final_challenge2024/install/setup.bash'
[36.699s] INFO:colcon.colcon_core.shell:Creating prefix script '/home/racecar/racecar_ws/src/final_challenge2024/install/local_setup.zsh'
[36.706s] INFO:colcon.colcon_core.shell:Creating prefix chain script '/home/racecar/racecar_ws/src/final_challenge2024/install/setup.zsh'
