[0.000000] (-) TimerEvent: {}
[0.000653] (final_challenge) JobQueued: {'identifier': 'final_challenge', 'dependencies': OrderedDict()}
[0.000952] (final_challenge) JobStarted: {'identifier': 'final_challenge'}
[0.095513] (-) TimerEvent: {}
[0.196164] (-) TimerEvent: {}
[0.297019] (-) TimerEvent: {}
[0.397619] (-) TimerEvent: {}
[0.499367] (-) TimerEvent: {}
[0.600847] (-) TimerEvent: {}
[0.701847] (-) TimerEvent: {}
[0.802444] (-) TimerEvent: {}
[0.902975] (-) TimerEvent: {}
[1.012367] (-) TimerEvent: {}
[1.113876] (-) TimerEvent: {}
[1.214689] (-) TimerEvent: {}
[1.316418] (-) TimerEvent: {}
[1.418731] (-) TimerEvent: {}
[1.521492] (-) TimerEvent: {}
[1.622670] (-) TimerEvent: {}
[1.723466] (-) TimerEvent: {}
[1.824394] (-) TimerEvent: {}
[1.925225] (-) TimerEvent: {}
[2.026008] (-) TimerEvent: {}
[2.126686] (-) TimerEvent: {}
[2.227390] (-) TimerEvent: {}
[2.328054] (-) TimerEvent: {}
[2.428700] (-) TimerEvent: {}
[2.529767] (-) TimerEvent: {}
[2.630571] (-) TimerEvent: {}
[2.731266] (-) TimerEvent: {}
[2.831892] (-) TimerEvent: {}
[2.932778] (-) TimerEvent: {}
[3.033429] (-) TimerEvent: {}
[3.134072] (-) TimerEvent: {}
[3.234715] (-) TimerEvent: {}
[3.335309] (-) TimerEvent: {}
[3.435892] (-) TimerEvent: {}
[3.536558] (-) TimerEvent: {}
[3.637220] (-) TimerEvent: {}
[3.738194] (-) TimerEvent: {}
[3.838838] (-) TimerEvent: {}
[3.939481] (-) TimerEvent: {}
[4.040487] (-) TimerEvent: {}
[4.141136] (-) TimerEvent: {}
[4.241723] (-) TimerEvent: {}
[4.342693] (-) TimerEvent: {}
[4.443353] (-) TimerEvent: {}
[4.543967] (-) TimerEvent: {}
[4.644588] (-) TimerEvent: {}
[4.745269] (-) TimerEvent: {}
[4.846062] (-) TimerEvent: {}
[4.946949] (-) TimerEvent: {}
[5.047623] (-) TimerEvent: {}
[5.148389] (-) TimerEvent: {}
[5.249333] (-) TimerEvent: {}
[5.350074] (-) TimerEvent: {}
[5.451039] (-) TimerEvent: {}
[5.551865] (-) TimerEvent: {}
[5.652864] (-) TimerEvent: {}
[5.753377] (-) TimerEvent: {}
[5.853926] (-) TimerEvent: {}
[5.954652] (-) TimerEvent: {}
[6.055283] (-) TimerEvent: {}
[6.156032] (-) TimerEvent: {}
[6.256824] (-) TimerEvent: {}
[6.357613] (-) TimerEvent: {}
[6.458275] (-) TimerEvent: {}
[6.558904] (-) TimerEvent: {}
[6.659617] (-) TimerEvent: {}
[6.760339] (-) TimerEvent: {}
[6.860955] (-) TimerEvent: {}
[6.961522] (-) TimerEvent: {}
[7.062446] (-) TimerEvent: {}
[7.164856] (-) TimerEvent: {}
[7.265856] (-) TimerEvent: {}
[7.366546] (-) TimerEvent: {}
[7.467113] (-) TimerEvent: {}
[7.567893] (-) TimerEvent: {}
[7.668771] (-) TimerEvent: {}
[7.769306] (-) TimerEvent: {}
[7.869961] (-) TimerEvent: {}
[7.971028] (-) TimerEvent: {}
[8.072052] (-) TimerEvent: {}
[8.172664] (-) TimerEvent: {}
[8.273960] (-) TimerEvent: {}
[8.374732] (-) TimerEvent: {}
[8.475338] (-) TimerEvent: {}
[8.576069] (-) TimerEvent: {}
[8.676861] (-) TimerEvent: {}
[8.777409] (-) TimerEvent: {}
[8.878041] (-) TimerEvent: {}
[8.979033] (-) TimerEvent: {}
[9.079637] (-) TimerEvent: {}
[9.180240] (-) TimerEvent: {}
[9.281092] (-) TimerEvent: {}
[9.381691] (-) TimerEvent: {}
[9.482303] (-) TimerEvent: {}
[9.582912] (-) TimerEvent: {}
[9.683593] (-) TimerEvent: {}
[9.784701] (-) TimerEvent: {}
[9.885299] (-) TimerEvent: {}
[9.985995] (-) TimerEvent: {}
[10.086859] (-) TimerEvent: {}
[10.187677] (-) TimerEvent: {}
[10.288328] (-) TimerEvent: {}
[10.389268] (-) TimerEvent: {}
[10.489892] (-) TimerEvent: {}
[10.591821] (-) TimerEvent: {}
[10.692506] (-) TimerEvent: {}
[10.793169] (-) TimerEvent: {}
[10.893976] (-) TimerEvent: {}
[10.994974] (-) TimerEvent: {}
[11.095795] (-) TimerEvent: {}
[11.196451] (-) TimerEvent: {}
[11.297357] (-) TimerEvent: {}
[11.398006] (-) TimerEvent: {}
[11.498674] (-) TimerEvent: {}
[11.599419] (-) TimerEvent: {}
[11.700219] (-) TimerEvent: {}
[11.801074] (-) TimerEvent: {}
[11.901630] (-) TimerEvent: {}
[12.002663] (-) TimerEvent: {}
[12.103338] (-) TimerEvent: {}
[12.203911] (-) TimerEvent: {}
[12.304442] (-) TimerEvent: {}
[12.405197] (-) TimerEvent: {}
[12.505825] (-) TimerEvent: {}
[12.606456] (-) TimerEvent: {}
[12.707489] (-) TimerEvent: {}
[12.808390] (-) TimerEvent: {}
[12.909344] (-) TimerEvent: {}
[13.010110] (-) TimerEvent: {}
[13.111014] (-) TimerEvent: {}
[13.211745] (-) TimerEvent: {}
[13.313536] (-) TimerEvent: {}
[13.414204] (-) TimerEvent: {}
[13.515225] (-) TimerEvent: {}
[13.615941] (-) TimerEvent: {}
[13.716590] (-) TimerEvent: {}
[13.817282] (-) TimerEvent: {}
[13.918195] (-) TimerEvent: {}
[14.018785] (-) TimerEvent: {}
[14.119401] (-) TimerEvent: {}
[14.220053] (-) TimerEvent: {}
[14.320721] (-) TimerEvent: {}
[14.421321] (-) TimerEvent: {}
[14.522124] (-) TimerEvent: {}
[14.622752] (-) TimerEvent: {}
[14.723363] (-) TimerEvent: {}
[14.824077] (-) TimerEvent: {}
[14.924664] (-) TimerEvent: {}
[15.025509] (-) TimerEvent: {}
[15.126272] (-) TimerEvent: {}
[15.227334] (-) TimerEvent: {}
[15.328334] (-) TimerEvent: {}
[15.429139] (-) TimerEvent: {}
[15.529775] (-) TimerEvent: {}
[15.630442] (-) TimerEvent: {}
[15.731116] (-) TimerEvent: {}
[15.831883] (-) TimerEvent: {}
[15.932402] (-) TimerEvent: {}
[16.033048] (-) TimerEvent: {}
[16.133730] (-) TimerEvent: {}
[16.234353] (-) TimerEvent: {}
[16.280359] (final_challenge) Command: {'cmd': ['/usr/bin/python3', 'setup.py', 'develop', '--editable', '--build-directory', '/home/racecar/racecar_ws/src/final_challenge2024/build/final_challenge/build', '--no-deps', 'install_data'], 'cwd': '/home/racecar/racecar_ws/src/final_challenge2024/build/final_challenge', 'env': {'PYTHONIOENCODING': 'utf-8', 'HOSTNAME': '04bf17013a04', 'SSH_AGENT_PID': '1102', 'GIT_ASKPASS': '/home/racecar/.vscode-server/bin/8b3775030ed1a69b13e4f4c628c612102e30a681/extensions/git/dist/askpass.sh', 'SHLVL': '1', 'LD_LIBRARY_PATH': '/home/racecar/racecar_ws/install/vs_msgs/lib:/home/racecar/racecar_ws/install/custom_msgs/lib:/opt/ros/foxy/opt/yaml_cpp_vendor/lib:/opt/ros/foxy/opt/rviz_ogre_vendor/lib:/opt/ros/foxy/lib/x86_64-linux-gnu:/opt/ros/foxy/lib', 'BROWSER': '/home/racecar/.vscode-server/bin/8b3775030ed1a69b13e4f4c628c612102e30a681/bin/helpers/browser.sh', 'HOME': '/home/racecar', 'OLDPWD': '/home/racecar/racecar_ws/src/final_challenge2024/final_challenge', 'TERM_PROGRAM_VERSION': '1.85.2', 'VSCODE_IPC_HOOK_CLI': '/tmp/vscode-ipc-e1331d22-28c0-4c71-82b5-8cb010867826.sock', 'ROS_PYTHON_VERSION': '3', 'VSCODE_GIT_ASKPASS_MAIN': '/home/racecar/.vscode-server/bin/8b3775030ed1a69b13e4f4c628c612102e30a681/extensions/git/dist/askpass-main.js', 'VSCODE_GIT_ASKPASS_NODE': '/home/racecar/.vscode-server/bin/8b3775030ed1a69b13e4f4c628c612102e30a681/node', 'COLORTERM': 'truecolor', 'REMOTE_CONTAINERS': 'true', 'COLCON_PREFIX_PATH': '/home/racecar/racecar_ws/src/final_challenge2024/install:/home/racecar/racecar_ws/src/final_challenge2024/final_challenge/install:/home/racecar/racecar_ws/install:/home/sim_ws/install', 'ROS_DISTRO': 'foxy', 'REMOTE_CONTAINERS_IPC': '/tmp/vscode-remote-containers-ipc-81d13247-f535-4431-8394-e7b4095d6e89.sock', '_': '/usr/bin/colcon', 'ROS_VERSION': '2', 'TERM': 'xterm-256color', 'ROS_LOCALHOST_ONLY': '0', 'PATH': '/opt/ros/foxy/bin:/home/racecar/.vscode-server/bin/8b3775030ed1a69b13e4f4c628c612102e30a681/bin/remote-cli:/usr/local/sbin:/usr/local/bin:/usr/sbin:/usr/bin:/sbin:/bin', 'DISPLAY': '172.18.192.1:0.0', 'LANG': 'en_US.UTF-8', 'VSCODE_GIT_IPC_HANDLE': '/tmp/vscode-git-aec1aa4683.sock', 'TERM_PROGRAM': 'vscode', 'SSH_AUTH_SOCK': '/tmp/ssh-xiFwpqjhmxFw/agent.1101', 'AMENT_PREFIX_PATH': '/home/racecar/racecar_ws/src/final_challenge2024/install/final_challenge:/home/racecar/racecar_ws/src/final_challenge2024/final_challenge/install/final_challenge:/home/sim_ws/install/racecar_simulator:/home/racecar/racecar_ws/install/wall_follower:/home/racecar/racecar_ws/install/vs_msgs:/home/racecar/racecar_ws/install/visual_servoing:/home/racecar/racecar_ws/install/safety_controller:/home/racecar/racecar_ws/install/ros_exercises:/home/racecar/racecar_ws/install/localization:/opt/ros/foxy', 'SHELL': '/bin/bash', 'SIM_WS': '/home/sim_ws', 'VSCODE_GIT_ASKPASS_EXTRA_ARGS': '', 'PWD': '/home/racecar/racecar_ws/src/final_challenge2024/build/final_challenge', 'PYTHONPATH': '/home/racecar/racecar_ws/src/final_challenge2024/build/final_challenge/prefix_override:/home/racecar/racecar_ws/src/final_challenge2024/install/final_challenge/lib/python3.8/site-packages:/home/racecar/racecar_ws/src/final_challenge2024/build/final_challenge:/home/racecar/racecar_ws/src/final_challenge2024/install/final_challenge/lib/python3.8/site-packages:/home/racecar/racecar_ws/src/final_challenge2024/final_challenge/build/final_challenge:/home/racecar/racecar_ws/src/final_challenge2024/final_challenge/install/final_challenge/lib/python3.8/site-packages:/home/racecar/racecar_ws/build/wall_follower:/home/racecar/racecar_ws/install/wall_follower/lib/python3.8/site-packages:/home/racecar/racecar_ws/install/vs_msgs/lib/python3.8/site-packages:/home/racecar/racecar_ws/build/visual_servoing:/home/racecar/racecar_ws/install/visual_servoing/lib/python3.8/site-packages:/home/racecar/racecar_ws/build/safety_controller:/home/racecar/racecar_ws/install/safety_controller/lib/python3.8/site-packages:/home/racecar/racecar_ws/build/ros_exercises:/home/racecar/racecar_ws/install/ros_exercises/lib/python3.8/site-packages:/home/racecar/racecar_ws/build/localization:/home/racecar/racecar_ws/install/localization/lib/python3.8/site-packages:/home/racecar/racecar_ws/install/custom_msgs/lib/python3.8/site-packages:/opt/ros/foxy/lib/python3.8/site-packages', 'NO_VNC_VERSION': '1.4.0', 'COLCON': '1', 'CMAKE_PREFIX_PATH': '/home/sim_ws/install/racecar_simulator:/home/racecar/racecar_ws/install/vs_msgs:/home/racecar/racecar_ws/install/custom_msgs'}, 'shell': False}
[16.334486] (-) TimerEvent: {}
[16.435252] (-) TimerEvent: {}
[16.535942] (-) TimerEvent: {}
[16.636643] (-) TimerEvent: {}
[16.737352] (-) TimerEvent: {}
[16.838108] (-) TimerEvent: {}
[16.938794] (-) TimerEvent: {}
[17.039458] (-) TimerEvent: {}
[17.140385] (-) TimerEvent: {}
[17.241062] (-) TimerEvent: {}
[17.341673] (-) TimerEvent: {}
[17.442671] (-) TimerEvent: {}
[17.543333] (-) TimerEvent: {}
[17.643963] (-) TimerEvent: {}
[17.745108] (-) TimerEvent: {}
[17.845984] (-) TimerEvent: {}
[17.946539] (-) TimerEvent: {}
[18.047471] (-) TimerEvent: {}
[18.149281] (-) TimerEvent: {}
[18.249906] (-) TimerEvent: {}
[18.350575] (-) TimerEvent: {}
[18.451160] (-) TimerEvent: {}
[18.551861] (-) TimerEvent: {}
[18.652524] (-) TimerEvent: {}
[18.753282] (-) TimerEvent: {}
[18.853943] (-) TimerEvent: {}
[18.954582] (-) TimerEvent: {}
[19.055258] (-) TimerEvent: {}
[19.155920] (-) TimerEvent: {}
[19.256659] (-) TimerEvent: {}
[19.358042] (-) TimerEvent: {}
[19.458780] (-) TimerEvent: {}
[19.559526] (-) TimerEvent: {}
[19.660166] (-) TimerEvent: {}
[19.760964] (-) TimerEvent: {}
[19.861629] (-) TimerEvent: {}
[19.962311] (-) TimerEvent: {}
[20.063260] (-) TimerEvent: {}
[20.163967] (-) TimerEvent: {}
[20.265110] (-) TimerEvent: {}
[20.366055] (-) TimerEvent: {}
[20.466911] (-) TimerEvent: {}
[20.567551] (-) TimerEvent: {}
[20.668178] (-) TimerEvent: {}
[20.768820] (-) TimerEvent: {}
[20.869420] (-) TimerEvent: {}
[20.969933] (-) TimerEvent: {}
[21.070619] (-) TimerEvent: {}
[21.171367] (-) TimerEvent: {}
[21.272060] (-) TimerEvent: {}
[21.372882] (-) TimerEvent: {}
[21.473701] (-) TimerEvent: {}
[21.574452] (-) TimerEvent: {}
[21.675184] (-) TimerEvent: {}
[21.775815] (-) TimerEvent: {}
[21.876474] (-) TimerEvent: {}
[21.977073] (-) TimerEvent: {}
[22.077647] (-) TimerEvent: {}
[22.156217] (final_challenge) StdoutLine: {'line': b'running develop\n'}
[22.177843] (-) TimerEvent: {}
[22.278512] (-) TimerEvent: {}
[22.379059] (-) TimerEvent: {}
[22.479609] (-) TimerEvent: {}
[22.580308] (-) TimerEvent: {}
[22.680934] (-) TimerEvent: {}
[22.781515] (-) TimerEvent: {}
[22.882177] (-) TimerEvent: {}
[22.982842] (-) TimerEvent: {}
[23.083575] (-) TimerEvent: {}
[23.184218] (-) TimerEvent: {}
[23.284863] (-) TimerEvent: {}
[23.387466] (-) TimerEvent: {}
[23.431947] (final_challenge) StdoutLine: {'line': b'running egg_info\n'}
[23.434431] (final_challenge) StdoutLine: {'line': b'writing final_challenge.egg-info/PKG-INFO\n'}
[23.442188] (final_challenge) StdoutLine: {'line': b'writing dependency_links to final_challenge.egg-info/dependency_links.txt\n'}
[23.446993] (final_challenge) StdoutLine: {'line': b'writing entry points to final_challenge.egg-info/entry_points.txt\n'}
[23.450456] (final_challenge) StdoutLine: {'line': b'writing requirements to final_challenge.egg-info/requires.txt\n'}
[23.454517] (final_challenge) StdoutLine: {'line': b'writing top-level names to final_challenge.egg-info/top_level.txt\n'}
[23.487638] (-) TimerEvent: {}
[23.588460] (-) TimerEvent: {}
[23.639952] (final_challenge) StdoutLine: {'line': b"reading manifest file 'final_challenge.egg-info/SOURCES.txt'\n"}
[23.688627] (-) TimerEvent: {}
[23.710865] (final_challenge) StdoutLine: {'line': b"writing manifest file 'final_challenge.egg-info/SOURCES.txt'\n"}
[23.788762] (-) TimerEvent: {}
[23.889429] (-) TimerEvent: {}
[23.990746] (-) TimerEvent: {}
[24.091337] (-) TimerEvent: {}
[24.191995] (-) TimerEvent: {}
[24.246953] (final_challenge) StdoutLine: {'line': b'running build_ext\n'}
[24.258928] (final_challenge) StdoutLine: {'line': b'Creating /home/racecar/racecar_ws/src/final_challenge2024/install/final_challenge/lib/python3.8/site-packages/final-challenge.egg-link (link to .)\n'}
[24.292131] (-) TimerEvent: {}
[24.294094] (final_challenge) StdoutLine: {'line': b'\n'}
[24.295190] (final_challenge) StdoutLine: {'line': b'Installed /home/racecar/racecar_ws/src/final_challenge2024/build/final_challenge\n'}
[24.299086] (final_challenge) StdoutLine: {'line': b'running install_data\n'}
[24.363781] (final_challenge) StdoutLine: {'line': b'creating /home/racecar/racecar_ws/src/final_challenge2024/install/final_challenge/share/final_challenge/config\n'}
[24.368097] (final_challenge) StdoutLine: {'line': b'creating /home/racecar/racecar_ws/src/final_challenge2024/install/final_challenge/share/final_challenge/config/sim\n'}
[24.392265] (-) TimerEvent: {}
[24.402508] (final_challenge) CommandEnded: {'returncode': 0}
[24.492380] (-) TimerEvent: {}
[24.592975] (-) TimerEvent: {}
[24.694912] (-) TimerEvent: {}
[24.800865] (-) TimerEvent: {}
[24.901502] (-) TimerEvent: {}
[25.002144] (-) TimerEvent: {}
[25.102848] (-) TimerEvent: {}
[25.203826] (-) TimerEvent: {}
[25.305028] (-) TimerEvent: {}
[25.364248] (final_challenge) JobEnded: {'identifier': 'final_challenge', 'rc': 0}
[25.373656] (-) EventReactorShutdown: {}
