[9.900s] DEBUG:colcon:Command line arguments: ['/usr/bin/colcon', 'build', '--symlink-install']
[9.900s] DEBUG:colcon:Parsed command line arguments: Namespace(ament_cmake_args=None, base_paths=['.'], build_base='build', catkin_cmake_args=None, catkin_skip_building_tests=False, cmake_args=None, cmake_clean_cache=False, cmake_clean_first=False, cmake_force_configure=False, cmake_target=None, cmake_target_skip_unavailable=False, continue_on_error=False, event_handlers=None, executor='parallel', ignore_user_meta=False, install_base='install', log_base=None, log_level=None, main=<bound method BuildVerb.main of <colcon_core.verb.build.BuildVerb object at 0x7fc1d1f700d0>>, merge_install=False, metas=['./colcon.meta'], packages_above=None, packages_above_and_dependencies=None, packages_above_depth=None, packages_end=None, packages_ignore=None, packages_ignore_regex=None, packages_select=None, packages_select_build_failed=False, packages_select_by_dep=None, packages_select_regex=None, packages_select_test_failures=False, packages_skip=None, packages_skip_build_finished=False, packages_skip_by_dep=None, packages_skip_regex=None, packages_skip_test_passed=False, packages_skip_up_to=None, packages_start=None, packages_up_to=None, packages_up_to_regex=None, parallel_workers=8, paths=None, symlink_install=True, test_result_base=None, verb_extension=<colcon_core.verb.build.BuildVerb object at 0x7fc1d1f700d0>, verb_name='build', verb_parser=<colcon_defaults.argument_parser.defaults.DefaultArgumentsDecorator object at 0x7fc1d1c5c340>)
[10.544s] Level 1:colcon.colcon_core.package_discovery:discover_packages(colcon_meta) check parameters
[10.549s] Level 1:colcon.colcon_core.package_discovery:discover_packages(recursive) check parameters
[10.550s] Level 1:colcon.colcon_core.package_discovery:discover_packages(ignore) check parameters
[10.550s] Level 1:colcon.colcon_core.package_discovery:discover_packages(path) check parameters
[10.551s] Level 1:colcon.colcon_core.package_discovery:discover_packages(colcon_meta) discover
[10.551s] Level 1:colcon.colcon_core.package_discovery:discover_packages(recursive) discover
[10.552s] INFO:colcon.colcon_core.package_discovery:Crawling recursively for packages in '/home/racecar/racecar_ws/src/final_challenge2024'
[10.555s] Level 1:colcon.colcon_core.package_identification:_identify(.) by extensions ['ignore', 'ignore_ament_install']
[10.555s] Level 1:colcon.colcon_core.package_identification:_identify(.) by extension 'ignore'
[10.556s] Level 1:colcon.colcon_core.package_identification:_identify(.) by extension 'ignore_ament_install'
[10.557s] Level 1:colcon.colcon_core.package_identification:_identify(.) by extensions ['colcon_pkg']
[10.558s] Level 1:colcon.colcon_core.package_identification:_identify(.) by extension 'colcon_pkg'
[10.558s] Level 1:colcon.colcon_core.package_identification:_identify(.) by extensions ['colcon_meta']
[10.559s] Level 1:colcon.colcon_core.package_identification:_identify(.) by extension 'colcon_meta'
[10.559s] Level 1:colcon.colcon_core.package_identification:_identify(.) by extensions ['ros']
[10.560s] Level 1:colcon.colcon_core.package_identification:_identify(.) by extension 'ros'
[10.611s] Level 1:colcon.colcon_core.package_identification:_identify(.) by extensions ['cmake', 'python']
[10.613s] Level 1:colcon.colcon_core.package_identification:_identify(.) by extension 'cmake'
[10.613s] Level 1:colcon.colcon_core.package_identification:_identify(.) by extension 'python'
[10.614s] Level 1:colcon.colcon_core.package_identification:_identify(.) by extensions ['python_setup_py']
[10.614s] Level 1:colcon.colcon_core.package_identification:_identify(.) by extension 'python_setup_py'
[10.617s] Level 1:colcon.colcon_core.package_identification:_identify(build) by extensions ['ignore', 'ignore_ament_install']
[10.617s] Level 1:colcon.colcon_core.package_identification:_identify(build) by extension 'ignore'
[10.618s] Level 1:colcon.colcon_core.package_identification:_identify(build) ignored
[10.621s] Level 1:colcon.colcon_core.package_identification:_identify(city_driving) by extensions ['ignore', 'ignore_ament_install']
[10.621s] Level 1:colcon.colcon_core.package_identification:_identify(city_driving) by extension 'ignore'
[10.622s] Level 1:colcon.colcon_core.package_identification:_identify(city_driving) by extension 'ignore_ament_install'
[10.623s] Level 1:colcon.colcon_core.package_identification:_identify(city_driving) by extensions ['colcon_pkg']
[10.623s] Level 1:colcon.colcon_core.package_identification:_identify(city_driving) by extension 'colcon_pkg'
[10.624s] Level 1:colcon.colcon_core.package_identification:_identify(city_driving) by extensions ['colcon_meta']
[10.624s] Level 1:colcon.colcon_core.package_identification:_identify(city_driving) by extension 'colcon_meta'
[10.624s] Level 1:colcon.colcon_core.package_identification:_identify(city_driving) by extensions ['ros']
[10.625s] Level 1:colcon.colcon_core.package_identification:_identify(city_driving) by extension 'ros'
[10.627s] Level 1:colcon.colcon_core.package_identification:_identify(city_driving) by extensions ['cmake', 'python']
[10.628s] Level 1:colcon.colcon_core.package_identification:_identify(city_driving) by extension 'cmake'
[10.628s] Level 1:colcon.colcon_core.package_identification:_identify(city_driving) by extension 'python'
[10.629s] Level 1:colcon.colcon_core.package_identification:_identify(city_driving) by extensions ['python_setup_py']
[10.629s] Level 1:colcon.colcon_core.package_identification:_identify(city_driving) by extension 'python_setup_py'
[10.638s] Level 1:colcon.colcon_core.package_identification:_identify(city_driving/stop_detector) by extensions ['ignore', 'ignore_ament_install']
[10.639s] Level 1:colcon.colcon_core.package_identification:_identify(city_driving/stop_detector) by extension 'ignore'
[10.641s] Level 1:colcon.colcon_core.package_identification:_identify(city_driving/stop_detector) by extension 'ignore_ament_install'
[10.649s] Level 1:colcon.colcon_core.package_identification:_identify(city_driving/stop_detector) by extensions ['colcon_pkg']
[10.649s] Level 1:colcon.colcon_core.package_identification:_identify(city_driving/stop_detector) by extension 'colcon_pkg'
[10.651s] Level 1:colcon.colcon_core.package_identification:_identify(city_driving/stop_detector) by extensions ['colcon_meta']
[10.651s] Level 1:colcon.colcon_core.package_identification:_identify(city_driving/stop_detector) by extension 'colcon_meta'
[10.652s] Level 1:colcon.colcon_core.package_identification:_identify(city_driving/stop_detector) by extensions ['ros']
[10.652s] Level 1:colcon.colcon_core.package_identification:_identify(city_driving/stop_detector) by extension 'ros'
[10.656s] Level 1:colcon.colcon_core.package_identification:_identify(city_driving/stop_detector) by extensions ['cmake', 'python']
[10.657s] Level 1:colcon.colcon_core.package_identification:_identify(city_driving/stop_detector) by extension 'cmake'
[10.658s] Level 1:colcon.colcon_core.package_identification:_identify(city_driving/stop_detector) by extension 'python'
[10.660s] Level 1:colcon.colcon_core.package_identification:_identify(city_driving/stop_detector) by extensions ['python_setup_py']
[10.661s] Level 1:colcon.colcon_core.package_identification:_identify(city_driving/stop_detector) by extension 'python_setup_py'
[10.665s] Level 1:colcon.colcon_core.package_identification:_identify(final_challenge) by extensions ['ignore', 'ignore_ament_install']
[10.665s] Level 1:colcon.colcon_core.package_identification:_identify(final_challenge) by extension 'ignore'
[10.665s] Level 1:colcon.colcon_core.package_identification:_identify(final_challenge) by extension 'ignore_ament_install'
[10.667s] Level 1:colcon.colcon_core.package_identification:_identify(final_challenge) by extensions ['colcon_pkg']
[10.667s] Level 1:colcon.colcon_core.package_identification:_identify(final_challenge) by extension 'colcon_pkg'
[10.667s] Level 1:colcon.colcon_core.package_identification:_identify(final_challenge) by extensions ['colcon_meta']
[10.668s] Level 1:colcon.colcon_core.package_identification:_identify(final_challenge) by extension 'colcon_meta'
[10.668s] Level 1:colcon.colcon_core.package_identification:_identify(final_challenge) by extensions ['ros']
[10.668s] Level 1:colcon.colcon_core.package_identification:_identify(final_challenge) by extension 'ros'
[10.678s] DEBUG:colcon.colcon_core.package_identification:Package 'final_challenge' with type 'ros.ament_python' and name 'final_challenge'
[10.680s] Level 1:colcon.colcon_core.package_identification:_identify(install) by extensions ['ignore', 'ignore_ament_install']
[10.681s] Level 1:colcon.colcon_core.package_identification:_identify(install) by extension 'ignore'
[10.682s] Level 1:colcon.colcon_core.package_identification:_identify(install) ignored
[10.685s] Level 1:colcon.colcon_core.package_identification:_identify(log) by extensions ['ignore', 'ignore_ament_install']
[10.685s] Level 1:colcon.colcon_core.package_identification:_identify(log) by extension 'ignore'
[10.686s] Level 1:colcon.colcon_core.package_identification:_identify(log) ignored
[10.689s] Level 1:colcon.colcon_core.package_identification:_identify(media) by extensions ['ignore', 'ignore_ament_install']
[10.689s] Level 1:colcon.colcon_core.package_identification:_identify(media) by extension 'ignore'
[10.690s] Level 1:colcon.colcon_core.package_identification:_identify(media) by extension 'ignore_ament_install'
[10.692s] Level 1:colcon.colcon_core.package_identification:_identify(media) by extensions ['colcon_pkg']
[10.692s] Level 1:colcon.colcon_core.package_identification:_identify(media) by extension 'colcon_pkg'
[10.693s] Level 1:colcon.colcon_core.package_identification:_identify(media) by extensions ['colcon_meta']
[10.694s] Level 1:colcon.colcon_core.package_identification:_identify(media) by extension 'colcon_meta'
[10.695s] Level 1:colcon.colcon_core.package_identification:_identify(media) by extensions ['ros']
[10.695s] Level 1:colcon.colcon_core.package_identification:_identify(media) by extension 'ros'
[10.699s] Level 1:colcon.colcon_core.package_identification:_identify(media) by extensions ['cmake', 'python']
[10.699s] Level 1:colcon.colcon_core.package_identification:_identify(media) by extension 'cmake'
[10.700s] Level 1:colcon.colcon_core.package_identification:_identify(media) by extension 'python'
[10.700s] Level 1:colcon.colcon_core.package_identification:_identify(media) by extensions ['python_setup_py']
[10.700s] Level 1:colcon.colcon_core.package_identification:_identify(media) by extension 'python_setup_py'
[10.701s] Level 1:colcon.colcon_core.package_discovery:discover_packages(recursive) using defaults
[10.701s] Level 1:colcon.colcon_core.package_discovery:discover_packages(ignore) discover
[10.701s] Level 1:colcon.colcon_core.package_discovery:discover_packages(ignore) using defaults
[10.701s] Level 1:colcon.colcon_core.package_discovery:discover_packages(path) discover
[10.702s] Level 1:colcon.colcon_core.package_discovery:discover_packages(path) using defaults
[11.541s] Level 5:colcon.colcon_core.verb:set package 'final_challenge' build argument 'cmake_args' from command line to 'None'
[11.541s] Level 5:colcon.colcon_core.verb:set package 'final_challenge' build argument 'cmake_target' from command line to 'None'
[11.542s] Level 5:colcon.colcon_core.verb:set package 'final_challenge' build argument 'cmake_target_skip_unavailable' from command line to 'False'
[11.542s] Level 5:colcon.colcon_core.verb:set package 'final_challenge' build argument 'cmake_clean_cache' from command line to 'False'
[11.542s] Level 5:colcon.colcon_core.verb:set package 'final_challenge' build argument 'cmake_clean_first' from command line to 'False'
[11.542s] Level 5:colcon.colcon_core.verb:set package 'final_challenge' build argument 'cmake_force_configure' from command line to 'False'
[11.543s] Level 5:colcon.colcon_core.verb:set package 'final_challenge' build argument 'ament_cmake_args' from command line to 'None'
[11.543s] Level 5:colcon.colcon_core.verb:set package 'final_challenge' build argument 'catkin_cmake_args' from command line to 'None'
[11.543s] Level 5:colcon.colcon_core.verb:set package 'final_challenge' build argument 'catkin_skip_building_tests' from command line to 'False'
[11.544s] DEBUG:colcon.colcon_core.verb:Building package 'final_challenge' with the following arguments: {'ament_cmake_args': None, 'build_base': '/home/racecar/racecar_ws/src/final_challenge2024/build/final_challenge', 'catkin_cmake_args': None, 'catkin_skip_building_tests': False, 'cmake_args': None, 'cmake_clean_cache': False, 'cmake_clean_first': False, 'cmake_force_configure': False, 'cmake_target': None, 'cmake_target_skip_unavailable': False, 'install_base': '/home/racecar/racecar_ws/src/final_challenge2024/install/final_challenge', 'merge_install': False, 'path': '/home/racecar/racecar_ws/src/final_challenge2024/final_challenge', 'symlink_install': True, 'test_result_base': None}
[11.666s] INFO:colcon.colcon_core.executor:Executing jobs using 'parallel' executor
[11.794s] DEBUG:colcon.colcon_parallel_executor.executor.parallel:run_until_complete
[11.795s] INFO:colcon.colcon_ros.task.ament_python.build:Building ROS package in '/home/racecar/racecar_ws/src/final_challenge2024/final_challenge' with build type 'ament_python'
[11.795s] Level 1:colcon.colcon_core.shell:create_environment_hook('final_challenge', 'ament_prefix_path')
[11.995s] INFO:colcon.colcon_core.plugin_system:Skipping extension 'colcon_core.shell.bat': Not used on non-Windows systems
[11.996s] INFO:colcon.colcon_core.shell:Creating environment hook '/home/racecar/racecar_ws/src/final_challenge2024/install/final_challenge/share/final_challenge/hook/ament_prefix_path.ps1'
[12.014s] INFO:colcon.colcon_core.shell:Creating environment descriptor '/home/racecar/racecar_ws/src/final_challenge2024/install/final_challenge/share/final_challenge/hook/ament_prefix_path.dsv'
[12.035s] INFO:colcon.colcon_core.shell:Creating environment hook '/home/racecar/racecar_ws/src/final_challenge2024/install/final_challenge/share/final_challenge/hook/ament_prefix_path.sh'
[12.175s] INFO:colcon.colcon_core.shell:Skip shell extension 'powershell' for command environment: Not usable outside of PowerShell
[12.176s] DEBUG:colcon.colcon_core.shell:Skip shell extension 'dsv' for command environment
[18.603s] INFO:colcon.colcon_core.task.python.build:Building Python package in '/home/racecar/racecar_ws/src/final_challenge2024/final_challenge'
[18.735s] INFO:colcon.colcon_core.shell:Skip shell extension 'powershell' for command environment: Not usable outside of PowerShell
[18.736s] DEBUG:colcon.colcon_core.shell:Skip shell extension 'dsv' for command environment
[28.093s] DEBUG:colcon.colcon_core.event_handler.log_command:Invoking command in '/home/racecar/racecar_ws/src/final_challenge2024/build/final_challenge': PYTHONPATH=/home/racecar/racecar_ws/src/final_challenge2024/build/final_challenge/prefix_override:/home/racecar/racecar_ws/src/final_challenge2024/install/final_challenge/lib/python3.8/site-packages:${PYTHONPATH} /usr/bin/python3 setup.py develop --editable --build-directory /home/racecar/racecar_ws/src/final_challenge2024/build/final_challenge/build --no-deps install_data
[36.202s] Level 1:colcon.colcon_core.shell:create_environment_hook('final_challenge', 'pythonpath_develop')
[36.206s] DEBUG:colcon.colcon_core.event_handler.log_command:Invoked command in '/home/racecar/racecar_ws/src/final_challenge2024/build/final_challenge' returned '0': PYTHONPATH=/home/racecar/racecar_ws/src/final_challenge2024/build/final_challenge/prefix_override:/home/racecar/racecar_ws/src/final_challenge2024/install/final_challenge/lib/python3.8/site-packages:${PYTHONPATH} /usr/bin/python3 setup.py develop --editable --build-directory /home/racecar/racecar_ws/src/final_challenge2024/build/final_challenge/build --no-deps install_data
[36.326s] INFO:colcon.colcon_core.shell:Creating environment hook '/home/racecar/racecar_ws/src/final_challenge2024/build/final_challenge/share/final_challenge/hook/pythonpath_develop.ps1'
[36.346s] INFO:colcon.colcon_core.shell:Creating environment descriptor '/home/racecar/racecar_ws/src/final_challenge2024/build/final_challenge/share/final_challenge/hook/pythonpath_develop.dsv'
[36.361s] INFO:colcon.colcon_core.shell:Creating environment hook '/home/racecar/racecar_ws/src/final_challenge2024/build/final_challenge/share/final_challenge/hook/pythonpath_develop.sh'
[36.583s] Level 1:colcon.colcon_core.environment:checking '/home/racecar/racecar_ws/src/final_challenge2024/install/final_challenge' for CMake module files
[36.646s] Level 1:colcon.colcon_core.environment:checking '/home/racecar/racecar_ws/src/final_challenge2024/install/final_challenge' for CMake config files
[36.751s] Level 1:colcon.colcon_core.environment:checking '/home/racecar/racecar_ws/src/final_challenge2024/install/final_challenge/lib'
[36.756s] Level 1:colcon.colcon_core.environment:checking '/home/racecar/racecar_ws/src/final_challenge2024/install/final_challenge/bin'
[36.757s] Level 1:colcon.colcon_core.environment:checking '/home/racecar/racecar_ws/src/final_challenge2024/install/final_challenge/lib/pkgconfig/final_challenge.pc'
[36.760s] Level 1:colcon.colcon_core.environment:checking '/home/racecar/racecar_ws/src/final_challenge2024/install/final_challenge/lib/python3.8/site-packages'
[36.762s] Level 1:colcon.colcon_core.shell:create_environment_hook('final_challenge', 'pythonpath')
[36.894s] INFO:colcon.colcon_core.shell:Creating environment hook '/home/racecar/racecar_ws/src/final_challenge2024/install/final_challenge/share/final_challenge/hook/pythonpath.ps1'
[36.912s] INFO:colcon.colcon_core.shell:Creating environment descriptor '/home/racecar/racecar_ws/src/final_challenge2024/install/final_challenge/share/final_challenge/hook/pythonpath.dsv'
[36.931s] INFO:colcon.colcon_core.shell:Creating environment hook '/home/racecar/racecar_ws/src/final_challenge2024/install/final_challenge/share/final_challenge/hook/pythonpath.sh'
[36.952s] Level 1:colcon.colcon_core.environment:checking '/home/racecar/racecar_ws/src/final_challenge2024/install/final_challenge/bin'
[36.953s] Level 1:colcon.colcon_core.environment:create_environment_scripts_only(final_challenge)
[37.073s] INFO:colcon.colcon_core.shell:Creating package script '/home/racecar/racecar_ws/src/final_challenge2024/install/final_challenge/share/final_challenge/package.ps1'
[37.091s] INFO:colcon.colcon_core.shell:Creating package descriptor '/home/racecar/racecar_ws/src/final_challenge2024/install/final_challenge/share/final_challenge/package.dsv'
[37.107s] INFO:colcon.colcon_core.shell:Creating package script '/home/racecar/racecar_ws/src/final_challenge2024/install/final_challenge/share/final_challenge/package.sh'
[37.121s] INFO:colcon.colcon_core.shell:Creating package script '/home/racecar/racecar_ws/src/final_challenge2024/install/final_challenge/share/final_challenge/package.bash'
[37.137s] INFO:colcon.colcon_core.shell:Creating package script '/home/racecar/racecar_ws/src/final_challenge2024/install/final_challenge/share/final_challenge/package.zsh'
[37.149s] Level 1:colcon.colcon_core.environment:create_file_with_runtime_dependencies(/home/racecar/racecar_ws/src/final_challenge2024/install/final_challenge/share/colcon-core/packages/final_challenge)
[37.163s] DEBUG:colcon.colcon_parallel_executor.executor.parallel:closing loop
[37.164s] DEBUG:colcon.colcon_parallel_executor.executor.parallel:loop closed
[37.164s] DEBUG:colcon.colcon_parallel_executor.executor.parallel:run_until_complete finished with '0'
[37.165s] DEBUG:colcon.colcon_core.event_reactor:joining thread
[37.433s] INFO:colcon.colcon_core.plugin_system:Skipping extension 'colcon_notification.desktop_notification.notify_send': Could not find 'notify-send'
[37.434s] INFO:colcon.colcon_core.plugin_system:Skipping extension 'colcon_notification.desktop_notification.terminal_notifier': Not used on non-Darwin systems
[37.434s] INFO:colcon.colcon_core.plugin_system:Skipping extension 'colcon_notification.desktop_notification.win32': Not used on non-Windows systems
[37.434s] INFO:colcon.colcon_notification.desktop_notification:Sending desktop notification using 'notify2'
[40.731s] DEBUG:colcon.colcon_notification.desktop_notification.notify2:Failed to initialize notify2: org.freedesktop.DBus.Error.Spawn.ExecFailed: /usr/bin/dbus-launch terminated abnormally with the following error: Autolaunch error: X11 initialization failed.

[40.732s] DEBUG:colcon.colcon_core.event_reactor:joined thread
[40.851s] INFO:colcon.colcon_core.shell:Creating prefix script '/home/racecar/racecar_ws/src/final_challenge2024/install/local_setup.ps1'
[40.863s] INFO:colcon.colcon_core.shell:Creating prefix util module '/home/racecar/racecar_ws/src/final_challenge2024/install/_local_setup_util_ps1.py'
[40.870s] INFO:colcon.colcon_core.shell:Creating prefix chain script '/home/racecar/racecar_ws/src/final_challenge2024/install/setup.ps1'
[41.083s] INFO:colcon.colcon_core.shell:Creating prefix script '/home/racecar/racecar_ws/src/final_challenge2024/install/local_setup.sh'
[41.088s] INFO:colcon.colcon_core.shell:Creating prefix util module '/home/racecar/racecar_ws/src/final_challenge2024/install/_local_setup_util_sh.py'
[41.095s] INFO:colcon.colcon_core.shell:Creating prefix chain script '/home/racecar/racecar_ws/src/final_challenge2024/install/setup.sh'
[41.293s] INFO:colcon.colcon_core.shell:Creating prefix script '/home/racecar/racecar_ws/src/final_challenge2024/install/local_setup.bash'
[41.299s] INFO:colcon.colcon_core.shell:Creating prefix chain script '/home/racecar/racecar_ws/src/final_challenge2024/install/setup.bash'
[41.497s] INFO:colcon.colcon_core.shell:Creating prefix script '/home/racecar/racecar_ws/src/final_challenge2024/install/local_setup.zsh'
[41.503s] INFO:colcon.colcon_core.shell:Creating prefix chain script '/home/racecar/racecar_ws/src/final_challenge2024/install/setup.zsh'
