[9.199s] DEBUG:colcon:Command line arguments: ['/usr/bin/colcon', 'build', '--packages-select', 'final_challenge']
[9.200s] DEBUG:colcon:Parsed command line arguments: Namespace(ament_cmake_args=None, base_paths=['.'], build_base='build', catkin_cmake_args=None, catkin_skip_building_tests=False, cmake_args=None, cmake_clean_cache=False, cmake_clean_first=False, cmake_force_configure=False, cmake_target=None, cmake_target_skip_unavailable=False, continue_on_error=False, event_handlers=None, executor='parallel', ignore_user_meta=False, install_base='install', log_base=None, log_level=None, main=<bound method BuildVerb.main of <colcon_core.verb.build.BuildVerb object at 0x7fc64931ec10>>, merge_install=False, metas=['./colcon.meta'], packages_above=None, packages_above_and_dependencies=None, packages_above_depth=None, packages_end=None, packages_ignore=None, packages_ignore_regex=None, packages_select=['final_challenge'], packages_select_build_failed=False, packages_select_by_dep=None, packages_select_regex=None, packages_select_test_failures=False, packages_skip=None, packages_skip_build_finished=False, packages_skip_by_dep=None, packages_skip_regex=None, packages_skip_test_passed=False, packages_skip_up_to=None, packages_start=None, packages_up_to=None, packages_up_to_regex=None, parallel_workers=8, paths=None, symlink_install=False, test_result_base=None, verb_extension=<colcon_core.verb.build.BuildVerb object at 0x7fc64931ec10>, verb_name='build', verb_parser=<colcon_defaults.argument_parser.defaults.DefaultArgumentsDecorator object at 0x7fc648f33ee0>)
[9.795s] Level 1:colcon.colcon_core.package_discovery:discover_packages(colcon_meta) check parameters
[9.796s] Level 1:colcon.colcon_core.package_discovery:discover_packages(recursive) check parameters
[9.796s] Level 1:colcon.colcon_core.package_discovery:discover_packages(ignore) check parameters
[9.796s] Level 1:colcon.colcon_core.package_discovery:discover_packages(path) check parameters
[9.796s] Level 1:colcon.colcon_core.package_discovery:discover_packages(colcon_meta) discover
[9.796s] Level 1:colcon.colcon_core.package_discovery:discover_packages(recursive) discover
[9.797s] INFO:colcon.colcon_core.package_discovery:Crawling recursively for packages in '/home/racecar/racecar_ws/src/final_challenge2024/final_challenge/launch'
[9.798s] Level 1:colcon.colcon_core.package_identification:_identify(.) by extensions ['ignore', 'ignore_ament_install']
[9.799s] Level 1:colcon.colcon_core.package_identification:_identify(.) by extension 'ignore'
[9.799s] Level 1:colcon.colcon_core.package_identification:_identify(.) by extension 'ignore_ament_install'
[9.799s] Level 1:colcon.colcon_core.package_identification:_identify(.) by extensions ['colcon_pkg']
[9.800s] Level 1:colcon.colcon_core.package_identification:_identify(.) by extension 'colcon_pkg'
[9.800s] Level 1:colcon.colcon_core.package_identification:_identify(.) by extensions ['colcon_meta']
[9.800s] Level 1:colcon.colcon_core.package_identification:_identify(.) by extension 'colcon_meta'
[9.800s] Level 1:colcon.colcon_core.package_identification:_identify(.) by extensions ['ros']
[9.801s] Level 1:colcon.colcon_core.package_identification:_identify(.) by extension 'ros'
[9.844s] Level 1:colcon.colcon_core.package_identification:_identify(.) by extensions ['cmake', 'python']
[9.844s] Level 1:colcon.colcon_core.package_identification:_identify(.) by extension 'cmake'
[9.845s] Level 1:colcon.colcon_core.package_identification:_identify(.) by extension 'python'
[9.846s] Level 1:colcon.colcon_core.package_identification:_identify(.) by extensions ['python_setup_py']
[9.847s] Level 1:colcon.colcon_core.package_identification:_identify(.) by extension 'python_setup_py'
[9.850s] Level 1:colcon.colcon_core.package_identification:_identify(build) by extensions ['ignore', 'ignore_ament_install']
[9.851s] Level 1:colcon.colcon_core.package_identification:_identify(build) by extension 'ignore'
[9.852s] Level 1:colcon.colcon_core.package_identification:_identify(build) ignored
[9.855s] Level 1:colcon.colcon_core.package_identification:_identify(install) by extensions ['ignore', 'ignore_ament_install']
[9.856s] Level 1:colcon.colcon_core.package_identification:_identify(install) by extension 'ignore'
[9.857s] Level 1:colcon.colcon_core.package_identification:_identify(install) ignored
[9.861s] Level 1:colcon.colcon_core.package_identification:_identify(log) by extensions ['ignore', 'ignore_ament_install']
[9.861s] Level 1:colcon.colcon_core.package_identification:_identify(log) by extension 'ignore'
[9.862s] Level 1:colcon.colcon_core.package_identification:_identify(log) ignored
[9.862s] Level 1:colcon.colcon_core.package_discovery:discover_packages(recursive) using defaults
[9.863s] Level 1:colcon.colcon_core.package_discovery:discover_packages(ignore) discover
[9.863s] Level 1:colcon.colcon_core.package_discovery:discover_packages(ignore) using defaults
[9.863s] Level 1:colcon.colcon_core.package_discovery:discover_packages(path) discover
[9.863s] Level 1:colcon.colcon_core.package_discovery:discover_packages(path) using defaults
[9.977s] WARNING:colcon.colcon_core.package_selection:ignoring unknown package 'final_challenge' in --packages-select
[10.658s] INFO:colcon.colcon_core.executor:Executing jobs using 'parallel' executor
[10.765s] DEBUG:colcon.colcon_parallel_executor.executor.parallel:run_until_complete
[10.766s] DEBUG:colcon.colcon_parallel_executor.executor.parallel:closing loop
[10.767s] DEBUG:colcon.colcon_parallel_executor.executor.parallel:loop closed
[10.767s] DEBUG:colcon.colcon_parallel_executor.executor.parallel:run_until_complete finished with '0'
[10.768s] DEBUG:colcon.colcon_core.event_reactor:joining thread
[11.014s] INFO:colcon.colcon_core.plugin_system:Skipping extension 'colcon_notification.desktop_notification.notify_send': Could not find 'notify-send'
[11.014s] INFO:colcon.colcon_core.plugin_system:Skipping extension 'colcon_notification.desktop_notification.terminal_notifier': Not used on non-Darwin systems
[11.015s] INFO:colcon.colcon_core.plugin_system:Skipping extension 'colcon_notification.desktop_notification.win32': Not used on non-Windows systems
[11.015s] INFO:colcon.colcon_notification.desktop_notification:Sending desktop notification using 'notify2'
[14.276s] DEBUG:colcon.colcon_notification.desktop_notification.notify2:Failed to initialize notify2: org.freedesktop.DBus.Error.Spawn.ExecFailed: /usr/bin/dbus-launch terminated abnormally with the following error: Autolaunch error: X11 initialization failed.

[14.277s] DEBUG:colcon.colcon_core.event_reactor:joined thread
[14.454s] INFO:colcon.colcon_core.plugin_system:Skipping extension 'colcon_core.shell.bat': Not used on non-Windows systems
[14.455s] INFO:colcon.colcon_core.shell:Creating prefix script '/home/racecar/racecar_ws/src/final_challenge2024/final_challenge/launch/install/local_setup.ps1'
[14.467s] INFO:colcon.colcon_core.shell:Creating prefix util module '/home/racecar/racecar_ws/src/final_challenge2024/final_challenge/launch/install/_local_setup_util_ps1.py'
[14.475s] INFO:colcon.colcon_core.shell:Creating prefix chain script '/home/racecar/racecar_ws/src/final_challenge2024/final_challenge/launch/install/setup.ps1'
[14.670s] INFO:colcon.colcon_core.shell:Creating prefix script '/home/racecar/racecar_ws/src/final_challenge2024/final_challenge/launch/install/local_setup.sh'
[14.679s] INFO:colcon.colcon_core.shell:Creating prefix util module '/home/racecar/racecar_ws/src/final_challenge2024/final_challenge/launch/install/_local_setup_util_sh.py'
[14.690s] INFO:colcon.colcon_core.shell:Creating prefix chain script '/home/racecar/racecar_ws/src/final_challenge2024/final_challenge/launch/install/setup.sh'
[14.867s] INFO:colcon.colcon_core.shell:Creating prefix script '/home/racecar/racecar_ws/src/final_challenge2024/final_challenge/launch/install/local_setup.bash'
[14.877s] INFO:colcon.colcon_core.shell:Creating prefix chain script '/home/racecar/racecar_ws/src/final_challenge2024/final_challenge/launch/install/setup.bash'
[15.048s] INFO:colcon.colcon_core.shell:Creating prefix script '/home/racecar/racecar_ws/src/final_challenge2024/final_challenge/launch/install/local_setup.zsh'
[15.054s] INFO:colcon.colcon_core.shell:Creating prefix chain script '/home/racecar/racecar_ws/src/final_challenge2024/final_challenge/launch/install/setup.zsh'
