[0.000000] (-) TimerEvent: {}
[0.000614] (final_challenge) JobQueued: {'identifier': 'final_challenge', 'dependencies': OrderedDict()}
[0.001092] (final_challenge) JobStarted: {'identifier': 'final_challenge'}
[0.098014] (-) TimerEvent: {}
[0.198609] (-) TimerEvent: {}
[0.299219] (-) TimerEvent: {}
[0.399830] (-) TimerEvent: {}
[0.501211] (-) TimerEvent: {}
[0.602338] (-) TimerEvent: {}
[0.703191] (-) TimerEvent: {}
[0.805661] (-) TimerEvent: {}
[0.906251] (-) TimerEvent: {}
[1.006808] (-) TimerEvent: {}
[1.107396] (-) TimerEvent: {}
[1.208224] (-) TimerEvent: {}
[1.309040] (-) TimerEvent: {}
[1.409668] (-) TimerEvent: {}
[1.512614] (-) TimerEvent: {}
[1.613822] (-) TimerEvent: {}
[1.714657] (-) TimerEvent: {}
[1.815592] (-) TimerEvent: {}
[1.916332] (-) TimerEvent: {}
[2.017030] (-) TimerEvent: {}
[2.117838] (-) TimerEvent: {}
[2.218528] (-) TimerEvent: {}
[2.319146] (-) TimerEvent: {}
[2.419772] (-) TimerEvent: {}
[2.520549] (-) TimerEvent: {}
[2.621195] (-) TimerEvent: {}
[2.722047] (-) TimerEvent: {}
[2.822832] (-) TimerEvent: {}
[2.923616] (-) TimerEvent: {}
[3.024284] (-) TimerEvent: {}
[3.124916] (-) TimerEvent: {}
[3.225563] (-) TimerEvent: {}
[3.326401] (-) TimerEvent: {}
[3.427312] (-) TimerEvent: {}
[3.528461] (-) TimerEvent: {}
[3.629175] (-) TimerEvent: {}
[3.729827] (-) TimerEvent: {}
[3.830411] (-) TimerEvent: {}
[3.931067] (-) TimerEvent: {}
[4.031698] (-) TimerEvent: {}
[4.132424] (-) TimerEvent: {}
[4.233018] (-) TimerEvent: {}
[4.333648] (-) TimerEvent: {}
[4.434381] (-) TimerEvent: {}
[4.535070] (-) TimerEvent: {}
[4.635706] (-) TimerEvent: {}
[4.736328] (-) TimerEvent: {}
[4.836938] (-) TimerEvent: {}
[4.937692] (-) TimerEvent: {}
[5.038607] (-) TimerEvent: {}
[5.139411] (-) TimerEvent: {}
[5.240320] (-) TimerEvent: {}
[5.341059] (-) TimerEvent: {}
[5.441625] (-) TimerEvent: {}
[5.542319] (-) TimerEvent: {}
[5.643207] (-) TimerEvent: {}
[5.743808] (-) TimerEvent: {}
[5.844394] (-) TimerEvent: {}
[5.945032] (-) TimerEvent: {}
[6.045572] (-) TimerEvent: {}
[6.146212] (-) TimerEvent: {}
[6.247175] (-) TimerEvent: {}
[6.347968] (-) TimerEvent: {}
[6.448542] (-) TimerEvent: {}
[6.549230] (-) TimerEvent: {}
[6.650297] (-) TimerEvent: {}
[6.750984] (-) TimerEvent: {}
[6.851934] (-) TimerEvent: {}
[6.952671] (-) TimerEvent: {}
[7.053180] (-) TimerEvent: {}
[7.153702] (-) TimerEvent: {}
[7.254517] (-) TimerEvent: {}
[7.355377] (-) TimerEvent: {}
[7.456336] (-) TimerEvent: {}
[7.556940] (-) TimerEvent: {}
[7.657662] (-) TimerEvent: {}
[7.758436] (-) TimerEvent: {}
[7.859100] (-) TimerEvent: {}
[7.959892] (-) TimerEvent: {}
[8.060643] (-) TimerEvent: {}
[8.161278] (-) TimerEvent: {}
[8.262093] (-) TimerEvent: {}
[8.362784] (-) TimerEvent: {}
[8.463483] (-) TimerEvent: {}
[8.564191] (-) TimerEvent: {}
[8.664848] (-) TimerEvent: {}
[8.765493] (-) TimerEvent: {}
[8.866143] (-) TimerEvent: {}
[8.967138] (-) TimerEvent: {}
[9.067910] (-) TimerEvent: {}
[9.168767] (-) TimerEvent: {}
[9.269632] (-) TimerEvent: {}
[9.370611] (-) TimerEvent: {}
[9.471274] (-) TimerEvent: {}
[9.572045] (-) TimerEvent: {}
[9.672912] (-) TimerEvent: {}
[9.773891] (-) TimerEvent: {}
[9.874682] (-) TimerEvent: {}
[9.975697] (-) TimerEvent: {}
[10.076318] (-) TimerEvent: {}
[10.176980] (-) TimerEvent: {}
[10.277669] (-) TimerEvent: {}
[10.378772] (-) TimerEvent: {}
[10.479730] (-) TimerEvent: {}
[10.580525] (-) TimerEvent: {}
[10.681325] (-) TimerEvent: {}
[10.782159] (-) TimerEvent: {}
[10.883040] (-) TimerEvent: {}
[10.983833] (-) TimerEvent: {}
[11.084621] (-) TimerEvent: {}
[11.185277] (-) TimerEvent: {}
[11.285974] (-) TimerEvent: {}
[11.386728] (-) TimerEvent: {}
[11.487334] (-) TimerEvent: {}
[11.587988] (-) TimerEvent: {}
[11.689029] (-) TimerEvent: {}
[11.789929] (-) TimerEvent: {}
[11.890542] (-) TimerEvent: {}
[11.991910] (-) TimerEvent: {}
[12.092513] (-) TimerEvent: {}
[12.193293] (-) TimerEvent: {}
[12.294028] (-) TimerEvent: {}
[12.394903] (-) TimerEvent: {}
[12.495767] (-) TimerEvent: {}
[12.596367] (-) TimerEvent: {}
[12.697132] (-) TimerEvent: {}
[12.798046] (-) TimerEvent: {}
[12.898834] (-) TimerEvent: {}
[12.999795] (-) TimerEvent: {}
[13.100826] (-) TimerEvent: {}
[13.201575] (-) TimerEvent: {}
[13.302331] (-) TimerEvent: {}
[13.402989] (-) TimerEvent: {}
[13.503603] (-) TimerEvent: {}
[13.604589] (-) TimerEvent: {}
[13.705213] (-) TimerEvent: {}
[13.805909] (-) TimerEvent: {}
[13.906876] (-) TimerEvent: {}
[14.007816] (-) TimerEvent: {}
[14.108754] (-) TimerEvent: {}
[14.209350] (-) TimerEvent: {}
[14.309942] (-) TimerEvent: {}
[14.410627] (-) TimerEvent: {}
[14.511262] (-) TimerEvent: {}
[14.612621] (-) TimerEvent: {}
[14.713369] (-) TimerEvent: {}
[14.814007] (-) TimerEvent: {}
[14.914710] (-) TimerEvent: {}
[15.015284] (-) TimerEvent: {}
[15.115958] (-) TimerEvent: {}
[15.216560] (-) TimerEvent: {}
[15.317180] (-) TimerEvent: {}
[15.417855] (-) TimerEvent: {}
[15.518582] (-) TimerEvent: {}
[15.570545] (final_challenge) Command: {'cmd': ['/usr/bin/python3', 'setup.py', 'develop', '--editable', '--build-directory', '/home/racecar/racecar_ws/src/final_challenge2024/build/final_challenge/build', '--no-deps', 'install_data'], 'cwd': '/home/racecar/racecar_ws/src/final_challenge2024/build/final_challenge', 'env': {'PYTHONIOENCODING': 'utf-8', 'HOSTNAME': '04bf17013a04', 'SSH_AGENT_PID': '1102', 'GIT_ASKPASS': '/home/racecar/.vscode-server/bin/8b3775030ed1a69b13e4f4c628c612102e30a681/extensions/git/dist/askpass.sh', 'SHLVL': '1', 'LD_LIBRARY_PATH': '/home/racecar/racecar_ws/install/vs_msgs/lib:/home/racecar/racecar_ws/install/custom_msgs/lib:/opt/ros/foxy/opt/yaml_cpp_vendor/lib:/opt/ros/foxy/opt/rviz_ogre_vendor/lib:/opt/ros/foxy/lib/x86_64-linux-gnu:/opt/ros/foxy/lib', 'BROWSER': '/home/racecar/.vscode-server/bin/8b3775030ed1a69b13e4f4c628c612102e30a681/bin/helpers/browser.sh', 'HOME': '/home/racecar', 'OLDPWD': '/home/racecar/racecar_ws/src/final_challenge2024/final_challenge', 'TERM_PROGRAM_VERSION': '1.85.2', 'VSCODE_IPC_HOOK_CLI': '/tmp/vscode-ipc-e1331d22-28c0-4c71-82b5-8cb010867826.sock', 'ROS_PYTHON_VERSION': '3', 'VSCODE_GIT_ASKPASS_MAIN': '/home/racecar/.vscode-server/bin/8b3775030ed1a69b13e4f4c628c612102e30a681/extensions/git/dist/askpass-main.js', 'VSCODE_GIT_ASKPASS_NODE': '/home/racecar/.vscode-server/bin/8b3775030ed1a69b13e4f4c628c612102e30a681/node', 'COLORTERM': 'truecolor', 'REMOTE_CONTAINERS': 'true', 'COLCON_PREFIX_PATH': '/home/racecar/racecar_ws/src/final_challenge2024/install:/home/racecar/racecar_ws/src/final_challenge2024/final_challenge/install:/home/racecar/racecar_ws/install:/home/sim_ws/install', 'ROS_DISTRO': 'foxy', 'REMOTE_CONTAINERS_IPC': '/tmp/vscode-remote-containers-ipc-81d13247-f535-4431-8394-e7b4095d6e89.sock', '_': '/usr/bin/colcon', 'ROS_VERSION': '2', 'TERM': 'xterm-256color', 'ROS_LOCALHOST_ONLY': '0', 'PATH': '/opt/ros/foxy/bin:/home/racecar/.vscode-server/bin/8b3775030ed1a69b13e4f4c628c612102e30a681/bin/remote-cli:/usr/local/sbin:/usr/local/bin:/usr/sbin:/usr/bin:/sbin:/bin', 'DISPLAY': '172.18.192.1:0.0', 'LANG': 'en_US.UTF-8', 'VSCODE_GIT_IPC_HANDLE': '/tmp/vscode-git-aec1aa4683.sock', 'TERM_PROGRAM': 'vscode', 'SSH_AUTH_SOCK': '/tmp/ssh-xiFwpqjhmxFw/agent.1101', 'AMENT_PREFIX_PATH': '/home/racecar/racecar_ws/src/final_challenge2024/install/final_challenge:/home/racecar/racecar_ws/src/final_challenge2024/final_challenge/install/final_challenge:/home/sim_ws/install/racecar_simulator:/home/racecar/racecar_ws/install/wall_follower:/home/racecar/racecar_ws/install/vs_msgs:/home/racecar/racecar_ws/install/visual_servoing:/home/racecar/racecar_ws/install/safety_controller:/home/racecar/racecar_ws/install/ros_exercises:/home/racecar/racecar_ws/install/localization:/opt/ros/foxy', 'SHELL': '/bin/bash', 'SIM_WS': '/home/sim_ws', 'VSCODE_GIT_ASKPASS_EXTRA_ARGS': '', 'PWD': '/home/racecar/racecar_ws/src/final_challenge2024/build/final_challenge', 'PYTHONPATH': '/home/racecar/racecar_ws/src/final_challenge2024/build/final_challenge/prefix_override:/home/racecar/racecar_ws/src/final_challenge2024/install/final_challenge/lib/python3.8/site-packages:/home/racecar/racecar_ws/src/final_challenge2024/install/final_challenge/lib/python3.8/site-packages:/home/racecar/racecar_ws/src/final_challenge2024/final_challenge/build/final_challenge:/home/racecar/racecar_ws/src/final_challenge2024/final_challenge/install/final_challenge/lib/python3.8/site-packages:/home/racecar/racecar_ws/build/wall_follower:/home/racecar/racecar_ws/install/wall_follower/lib/python3.8/site-packages:/home/racecar/racecar_ws/install/vs_msgs/lib/python3.8/site-packages:/home/racecar/racecar_ws/build/visual_servoing:/home/racecar/racecar_ws/install/visual_servoing/lib/python3.8/site-packages:/home/racecar/racecar_ws/build/safety_controller:/home/racecar/racecar_ws/install/safety_controller/lib/python3.8/site-packages:/home/racecar/racecar_ws/build/ros_exercises:/home/racecar/racecar_ws/install/ros_exercises/lib/python3.8/site-packages:/home/racecar/racecar_ws/build/localization:/home/racecar/racecar_ws/install/localization/lib/python3.8/site-packages:/home/racecar/racecar_ws/install/custom_msgs/lib/python3.8/site-packages:/opt/ros/foxy/lib/python3.8/site-packages', 'NO_VNC_VERSION': '1.4.0', 'COLCON': '1', 'CMAKE_PREFIX_PATH': '/home/sim_ws/install/racecar_simulator:/home/racecar/racecar_ws/install/vs_msgs:/home/racecar/racecar_ws/install/custom_msgs'}, 'shell': False}
[15.618736] (-) TimerEvent: {}
[15.719468] (-) TimerEvent: {}
[15.820243] (-) TimerEvent: {}
[15.920958] (-) TimerEvent: {}
[16.021580] (-) TimerEvent: {}
[16.122300] (-) TimerEvent: {}
[16.222973] (-) TimerEvent: {}
[16.323797] (-) TimerEvent: {}
[16.424664] (-) TimerEvent: {}
[16.525455] (-) TimerEvent: {}
[16.626167] (-) TimerEvent: {}
[16.727394] (-) TimerEvent: {}
[16.828164] (-) TimerEvent: {}
[16.928801] (-) TimerEvent: {}
[17.029375] (-) TimerEvent: {}
[17.130050] (-) TimerEvent: {}
[17.230602] (-) TimerEvent: {}
[17.331322] (-) TimerEvent: {}
[17.432251] (-) TimerEvent: {}
[17.532948] (-) TimerEvent: {}
[17.633724] (-) TimerEvent: {}
[17.734534] (-) TimerEvent: {}
[17.835292] (-) TimerEvent: {}
[17.935977] (-) TimerEvent: {}
[18.036609] (-) TimerEvent: {}
[18.137743] (-) TimerEvent: {}
[18.238586] (-) TimerEvent: {}
[18.339356] (-) TimerEvent: {}
[18.440300] (-) TimerEvent: {}
[18.540949] (-) TimerEvent: {}
[18.641535] (-) TimerEvent: {}
[18.742189] (-) TimerEvent: {}
[18.842823] (-) TimerEvent: {}
[18.943498] (-) TimerEvent: {}
[19.044330] (-) TimerEvent: {}
[19.145519] (-) TimerEvent: {}
[19.246143] (-) TimerEvent: {}
[19.346718] (-) TimerEvent: {}
[19.447369] (-) TimerEvent: {}
[19.548056] (-) TimerEvent: {}
[19.648637] (-) TimerEvent: {}
[19.749257] (-) TimerEvent: {}
[19.850427] (-) TimerEvent: {}
[19.951125] (-) TimerEvent: {}
[20.051627] (-) TimerEvent: {}
[20.152465] (-) TimerEvent: {}
[20.253238] (-) TimerEvent: {}
[20.353856] (-) TimerEvent: {}
[20.454529] (-) TimerEvent: {}
[20.555239] (-) TimerEvent: {}
[20.656033] (-) TimerEvent: {}
[20.756714] (-) TimerEvent: {}
[20.857565] (-) TimerEvent: {}
[20.958458] (-) TimerEvent: {}
[21.059195] (-) TimerEvent: {}
[21.160007] (-) TimerEvent: {}
[21.260638] (-) TimerEvent: {}
[21.361191] (-) TimerEvent: {}
[21.462641] (-) TimerEvent: {}
[21.545809] (final_challenge) StdoutLine: {'line': b'running develop\n'}
[21.562817] (-) TimerEvent: {}
[21.663536] (-) TimerEvent: {}
[21.764467] (-) TimerEvent: {}
[21.865397] (-) TimerEvent: {}
[21.965982] (-) TimerEvent: {}
[22.066509] (-) TimerEvent: {}
[22.167292] (-) TimerEvent: {}
[22.268014] (-) TimerEvent: {}
[22.368527] (-) TimerEvent: {}
[22.469080] (-) TimerEvent: {}
[22.569648] (-) TimerEvent: {}
[22.670335] (-) TimerEvent: {}
[22.701870] (final_challenge) StdoutLine: {'line': b'running egg_info\n'}
[22.703614] (final_challenge) StdoutLine: {'line': b'writing final_challenge.egg-info/PKG-INFO\n'}
[22.710735] (final_challenge) StdoutLine: {'line': b'writing dependency_links to final_challenge.egg-info/dependency_links.txt\n'}
[22.715007] (final_challenge) StdoutLine: {'line': b'writing entry points to final_challenge.egg-info/entry_points.txt\n'}
[22.718200] (final_challenge) StdoutLine: {'line': b'writing requirements to final_challenge.egg-info/requires.txt\n'}
[22.720754] (final_challenge) StdoutLine: {'line': b'writing top-level names to final_challenge.egg-info/top_level.txt\n'}
[22.770463] (-) TimerEvent: {}
[22.871098] (-) TimerEvent: {}
[22.907749] (final_challenge) StdoutLine: {'line': b"reading manifest file 'final_challenge.egg-info/SOURCES.txt'\n"}
[22.970552] (final_challenge) StdoutLine: {'line': b"writing manifest file 'final_challenge.egg-info/SOURCES.txt'\n"}
[22.971612] (-) TimerEvent: {}
[23.072382] (-) TimerEvent: {}
[23.173092] (-) TimerEvent: {}
[23.273745] (-) TimerEvent: {}
[23.374377] (-) TimerEvent: {}
[23.475009] (-) TimerEvent: {}
[23.476663] (final_challenge) StdoutLine: {'line': b'running build_ext\n'}
[23.480339] (final_challenge) StdoutLine: {'line': b'Creating /home/racecar/racecar_ws/src/final_challenge2024/install/final_challenge/lib/python3.8/site-packages/site.py\n'}
[23.575235] (-) TimerEvent: {}
[23.577720] (final_challenge) StdoutLine: {'line': b'Creating /home/racecar/racecar_ws/src/final_challenge2024/install/final_challenge/lib/python3.8/site-packages/final-challenge.egg-link (link to .)\n'}
[23.610459] (final_challenge) StdoutLine: {'line': b'\n'}
[23.611373] (final_challenge) StdoutLine: {'line': b'Installed /home/racecar/racecar_ws/src/final_challenge2024/build/final_challenge\n'}
[23.614146] (final_challenge) StdoutLine: {'line': b'running install_data\n'}
[23.660897] (final_challenge) StdoutLine: {'line': b'creating /home/racecar/racecar_ws/src/final_challenge2024/install/final_challenge/share/final_challenge/launch\n'}
[23.675378] (-) TimerEvent: {}
[23.676089] (final_challenge) StdoutLine: {'line': b'copying launch/planner.launch.xml -> /home/racecar/racecar_ws/src/final_challenge2024/install/final_challenge/share/final_challenge/launch\n'}
[23.731722] (final_challenge) CommandEnded: {'returncode': 0}
[23.775484] (-) TimerEvent: {}
[23.876174] (-) TimerEvent: {}
[23.977027] (-) TimerEvent: {}
[24.077959] (-) TimerEvent: {}
[24.178534] (-) TimerEvent: {}
[24.279956] (-) TimerEvent: {}
[24.380878] (-) TimerEvent: {}
[24.482262] (-) TimerEvent: {}
[24.583970] (-) TimerEvent: {}
[24.679779] (final_challenge) JobEnded: {'identifier': 'final_challenge', 'rc': 0}
[24.690492] (-) TimerEvent: {}
[24.690926] (-) EventReactorShutdown: {}
