running egg_info
creating ../build/final_challenge/final_challenge.egg-info
writing ../build/final_challenge/final_challenge.egg-info/PKG-INFO
writing dependency_links to ../build/final_challenge/final_challenge.egg-info/dependency_links.txt
writing entry points to ../build/final_challenge/final_challenge.egg-info/entry_points.txt
writing requirements to ../build/final_challenge/final_challenge.egg-info/requires.txt
writing top-level names to ../build/final_challenge/final_challenge.egg-info/top_level.txt
writing manifest file '../build/final_challenge/final_challenge.egg-info/SOURCES.txt'
reading manifest file '../build/final_challenge/final_challenge.egg-info/SOURCES.txt'
writing manifest file '../build/final_challenge/final_challenge.egg-info/SOURCES.txt'
running build
running build_py
creating /home/racecar/racecar_ws/src/final_challenge2024/build/final_challenge/build
creating /home/racecar/racecar_ws/src/final_challenge2024/build/final_challenge/build/lib
creating /home/racecar/racecar_ws/src/final_challenge2024/build/final_challenge/build/lib/final_challenge
copying final_challenge/__init__.py -> /home/racecar/racecar_ws/src/final_challenge2024/build/final_challenge/build/lib/final_challenge
running install
running install_lib
creating /home/racecar/racecar_ws/src/final_challenge2024/install/final_challenge/lib/python3.8/site-packages/final_challenge
copying /home/racecar/racecar_ws/src/final_challenge2024/build/final_challenge/build/lib/final_challenge/__init__.py -> /home/racecar/racecar_ws/src/final_challenge2024/install/final_challenge/lib/python3.8/site-packages/final_challenge
byte-compiling /home/racecar/racecar_ws/src/final_challenge2024/install/final_challenge/lib/python3.8/site-packages/final_challenge/__init__.py to __init__.cpython-38.pyc
running install_data
creating /home/racecar/racecar_ws/src/final_challenge2024/install/final_challenge/share/ament_index
creating /home/racecar/racecar_ws/src/final_challenge2024/install/final_challenge/share/ament_index/resource_index
creating /home/racecar/racecar_ws/src/final_challenge2024/install/final_challenge/share/ament_index/resource_index/packages
copying resource/final_challenge -> /home/racecar/racecar_ws/src/final_challenge2024/install/final_challenge/share/ament_index/resource_index/packages
copying package.xml -> /home/racecar/racecar_ws/src/final_challenge2024/install/final_challenge/share/final_challenge
running install_egg_info
Copying ../build/final_challenge/final_challenge.egg-info to /home/racecar/racecar_ws/src/final_challenge2024/install/final_challenge/lib/python3.8/site-packages/final_challenge-0.0.0-py3.8.egg-info
running install_scripts
writing list of installed files to '/home/racecar/racecar_ws/src/final_challenge2024/build/final_challenge/install.log'
