[14.392s] Invoking command in '/home/racecar/racecar_ws/src/final_challenge2024/final_challenge': PYTHONPATH=/home/racecar/racecar_ws/src/final_challenge2024/build/final_challenge/prefix_override:/home/racecar/racecar_ws/src/final_challenge2024/install/final_challenge/lib/python3.8/site-packages:${PYTHONPATH} /usr/bin/python3 setup.py egg_info --egg-base ../build/final_challenge build --build-base /home/racecar/racecar_ws/src/final_challenge2024/build/final_challenge/build install --record /home/racecar/racecar_ws/src/final_challenge2024/build/final_challenge/install.log --install-scripts $base/lib/final_challenge --single-version-externally-managed
[19.648s] running egg_info
[19.653s] creating ../build/final_challenge/final_challenge.egg-info
[19.656s] writing ../build/final_challenge/final_challenge.egg-info/PKG-INFO
[19.669s] writing dependency_links to ../build/final_challenge/final_challenge.egg-info/dependency_links.txt
[19.682s] writing entry points to ../build/final_challenge/final_challenge.egg-info/entry_points.txt
[19.689s] writing requirements to ../build/final_challenge/final_challenge.egg-info/requires.txt
[19.694s] writing top-level names to ../build/final_challenge/final_challenge.egg-info/top_level.txt
[19.743s] writing manifest file '../build/final_challenge/final_challenge.egg-info/SOURCES.txt'
[19.991s] reading manifest file '../build/final_challenge/final_challenge.egg-info/SOURCES.txt'
[20.053s] writing manifest file '../build/final_challenge/final_challenge.egg-info/SOURCES.txt'
[20.056s] running build
[20.058s] running build_py
[20.066s] creating /home/racecar/racecar_ws/src/final_challenge2024/build/final_challenge/build
[20.069s] creating /home/racecar/racecar_ws/src/final_challenge2024/build/final_challenge/build/lib
[20.071s] creating /home/racecar/racecar_ws/src/final_challenge2024/build/final_challenge/build/lib/final_challenge
[20.084s] copying final_challenge/__init__.py -> /home/racecar/racecar_ws/src/final_challenge2024/build/final_challenge/build/lib/final_challenge
[20.100s] running install
[20.134s] running install_lib
[20.162s] creating /home/racecar/racecar_ws/src/final_challenge2024/install/final_challenge/lib/python3.8/site-packages/final_challenge
[20.183s] copying /home/racecar/racecar_ws/src/final_challenge2024/build/final_challenge/build/lib/final_challenge/__init__.py -> /home/racecar/racecar_ws/src/final_challenge2024/install/final_challenge/lib/python3.8/site-packages/final_challenge
[20.257s] byte-compiling /home/racecar/racecar_ws/src/final_challenge2024/install/final_challenge/lib/python3.8/site-packages/final_challenge/__init__.py to __init__.cpython-38.pyc
[20.296s] running install_data
[20.306s] creating /home/racecar/racecar_ws/src/final_challenge2024/install/final_challenge/share/ament_index
[20.308s] creating /home/racecar/racecar_ws/src/final_challenge2024/install/final_challenge/share/ament_index/resource_index
[20.310s] creating /home/racecar/racecar_ws/src/final_challenge2024/install/final_challenge/share/ament_index/resource_index/packages
[20.323s] copying resource/final_challenge -> /home/racecar/racecar_ws/src/final_challenge2024/install/final_challenge/share/ament_index/resource_index/packages
[20.351s] copying package.xml -> /home/racecar/racecar_ws/src/final_challenge2024/install/final_challenge/share/final_challenge
[20.368s] running install_egg_info
[20.425s] Copying ../build/final_challenge/final_challenge.egg-info to /home/racecar/racecar_ws/src/final_challenge2024/install/final_challenge/lib/python3.8/site-packages/final_challenge-0.0.0-py3.8.egg-info
[20.736s] running install_scripts
[21.016s] writing list of installed files to '/home/racecar/racecar_ws/src/final_challenge2024/build/final_challenge/install.log'
[21.045s] Invoked command in '/home/racecar/racecar_ws/src/final_challenge2024/final_challenge' returned '0': PYTHONPATH=/home/racecar/racecar_ws/src/final_challenge2024/build/final_challenge/prefix_override:/home/racecar/racecar_ws/src/final_challenge2024/install/final_challenge/lib/python3.8/site-packages:${PYTHONPATH} /usr/bin/python3 setup.py egg_info --egg-base ../build/final_challenge build --build-base /home/racecar/racecar_ws/src/final_challenge2024/build/final_challenge/build install --record /home/racecar/racecar_ws/src/final_challenge2024/build/final_challenge/install.log --install-scripts $base/lib/final_challenge --single-version-externally-managed
