[6.973s] DEBUG:colcon:Command line arguments: ['/usr/bin/colcon', 'build', '--symlink-install']
[6.974s] DEBUG:colcon:Parsed command line arguments: Namespace(ament_cmake_args=None, base_paths=['.'], build_base='build', catkin_cmake_args=None, catkin_skip_building_tests=False, cmake_args=None, cmake_clean_cache=False, cmake_clean_first=False, cmake_force_configure=False, cmake_target=None, cmake_target_skip_unavailable=False, continue_on_error=False, event_handlers=None, executor='parallel', ignore_user_meta=False, install_base='install', log_base=None, log_level=None, main=<bound method BuildVerb.main of <colcon_core.verb.build.BuildVerb object at 0x7f1ad4056d60>>, merge_install=False, metas=['./colcon.meta'], packages_above=None, packages_above_and_dependencies=None, packages_above_depth=None, packages_end=None, packages_ignore=None, packages_ignore_regex=None, packages_select=None, packages_select_build_failed=False, packages_select_by_dep=None, packages_select_regex=None, packages_select_test_failures=False, packages_skip=None, packages_skip_build_finished=False, packages_skip_by_dep=None, packages_skip_regex=None, packages_skip_test_passed=False, packages_skip_up_to=None, packages_start=None, packages_up_to=None, packages_up_to_regex=None, parallel_workers=8, paths=None, symlink_install=True, test_result_base=None, verb_extension=<colcon_core.verb.build.BuildVerb object at 0x7f1ad4056d60>, verb_name='build', verb_parser=<colcon_defaults.argument_parser.defaults.DefaultArgumentsDecorator object at 0x7f1ad3ce6700>)
[7.491s] Level 1:colcon.colcon_core.package_discovery:discover_packages(colcon_meta) check parameters
[7.493s] Level 1:colcon.colcon_core.package_discovery:discover_packages(recursive) check parameters
[7.493s] Level 1:colcon.colcon_core.package_discovery:discover_packages(ignore) check parameters
[7.494s] Level 1:colcon.colcon_core.package_discovery:discover_packages(path) check parameters
[7.494s] Level 1:colcon.colcon_core.package_discovery:discover_packages(colcon_meta) discover
[7.495s] Level 1:colcon.colcon_core.package_discovery:discover_packages(recursive) discover
[7.496s] INFO:colcon.colcon_core.package_discovery:Crawling recursively for packages in '/home/racecar/racecar_ws/src/final_challenge2024'
[7.497s] Level 1:colcon.colcon_core.package_identification:_identify(.) by extensions ['ignore', 'ignore_ament_install']
[7.498s] Level 1:colcon.colcon_core.package_identification:_identify(.) by extension 'ignore'
[7.498s] Level 1:colcon.colcon_core.package_identification:_identify(.) by extension 'ignore_ament_install'
[7.499s] Level 1:colcon.colcon_core.package_identification:_identify(.) by extensions ['colcon_pkg']
[7.499s] Level 1:colcon.colcon_core.package_identification:_identify(.) by extension 'colcon_pkg'
[7.499s] Level 1:colcon.colcon_core.package_identification:_identify(.) by extensions ['colcon_meta']
[7.499s] Level 1:colcon.colcon_core.package_identification:_identify(.) by extension 'colcon_meta'
[7.499s] Level 1:colcon.colcon_core.package_identification:_identify(.) by extensions ['ros']
[7.499s] Level 1:colcon.colcon_core.package_identification:_identify(.) by extension 'ros'
[7.541s] Level 1:colcon.colcon_core.package_identification:_identify(.) by extensions ['cmake', 'python']
[7.541s] Level 1:colcon.colcon_core.package_identification:_identify(.) by extension 'cmake'
[7.542s] Level 1:colcon.colcon_core.package_identification:_identify(.) by extension 'python'
[7.542s] Level 1:colcon.colcon_core.package_identification:_identify(.) by extensions ['python_setup_py']
[7.542s] Level 1:colcon.colcon_core.package_identification:_identify(.) by extension 'python_setup_py'
[7.545s] Level 1:colcon.colcon_core.package_identification:_identify(build) by extensions ['ignore', 'ignore_ament_install']
[7.545s] Level 1:colcon.colcon_core.package_identification:_identify(build) by extension 'ignore'
[7.546s] Level 1:colcon.colcon_core.package_identification:_identify(build) ignored
[7.548s] Level 1:colcon.colcon_core.package_identification:_identify(city_driving) by extensions ['ignore', 'ignore_ament_install']
[7.549s] Level 1:colcon.colcon_core.package_identification:_identify(city_driving) by extension 'ignore'
[7.550s] Level 1:colcon.colcon_core.package_identification:_identify(city_driving) by extension 'ignore_ament_install'
[7.551s] Level 1:colcon.colcon_core.package_identification:_identify(city_driving) by extensions ['colcon_pkg']
[7.552s] Level 1:colcon.colcon_core.package_identification:_identify(city_driving) by extension 'colcon_pkg'
[7.554s] Level 1:colcon.colcon_core.package_identification:_identify(city_driving) by extensions ['colcon_meta']
[7.554s] Level 1:colcon.colcon_core.package_identification:_identify(city_driving) by extension 'colcon_meta'
[7.555s] Level 1:colcon.colcon_core.package_identification:_identify(city_driving) by extensions ['ros']
[7.555s] Level 1:colcon.colcon_core.package_identification:_identify(city_driving) by extension 'ros'
[7.558s] Level 1:colcon.colcon_core.package_identification:_identify(city_driving) by extensions ['cmake', 'python']
[7.558s] Level 1:colcon.colcon_core.package_identification:_identify(city_driving) by extension 'cmake'
[7.559s] Level 1:colcon.colcon_core.package_identification:_identify(city_driving) by extension 'python'
[7.560s] Level 1:colcon.colcon_core.package_identification:_identify(city_driving) by extensions ['python_setup_py']
[7.560s] Level 1:colcon.colcon_core.package_identification:_identify(city_driving) by extension 'python_setup_py'
[7.563s] Level 1:colcon.colcon_core.package_identification:_identify(city_driving/stop_detector) by extensions ['ignore', 'ignore_ament_install']
[7.564s] Level 1:colcon.colcon_core.package_identification:_identify(city_driving/stop_detector) by extension 'ignore'
[7.565s] Level 1:colcon.colcon_core.package_identification:_identify(city_driving/stop_detector) by extension 'ignore_ament_install'
[7.566s] Level 1:colcon.colcon_core.package_identification:_identify(city_driving/stop_detector) by extensions ['colcon_pkg']
[7.567s] Level 1:colcon.colcon_core.package_identification:_identify(city_driving/stop_detector) by extension 'colcon_pkg'
[7.571s] Level 1:colcon.colcon_core.package_identification:_identify(city_driving/stop_detector) by extensions ['colcon_meta']
[7.571s] Level 1:colcon.colcon_core.package_identification:_identify(city_driving/stop_detector) by extension 'colcon_meta'
[7.575s] Level 1:colcon.colcon_core.package_identification:_identify(city_driving/stop_detector) by extensions ['ros']
[7.575s] Level 1:colcon.colcon_core.package_identification:_identify(city_driving/stop_detector) by extension 'ros'
[7.581s] Level 1:colcon.colcon_core.package_identification:_identify(city_driving/stop_detector) by extensions ['cmake', 'python']
[7.581s] Level 1:colcon.colcon_core.package_identification:_identify(city_driving/stop_detector) by extension 'cmake'
[7.584s] Level 1:colcon.colcon_core.package_identification:_identify(city_driving/stop_detector) by extension 'python'
[7.586s] Level 1:colcon.colcon_core.package_identification:_identify(city_driving/stop_detector) by extensions ['python_setup_py']
[7.586s] Level 1:colcon.colcon_core.package_identification:_identify(city_driving/stop_detector) by extension 'python_setup_py'
[7.590s] Level 1:colcon.colcon_core.package_identification:_identify(config) by extensions ['ignore', 'ignore_ament_install']
[7.590s] Level 1:colcon.colcon_core.package_identification:_identify(config) by extension 'ignore'
[7.591s] Level 1:colcon.colcon_core.package_identification:_identify(config) by extension 'ignore_ament_install'
[7.592s] Level 1:colcon.colcon_core.package_identification:_identify(config) by extensions ['colcon_pkg']
[7.592s] Level 1:colcon.colcon_core.package_identification:_identify(config) by extension 'colcon_pkg'
[7.593s] Level 1:colcon.colcon_core.package_identification:_identify(config) by extensions ['colcon_meta']
[7.593s] Level 1:colcon.colcon_core.package_identification:_identify(config) by extension 'colcon_meta'
[7.594s] Level 1:colcon.colcon_core.package_identification:_identify(config) by extensions ['ros']
[7.594s] Level 1:colcon.colcon_core.package_identification:_identify(config) by extension 'ros'
[7.597s] Level 1:colcon.colcon_core.package_identification:_identify(config) by extensions ['cmake', 'python']
[7.597s] Level 1:colcon.colcon_core.package_identification:_identify(config) by extension 'cmake'
[7.597s] Level 1:colcon.colcon_core.package_identification:_identify(config) by extension 'python'
[7.598s] Level 1:colcon.colcon_core.package_identification:_identify(config) by extensions ['python_setup_py']
[7.598s] Level 1:colcon.colcon_core.package_identification:_identify(config) by extension 'python_setup_py'
[7.601s] Level 1:colcon.colcon_core.package_identification:_identify(install) by extensions ['ignore', 'ignore_ament_install']
[7.601s] Level 1:colcon.colcon_core.package_identification:_identify(install) by extension 'ignore'
[7.604s] Level 1:colcon.colcon_core.package_identification:_identify(install) ignored
[7.606s] Level 1:colcon.colcon_core.package_identification:_identify(launch) by extensions ['ignore', 'ignore_ament_install']
[7.607s] Level 1:colcon.colcon_core.package_identification:_identify(launch) by extension 'ignore'
[7.607s] Level 1:colcon.colcon_core.package_identification:_identify(launch) by extension 'ignore_ament_install'
[7.609s] Level 1:colcon.colcon_core.package_identification:_identify(launch) by extensions ['colcon_pkg']
[7.609s] Level 1:colcon.colcon_core.package_identification:_identify(launch) by extension 'colcon_pkg'
[7.609s] Level 1:colcon.colcon_core.package_identification:_identify(launch) by extensions ['colcon_meta']
[7.610s] Level 1:colcon.colcon_core.package_identification:_identify(launch) by extension 'colcon_meta'
[7.610s] Level 1:colcon.colcon_core.package_identification:_identify(launch) by extensions ['ros']
[7.610s] Level 1:colcon.colcon_core.package_identification:_identify(launch) by extension 'ros'
[7.613s] Level 1:colcon.colcon_core.package_identification:_identify(launch) by extensions ['cmake', 'python']
[7.613s] Level 1:colcon.colcon_core.package_identification:_identify(launch) by extension 'cmake'
[7.613s] Level 1:colcon.colcon_core.package_identification:_identify(launch) by extension 'python'
[7.614s] Level 1:colcon.colcon_core.package_identification:_identify(launch) by extensions ['python_setup_py']
[7.614s] Level 1:colcon.colcon_core.package_identification:_identify(launch) by extension 'python_setup_py'
[7.619s] Level 1:colcon.colcon_core.package_identification:_identify(log) by extensions ['ignore', 'ignore_ament_install']
[7.620s] Level 1:colcon.colcon_core.package_identification:_identify(log) by extension 'ignore'
[7.621s] Level 1:colcon.colcon_core.package_identification:_identify(log) ignored
[7.623s] Level 1:colcon.colcon_core.package_identification:_identify(media) by extensions ['ignore', 'ignore_ament_install']
[7.623s] Level 1:colcon.colcon_core.package_identification:_identify(media) by extension 'ignore'
[7.624s] Level 1:colcon.colcon_core.package_identification:_identify(media) by extension 'ignore_ament_install'
[7.625s] Level 1:colcon.colcon_core.package_identification:_identify(media) by extensions ['colcon_pkg']
[7.625s] Level 1:colcon.colcon_core.package_identification:_identify(media) by extension 'colcon_pkg'
[7.626s] Level 1:colcon.colcon_core.package_identification:_identify(media) by extensions ['colcon_meta']
[7.626s] Level 1:colcon.colcon_core.package_identification:_identify(media) by extension 'colcon_meta'
[7.627s] Level 1:colcon.colcon_core.package_identification:_identify(media) by extensions ['ros']
[7.627s] Level 1:colcon.colcon_core.package_identification:_identify(media) by extension 'ros'
[7.629s] Level 1:colcon.colcon_core.package_identification:_identify(media) by extensions ['cmake', 'python']
[7.630s] Level 1:colcon.colcon_core.package_identification:_identify(media) by extension 'cmake'
[7.630s] Level 1:colcon.colcon_core.package_identification:_identify(media) by extension 'python'
[7.631s] Level 1:colcon.colcon_core.package_identification:_identify(media) by extensions ['python_setup_py']
[7.631s] Level 1:colcon.colcon_core.package_identification:_identify(media) by extension 'python_setup_py'
[7.632s] Level 1:colcon.colcon_core.package_discovery:discover_packages(recursive) using defaults
[7.632s] Level 1:colcon.colcon_core.package_discovery:discover_packages(ignore) discover
[7.633s] Level 1:colcon.colcon_core.package_discovery:discover_packages(ignore) using defaults
[7.633s] Level 1:colcon.colcon_core.package_discovery:discover_packages(path) discover
[7.633s] Level 1:colcon.colcon_core.package_discovery:discover_packages(path) using defaults
[8.400s] INFO:colcon.colcon_core.executor:Executing jobs using 'parallel' executor
[8.518s] DEBUG:colcon.colcon_parallel_executor.executor.parallel:run_until_complete
[8.519s] DEBUG:colcon.colcon_parallel_executor.executor.parallel:closing loop
[8.520s] DEBUG:colcon.colcon_parallel_executor.executor.parallel:loop closed
[8.520s] DEBUG:colcon.colcon_parallel_executor.executor.parallel:run_until_complete finished with '0'
[8.521s] DEBUG:colcon.colcon_core.event_reactor:joining thread
[8.732s] INFO:colcon.colcon_core.plugin_system:Skipping extension 'colcon_notification.desktop_notification.notify_send': Could not find 'notify-send'
[8.733s] INFO:colcon.colcon_core.plugin_system:Skipping extension 'colcon_notification.desktop_notification.terminal_notifier': Not used on non-Darwin systems
[8.733s] INFO:colcon.colcon_core.plugin_system:Skipping extension 'colcon_notification.desktop_notification.win32': Not used on non-Windows systems
[8.733s] INFO:colcon.colcon_notification.desktop_notification:Sending desktop notification using 'notify2'
[11.970s] DEBUG:colcon.colcon_notification.desktop_notification.notify2:Failed to initialize notify2: org.freedesktop.DBus.Error.Spawn.ExecFailed: /usr/bin/dbus-launch terminated abnormally with the following error: Autolaunch error: X11 initialization failed.

[11.971s] DEBUG:colcon.colcon_core.event_reactor:joined thread
[12.114s] INFO:colcon.colcon_core.plugin_system:Skipping extension 'colcon_core.shell.bat': Not used on non-Windows systems
[12.115s] INFO:colcon.colcon_core.shell:Creating prefix script '/home/racecar/racecar_ws/src/final_challenge2024/install/local_setup.ps1'
[12.123s] INFO:colcon.colcon_core.shell:Creating prefix util module '/home/racecar/racecar_ws/src/final_challenge2024/install/_local_setup_util_ps1.py'
[12.131s] INFO:colcon.colcon_core.shell:Creating prefix chain script '/home/racecar/racecar_ws/src/final_challenge2024/install/setup.ps1'
[12.271s] INFO:colcon.colcon_core.shell:Creating prefix script '/home/racecar/racecar_ws/src/final_challenge2024/install/local_setup.sh'
[12.277s] INFO:colcon.colcon_core.shell:Creating prefix util module '/home/racecar/racecar_ws/src/final_challenge2024/install/_local_setup_util_sh.py'
[12.284s] INFO:colcon.colcon_core.shell:Creating prefix chain script '/home/racecar/racecar_ws/src/final_challenge2024/install/setup.sh'
[12.426s] INFO:colcon.colcon_core.shell:Creating prefix script '/home/racecar/racecar_ws/src/final_challenge2024/install/local_setup.bash'
[12.432s] INFO:colcon.colcon_core.shell:Creating prefix chain script '/home/racecar/racecar_ws/src/final_challenge2024/install/setup.bash'
[12.577s] INFO:colcon.colcon_core.shell:Creating prefix script '/home/racecar/racecar_ws/src/final_challenge2024/install/local_setup.zsh'
[12.583s] INFO:colcon.colcon_core.shell:Creating prefix chain script '/home/racecar/racecar_ws/src/final_challenge2024/install/setup.zsh'
