running develop
running egg_info
creating final_challenge.egg-info
writing final_challenge.egg-info/PKG-INFO
writing dependency_links to final_challenge.egg-info/dependency_links.txt
writing entry points to final_challenge.egg-info/entry_points.txt
writing requirements to final_challenge.egg-info/requires.txt
writing top-level names to final_challenge.egg-info/top_level.txt
writing manifest file 'final_challenge.egg-info/SOURCES.txt'
reading manifest file 'final_challenge.egg-info/SOURCES.txt'
writing manifest file 'final_challenge.egg-info/SOURCES.txt'
running build_ext
Creating /home/racecar/racecar_ws/src/final_challenge2024/final_challenge/install/final_challenge/lib/python3.8/site-packages/site.py
Creating /home/racecar/racecar_ws/src/final_challenge2024/final_challenge/install/final_challenge/lib/python3.8/site-packages/final-challenge.egg-link (link to .)

Installed /home/racecar/racecar_ws/src/final_challenge2024/final_challenge/build/final_challenge
running install_data
creating /home/racecar/racecar_ws/src/final_challenge2024/final_challenge/install/final_challenge/share/ament_index
creating /home/racecar/racecar_ws/src/final_challenge2024/final_challenge/install/final_challenge/share/ament_index/resource_index
creating /home/racecar/racecar_ws/src/final_challenge2024/final_challenge/install/final_challenge/share/ament_index/resource_index/packages
copying resource/final_challenge -> /home/racecar/racecar_ws/src/final_challenge2024/final_challenge/install/final_challenge/share/ament_index/resource_index/packages
copying package.xml -> /home/racecar/racecar_ws/src/final_challenge2024/final_challenge/install/final_challenge/share/final_challenge
