[13.596s] Invoking command in '/home/racecar/racecar_ws/src/final_challenge2024/final_challenge/build/final_challenge': PYTHONPATH=/home/racecar/racecar_ws/src/final_challenge2024/final_challenge/build/final_challenge/prefix_override:/home/racecar/racecar_ws/src/final_challenge2024/final_challenge/install/final_challenge/lib/python3.8/site-packages:${PYTHONPATH} /usr/bin/python3 setup.py develop --editable --build-directory /home/racecar/racecar_ws/src/final_challenge2024/final_challenge/build/final_challenge/build --no-deps install_data
[18.772s] running develop
[19.873s] running egg_info
[19.874s] creating final_challenge.egg-info
[19.877s] writing final_challenge.egg-info/PKG-INFO
[19.888s] writing dependency_links to final_challenge.egg-info/dependency_links.txt
[19.895s] writing entry points to final_challenge.egg-info/entry_points.txt
[19.901s] writing requirements to final_challenge.egg-info/requires.txt
[19.904s] writing top-level names to final_challenge.egg-info/top_level.txt
[19.948s] writing manifest file 'final_challenge.egg-info/SOURCES.txt'
[20.075s] reading manifest file 'final_challenge.egg-info/SOURCES.txt'
[20.126s] writing manifest file 'final_challenge.egg-info/SOURCES.txt'
[20.687s] running build_ext
[20.692s] Creating /home/racecar/racecar_ws/src/final_challenge2024/final_challenge/install/final_challenge/lib/python3.8/site-packages/site.py
[20.776s] Creating /home/racecar/racecar_ws/src/final_challenge2024/final_challenge/install/final_challenge/lib/python3.8/site-packages/final-challenge.egg-link (link to .)
[20.805s] 
[20.806s] Installed /home/racecar/racecar_ws/src/final_challenge2024/final_challenge/build/final_challenge
[20.810s] running install_data
[20.821s] creating /home/racecar/racecar_ws/src/final_challenge2024/final_challenge/install/final_challenge/share/ament_index
[20.824s] creating /home/racecar/racecar_ws/src/final_challenge2024/final_challenge/install/final_challenge/share/ament_index/resource_index
[20.827s] creating /home/racecar/racecar_ws/src/final_challenge2024/final_challenge/install/final_challenge/share/ament_index/resource_index/packages
[20.841s] copying resource/final_challenge -> /home/racecar/racecar_ws/src/final_challenge2024/final_challenge/install/final_challenge/share/ament_index/resource_index/packages
[20.876s] copying package.xml -> /home/racecar/racecar_ws/src/final_challenge2024/final_challenge/install/final_challenge/share/final_challenge
[20.923s] Invoked command in '/home/racecar/racecar_ws/src/final_challenge2024/final_challenge/build/final_challenge' returned '0': PYTHONPATH=/home/racecar/racecar_ws/src/final_challenge2024/final_challenge/build/final_challenge/prefix_override:/home/racecar/racecar_ws/src/final_challenge2024/final_challenge/install/final_challenge/lib/python3.8/site-packages:${PYTHONPATH} /usr/bin/python3 setup.py develop --editable --build-directory /home/racecar/racecar_ws/src/final_challenge2024/final_challenge/build/final_challenge/build --no-deps install_data
