[0.000000] (-) TimerEvent: {}
[0.001101] (final_challenge) JobQueued: {'identifier': 'final_challenge', 'dependencies': OrderedDict()}
[0.001698] (final_challenge) JobStarted: {'identifier': 'final_challenge'}
[0.093952] (-) TimerEvent: {}
[0.194881] (-) TimerEvent: {}
[0.297416] (-) TimerEvent: {}
[0.399305] (-) TimerEvent: {}
[0.500430] (-) TimerEvent: {}
[0.601810] (-) TimerEvent: {}
[0.702947] (-) TimerEvent: {}
[0.804056] (-) TimerEvent: {}
[0.905624] (-) TimerEvent: {}
[1.007066] (-) TimerEvent: {}
[1.112251] (-) TimerEvent: {}
[1.213476] (-) TimerEvent: {}
[1.314819] (-) TimerEvent: {}
[1.416130] (-) TimerEvent: {}
[1.519760] (-) TimerEvent: {}
[1.623516] (-) TimerEvent: {}
[1.724522] (-) TimerEvent: {}
[1.825816] (-) TimerEvent: {}
[1.934177] (-) TimerEvent: {}
[2.035334] (-) TimerEvent: {}
[2.136702] (-) TimerEvent: {}
[2.237840] (-) TimerEvent: {}
[2.339971] (-) TimerEvent: {}
[2.445942] (-) TimerEvent: {}
[2.547297] (-) TimerEvent: {}
[2.648718] (-) TimerEvent: {}
[2.749753] (-) TimerEvent: {}
[2.851063] (-) TimerEvent: {}
[2.952392] (-) TimerEvent: {}
[3.053437] (-) TimerEvent: {}
[3.154762] (-) TimerEvent: {}
[3.257498] (-) TimerEvent: {}
[3.358651] (-) TimerEvent: {}
[3.459513] (-) TimerEvent: {}
[3.560618] (-) TimerEvent: {}
[3.661733] (-) TimerEvent: {}
[3.763456] (-) TimerEvent: {}
[3.864675] (-) TimerEvent: {}
[3.965731] (-) TimerEvent: {}
[4.066986] (-) TimerEvent: {}
[4.168424] (-) TimerEvent: {}
[4.269913] (-) TimerEvent: {}
[4.372589] (-) TimerEvent: {}
[4.473724] (-) TimerEvent: {}
[4.574826] (-) TimerEvent: {}
[4.676036] (-) TimerEvent: {}
[4.777410] (-) TimerEvent: {}
[4.879682] (-) TimerEvent: {}
[4.981718] (-) TimerEvent: {}
[5.083015] (-) TimerEvent: {}
[5.184234] (-) TimerEvent: {}
[5.285331] (-) TimerEvent: {}
[5.386226] (-) TimerEvent: {}
[5.487066] (-) TimerEvent: {}
[5.588279] (-) TimerEvent: {}
[5.689183] (-) TimerEvent: {}
[5.790343] (-) TimerEvent: {}
[5.891139] (-) TimerEvent: {}
[5.992239] (-) TimerEvent: {}
[6.093156] (-) TimerEvent: {}
[6.194346] (-) TimerEvent: {}
[6.295215] (-) TimerEvent: {}
[6.396573] (-) TimerEvent: {}
[6.497896] (-) TimerEvent: {}
[6.599260] (-) TimerEvent: {}
[6.700403] (-) TimerEvent: {}
[6.801340] (-) TimerEvent: {}
[6.902634] (-) TimerEvent: {}
[7.004201] (-) TimerEvent: {}
[7.105398] (-) TimerEvent: {}
[7.206521] (-) TimerEvent: {}
[7.307478] (-) TimerEvent: {}
[7.414513] (-) TimerEvent: {}
[7.515722] (-) TimerEvent: {}
[7.616595] (-) TimerEvent: {}
[7.717648] (-) TimerEvent: {}
[7.818683] (-) TimerEvent: {}
[7.919784] (-) TimerEvent: {}
[8.020818] (-) TimerEvent: {}
[8.122448] (-) TimerEvent: {}
[8.224175] (-) TimerEvent: {}
[8.325396] (-) TimerEvent: {}
[8.426270] (-) TimerEvent: {}
[8.527488] (-) TimerEvent: {}
[8.628828] (-) TimerEvent: {}
[8.729961] (-) TimerEvent: {}
[8.831215] (-) TimerEvent: {}
[8.932166] (-) TimerEvent: {}
[9.033404] (-) TimerEvent: {}
[9.134960] (-) TimerEvent: {}
[9.236287] (-) TimerEvent: {}
[9.337496] (-) TimerEvent: {}
[9.438858] (-) TimerEvent: {}
[9.540143] (-) TimerEvent: {}
[9.641492] (-) TimerEvent: {}
[9.742515] (-) TimerEvent: {}
[9.843394] (-) TimerEvent: {}
[9.944455] (-) TimerEvent: {}
[10.045485] (-) TimerEvent: {}
[10.147137] (-) TimerEvent: {}
[10.248210] (-) TimerEvent: {}
[10.348951] (-) TimerEvent: {}
[10.450544] (-) TimerEvent: {}
[10.551750] (-) TimerEvent: {}
[10.652804] (-) TimerEvent: {}
[10.754428] (-) TimerEvent: {}
[10.855766] (-) TimerEvent: {}
[10.960628] (-) TimerEvent: {}
[11.061780] (-) TimerEvent: {}
[11.162796] (-) TimerEvent: {}
[11.263617] (-) TimerEvent: {}
[11.364407] (-) TimerEvent: {}
[11.465581] (-) TimerEvent: {}
[11.567108] (-) TimerEvent: {}
[11.669187] (-) TimerEvent: {}
[11.770458] (-) TimerEvent: {}
[11.871655] (-) TimerEvent: {}
[11.972529] (-) TimerEvent: {}
[12.073374] (-) TimerEvent: {}
[12.174673] (-) TimerEvent: {}
[12.276228] (-) TimerEvent: {}
[12.377506] (-) TimerEvent: {}
[12.478981] (-) TimerEvent: {}
[12.580664] (-) TimerEvent: {}
[12.681945] (-) TimerEvent: {}
[12.783673] (-) TimerEvent: {}
[12.885268] (-) TimerEvent: {}
[12.986603] (-) TimerEvent: {}
[13.088174] (-) TimerEvent: {}
[13.189183] (-) TimerEvent: {}
[13.290436] (-) TimerEvent: {}
[13.391653] (-) TimerEvent: {}
[13.492536] (-) TimerEvent: {}
[13.593678] (-) TimerEvent: {}
[13.694510] (-) TimerEvent: {}
[13.795289] (-) TimerEvent: {}
[13.896094] (-) TimerEvent: {}
[13.997390] (-) TimerEvent: {}
[14.099151] (-) TimerEvent: {}
[14.200371] (-) TimerEvent: {}
[14.301250] (-) TimerEvent: {}
[14.402217] (-) TimerEvent: {}
[14.503178] (-) TimerEvent: {}
[14.604031] (-) TimerEvent: {}
[14.705163] (-) TimerEvent: {}
[14.805987] (-) TimerEvent: {}
[14.906898] (-) TimerEvent: {}
[15.007592] (-) TimerEvent: {}
[15.108513] (-) TimerEvent: {}
[15.209403] (-) TimerEvent: {}
[15.310516] (-) TimerEvent: {}
[15.411333] (-) TimerEvent: {}
[15.512212] (-) TimerEvent: {}
[15.613067] (-) TimerEvent: {}
[15.714370] (-) TimerEvent: {}
[15.815532] (-) TimerEvent: {}
[15.916785] (-) TimerEvent: {}
[16.017897] (-) TimerEvent: {}
[16.119165] (-) TimerEvent: {}
[16.220351] (-) TimerEvent: {}
[16.321587] (-) TimerEvent: {}
[16.422789] (-) TimerEvent: {}
[16.524315] (-) TimerEvent: {}
[16.625675] (-) TimerEvent: {}
[16.726918] (-) TimerEvent: {}
[16.827873] (-) TimerEvent: {}
[16.929215] (-) TimerEvent: {}
[17.030759] (-) TimerEvent: {}
[17.132065] (-) TimerEvent: {}
[17.234320] (-) TimerEvent: {}
[17.338132] (-) TimerEvent: {}
[17.442669] (-) TimerEvent: {}
[17.543962] (-) TimerEvent: {}
[17.644929] (-) TimerEvent: {}
[17.746472] (-) TimerEvent: {}
[17.847842] (-) TimerEvent: {}
[17.949057] (-) TimerEvent: {}
[18.050418] (-) TimerEvent: {}
[18.154550] (-) TimerEvent: {}
[18.255527] (-) TimerEvent: {}
[18.356415] (-) TimerEvent: {}
[18.457351] (-) TimerEvent: {}
[18.558446] (-) TimerEvent: {}
[18.659249] (-) TimerEvent: {}
[18.760205] (-) TimerEvent: {}
[18.862485] (-) TimerEvent: {}
[18.965276] (-) TimerEvent: {}
[19.066751] (-) TimerEvent: {}
[19.169235] (-) TimerEvent: {}
[19.270395] (-) TimerEvent: {}
[19.372770] (-) TimerEvent: {}
[19.473812] (-) TimerEvent: {}
[19.574695] (-) TimerEvent: {}
[19.676206] (-) TimerEvent: {}
[19.778065] (-) TimerEvent: {}
[19.882430] (-) TimerEvent: {}
[19.983621] (-) TimerEvent: {}
[20.085550] (-) TimerEvent: {}
[20.186920] (-) TimerEvent: {}
[20.288193] (-) TimerEvent: {}
[20.389360] (-) TimerEvent: {}
[20.490236] (-) TimerEvent: {}
[20.592816] (-) TimerEvent: {}
[20.693811] (-) TimerEvent: {}
[20.795290] (-) TimerEvent: {}
[20.896210] (-) TimerEvent: {}
[20.997231] (-) TimerEvent: {}
[21.098251] (-) TimerEvent: {}
[21.199451] (-) TimerEvent: {}
[21.301087] (-) TimerEvent: {}
[21.402454] (-) TimerEvent: {}
[21.503665] (-) TimerEvent: {}
[21.604969] (-) TimerEvent: {}
[21.706432] (-) TimerEvent: {}
[21.807374] (-) TimerEvent: {}
[21.908742] (-) TimerEvent: {}
[22.010045] (-) TimerEvent: {}
[22.111431] (-) TimerEvent: {}
[22.212908] (-) TimerEvent: {}
[22.313981] (-) TimerEvent: {}
[22.415293] (-) TimerEvent: {}
[22.516405] (-) TimerEvent: {}
[22.617472] (-) TimerEvent: {}
[22.718432] (-) TimerEvent: {}
[22.819647] (-) TimerEvent: {}
[22.920904] (-) TimerEvent: {}
[23.022071] (-) TimerEvent: {}
[23.123744] (-) TimerEvent: {}
[23.225210] (-) TimerEvent: {}
[23.326630] (-) TimerEvent: {}
[23.428221] (-) TimerEvent: {}
[23.530733] (-) TimerEvent: {}
[23.631713] (-) TimerEvent: {}
[23.733019] (-) TimerEvent: {}
[23.834108] (-) TimerEvent: {}
[23.935251] (-) TimerEvent: {}
[24.036468] (-) TimerEvent: {}
[24.137556] (-) TimerEvent: {}
[24.238393] (-) TimerEvent: {}
[24.339592] (-) TimerEvent: {}
[24.440789] (-) TimerEvent: {}
[24.542004] (-) TimerEvent: {}
[24.643051] (-) TimerEvent: {}
[24.743909] (-) TimerEvent: {}
[24.844907] (-) TimerEvent: {}
[24.946637] (-) TimerEvent: {}
[25.047590] (-) TimerEvent: {}
[25.148897] (-) TimerEvent: {}
[25.250082] (-) TimerEvent: {}
[25.351261] (-) TimerEvent: {}
[25.452894] (-) TimerEvent: {}
[25.554347] (-) TimerEvent: {}
[25.655315] (-) TimerEvent: {}
[25.756586] (-) TimerEvent: {}
[25.857667] (-) TimerEvent: {}
[25.958593] (-) TimerEvent: {}
[26.060015] (-) TimerEvent: {}
[26.161040] (-) TimerEvent: {}
[26.262470] (-) TimerEvent: {}
[26.364040] (-) TimerEvent: {}
[26.465545] (-) TimerEvent: {}
[26.567077] (-) TimerEvent: {}
[26.668110] (-) TimerEvent: {}
[26.769460] (-) TimerEvent: {}
[26.870393] (-) TimerEvent: {}
[26.971338] (-) TimerEvent: {}
[27.072392] (-) TimerEvent: {}
[27.173738] (-) TimerEvent: {}
[27.274939] (-) TimerEvent: {}
[27.376049] (-) TimerEvent: {}
[27.477239] (-) TimerEvent: {}
[27.578680] (-) TimerEvent: {}
[27.680034] (-) TimerEvent: {}
[27.781737] (-) TimerEvent: {}
[27.883409] (-) TimerEvent: {}
[27.985009] (-) TimerEvent: {}
[28.086560] (-) TimerEvent: {}
[28.187463] (-) TimerEvent: {}
[28.288631] (-) TimerEvent: {}
[28.389645] (-) TimerEvent: {}
[28.491122] (-) TimerEvent: {}
[28.592203] (-) TimerEvent: {}
[28.694323] (-) TimerEvent: {}
[28.795547] (-) TimerEvent: {}
[28.896726] (-) TimerEvent: {}
[28.997716] (-) TimerEvent: {}
[29.098882] (-) TimerEvent: {}
[29.199936] (-) TimerEvent: {}
[29.301204] (-) TimerEvent: {}
[29.402616] (-) TimerEvent: {}
[29.504330] (-) TimerEvent: {}
[29.606160] (-) TimerEvent: {}
[29.707544] (-) TimerEvent: {}
[29.808768] (-) TimerEvent: {}
[29.910134] (-) TimerEvent: {}
[30.011501] (-) TimerEvent: {}
[30.112777] (-) TimerEvent: {}
[30.214163] (-) TimerEvent: {}
[30.315819] (-) TimerEvent: {}
[30.416668] (-) TimerEvent: {}
[30.518094] (-) TimerEvent: {}
[30.619586] (-) TimerEvent: {}
[30.721013] (-) TimerEvent: {}
[30.822623] (-) TimerEvent: {}
[30.924153] (-) TimerEvent: {}
[31.025202] (-) TimerEvent: {}
[31.126690] (-) TimerEvent: {}
[31.227612] (-) TimerEvent: {}
[31.329046] (-) TimerEvent: {}
[31.430321] (-) TimerEvent: {}
[31.531535] (-) TimerEvent: {}
[31.632965] (-) TimerEvent: {}
[31.734049] (-) TimerEvent: {}
[31.835307] (-) TimerEvent: {}
[31.936599] (-) TimerEvent: {}
[32.037493] (-) TimerEvent: {}
[32.138887] (-) TimerEvent: {}
[32.239800] (-) TimerEvent: {}
[32.341364] (-) TimerEvent: {}
[32.443114] (-) TimerEvent: {}
[32.544325] (-) TimerEvent: {}
[32.645584] (-) TimerEvent: {}
[32.750009] (-) TimerEvent: {}
[32.851174] (-) TimerEvent: {}
[32.952021] (-) TimerEvent: {}
[33.052923] (-) TimerEvent: {}
[33.154177] (-) TimerEvent: {}
[33.255095] (-) TimerEvent: {}
[33.356058] (-) TimerEvent: {}
[33.457461] (-) TimerEvent: {}
[33.558914] (-) TimerEvent: {}
[33.659940] (-) TimerEvent: {}
[33.760942] (-) TimerEvent: {}
[33.862128] (-) TimerEvent: {}
[33.962952] (-) TimerEvent: {}
[34.063831] (-) TimerEvent: {}
[34.164708] (-) TimerEvent: {}
[34.265687] (-) TimerEvent: {}
[34.366984] (-) TimerEvent: {}
[34.467906] (-) TimerEvent: {}
[34.568986] (-) TimerEvent: {}
[34.669974] (-) TimerEvent: {}
[34.771139] (-) TimerEvent: {}
[34.872649] (-) TimerEvent: {}
[34.974063] (-) TimerEvent: {}
[35.074916] (-) TimerEvent: {}
[35.175655] (-) TimerEvent: {}
[35.276469] (-) TimerEvent: {}
[35.377949] (-) TimerEvent: {}
[35.478971] (-) TimerEvent: {}
[35.580091] (-) TimerEvent: {}
[35.681074] (-) TimerEvent: {}
[35.782144] (-) TimerEvent: {}
[35.883179] (-) TimerEvent: {}
[35.984251] (-) TimerEvent: {}
[36.085471] (-) TimerEvent: {}
[36.186920] (-) TimerEvent: {}
[36.288109] (-) TimerEvent: {}
[36.389146] (-) TimerEvent: {}
[36.489927] (-) TimerEvent: {}
[36.591212] (-) TimerEvent: {}
[36.692655] (-) TimerEvent: {}
[36.793701] (-) TimerEvent: {}
[36.894581] (-) TimerEvent: {}
[36.995641] (-) TimerEvent: {}
[37.096960] (-) TimerEvent: {}
[37.197713] (-) TimerEvent: {}
[37.299106] (-) TimerEvent: {}
[37.400044] (-) TimerEvent: {}
[37.501144] (-) TimerEvent: {}
[37.602218] (-) TimerEvent: {}
[37.703053] (-) TimerEvent: {}
[37.804396] (-) TimerEvent: {}
[37.905661] (-) TimerEvent: {}
[38.006656] (-) TimerEvent: {}
[38.107857] (-) TimerEvent: {}
[38.209024] (-) TimerEvent: {}
[38.310522] (-) TimerEvent: {}
[38.411568] (-) TimerEvent: {}
[38.512705] (-) TimerEvent: {}
[38.613756] (-) TimerEvent: {}
[38.714655] (-) TimerEvent: {}
[38.815695] (-) TimerEvent: {}
[38.916692] (-) TimerEvent: {}
[39.017650] (-) TimerEvent: {}
[39.119210] (-) TimerEvent: {}
[39.220155] (-) TimerEvent: {}
[39.321640] (-) TimerEvent: {}
[39.422583] (-) TimerEvent: {}
[39.523571] (-) TimerEvent: {}
[39.624506] (-) TimerEvent: {}
[39.725453] (-) TimerEvent: {}
[39.826504] (-) TimerEvent: {}
[39.845677] (final_challenge) Command: {'cmd': ['/usr/bin/python3', 'setup.py', 'develop', '--editable', '--build-directory', '/home/racecar/racecar_ws/src/final_challenge2024/build/final_challenge/build', '--no-deps', 'install_data'], 'cwd': '/home/racecar/racecar_ws/src/final_challenge2024/build/final_challenge', 'env': {'PYTHONIOENCODING': 'utf-8', 'HOSTNAME': '04bf17013a04', 'SSH_AGENT_PID': '1102', 'GIT_ASKPASS': '/home/racecar/.vscode-server/bin/8b3775030ed1a69b13e4f4c628c612102e30a681/extensions/git/dist/askpass.sh', 'SHLVL': '1', 'LD_LIBRARY_PATH': '/home/racecar/racecar_ws/install/vs_msgs/lib:/home/racecar/racecar_ws/install/custom_msgs/lib:/opt/ros/foxy/opt/yaml_cpp_vendor/lib:/opt/ros/foxy/opt/rviz_ogre_vendor/lib:/opt/ros/foxy/lib/x86_64-linux-gnu:/opt/ros/foxy/lib', 'BROWSER': '/home/racecar/.vscode-server/bin/8b3775030ed1a69b13e4f4c628c612102e30a681/bin/helpers/browser.sh', 'HOME': '/home/racecar', 'OLDPWD': '/home/racecar/racecar_ws/src/final_challenge2024/final_challenge', 'TERM_PROGRAM_VERSION': '1.85.2', 'VSCODE_IPC_HOOK_CLI': '/tmp/vscode-ipc-e1331d22-28c0-4c71-82b5-8cb010867826.sock', 'ROS_PYTHON_VERSION': '3', 'VSCODE_GIT_ASKPASS_MAIN': '/home/racecar/.vscode-server/bin/8b3775030ed1a69b13e4f4c628c612102e30a681/extensions/git/dist/askpass-main.js', 'VSCODE_GIT_ASKPASS_NODE': '/home/racecar/.vscode-server/bin/8b3775030ed1a69b13e4f4c628c612102e30a681/node', 'COLORTERM': 'truecolor', 'REMOTE_CONTAINERS': 'true', 'COLCON_PREFIX_PATH': '/home/racecar/racecar_ws/src/final_challenge2024/install:/home/racecar/racecar_ws/src/final_challenge2024/final_challenge/install:/home/racecar/racecar_ws/install:/home/sim_ws/install', 'ROS_DISTRO': 'foxy', 'REMOTE_CONTAINERS_IPC': '/tmp/vscode-remote-containers-ipc-81d13247-f535-4431-8394-e7b4095d6e89.sock', '_': '/usr/bin/colcon', 'ROS_VERSION': '2', 'TERM': 'xterm-256color', 'ROS_LOCALHOST_ONLY': '0', 'PATH': '/opt/ros/foxy/bin:/home/racecar/.vscode-server/bin/8b3775030ed1a69b13e4f4c628c612102e30a681/bin/remote-cli:/usr/local/sbin:/usr/local/bin:/usr/sbin:/usr/bin:/sbin:/bin', 'DISPLAY': '172.18.192.1:0.0', 'LANG': 'en_US.UTF-8', 'VSCODE_GIT_IPC_HANDLE': '/tmp/vscode-git-aec1aa4683.sock', 'TERM_PROGRAM': 'vscode', 'SSH_AUTH_SOCK': '/tmp/ssh-xiFwpqjhmxFw/agent.1101', 'AMENT_PREFIX_PATH': '/home/racecar/racecar_ws/src/final_challenge2024/install/final_challenge:/home/racecar/racecar_ws/src/final_challenge2024/final_challenge/install/final_challenge:/home/sim_ws/install/racecar_simulator:/home/racecar/racecar_ws/install/wall_follower:/home/racecar/racecar_ws/install/vs_msgs:/home/racecar/racecar_ws/install/visual_servoing:/home/racecar/racecar_ws/install/safety_controller:/home/racecar/racecar_ws/install/ros_exercises:/home/racecar/racecar_ws/install/localization:/opt/ros/foxy', 'SHELL': '/bin/bash', 'SIM_WS': '/home/sim_ws', 'VSCODE_GIT_ASKPASS_EXTRA_ARGS': '', 'PWD': '/home/racecar/racecar_ws/src/final_challenge2024/build/final_challenge', 'PYTHONPATH': '/home/racecar/racecar_ws/src/final_challenge2024/build/final_challenge/prefix_override:/home/racecar/racecar_ws/src/final_challenge2024/install/final_challenge/lib/python3.8/site-packages:/home/racecar/racecar_ws/src/final_challenge2024/build/final_challenge:/home/racecar/racecar_ws/src/final_challenge2024/install/final_challenge/lib/python3.8/site-packages:/home/racecar/racecar_ws/src/final_challenge2024/final_challenge/build/final_challenge:/home/racecar/racecar_ws/src/final_challenge2024/final_challenge/install/final_challenge/lib/python3.8/site-packages:/home/racecar/racecar_ws/build/wall_follower:/home/racecar/racecar_ws/install/wall_follower/lib/python3.8/site-packages:/home/racecar/racecar_ws/install/vs_msgs/lib/python3.8/site-packages:/home/racecar/racecar_ws/build/visual_servoing:/home/racecar/racecar_ws/install/visual_servoing/lib/python3.8/site-packages:/home/racecar/racecar_ws/build/safety_controller:/home/racecar/racecar_ws/install/safety_controller/lib/python3.8/site-packages:/home/racecar/racecar_ws/build/ros_exercises:/home/racecar/racecar_ws/install/ros_exercises/lib/python3.8/site-packages:/home/racecar/racecar_ws/build/localization:/home/racecar/racecar_ws/install/localization/lib/python3.8/site-packages:/home/racecar/racecar_ws/install/custom_msgs/lib/python3.8/site-packages:/opt/ros/foxy/lib/python3.8/site-packages', 'NO_VNC_VERSION': '1.4.0', 'COLCON': '1', 'CMAKE_PREFIX_PATH': '/home/sim_ws/install/racecar_simulator:/home/racecar/racecar_ws/install/vs_msgs:/home/racecar/racecar_ws/install/custom_msgs'}, 'shell': False}
[39.926723] (-) TimerEvent: {}
[40.027846] (-) TimerEvent: {}
[40.128929] (-) TimerEvent: {}
[40.229812] (-) TimerEvent: {}
[40.330865] (-) TimerEvent: {}
[40.431763] (-) TimerEvent: {}
[40.532763] (-) TimerEvent: {}
[40.633728] (-) TimerEvent: {}
[40.734538] (-) TimerEvent: {}
[40.835475] (-) TimerEvent: {}
[40.936553] (-) TimerEvent: {}
[41.039906] (-) TimerEvent: {}
[41.141167] (-) TimerEvent: {}
[41.242892] (-) TimerEvent: {}
[41.344131] (-) TimerEvent: {}
[41.445422] (-) TimerEvent: {}
[41.546635] (-) TimerEvent: {}
[41.647479] (-) TimerEvent: {}
[41.748512] (-) TimerEvent: {}
[41.849678] (-) TimerEvent: {}
[41.950768] (-) TimerEvent: {}
[42.052248] (-) TimerEvent: {}
[42.153385] (-) TimerEvent: {}
[42.254303] (-) TimerEvent: {}
[42.355689] (-) TimerEvent: {}
[42.457189] (-) TimerEvent: {}
[42.558329] (-) TimerEvent: {}
[42.659633] (-) TimerEvent: {}
[42.760901] (-) TimerEvent: {}
[42.862128] (-) TimerEvent: {}
[42.963150] (-) TimerEvent: {}
[43.064250] (-) TimerEvent: {}
[43.165565] (-) TimerEvent: {}
[43.266592] (-) TimerEvent: {}
[43.367603] (-) TimerEvent: {}
[43.468511] (-) TimerEvent: {}
[43.569789] (-) TimerEvent: {}
[43.670916] (-) TimerEvent: {}
[43.772059] (-) TimerEvent: {}
[43.873127] (-) TimerEvent: {}
[43.974030] (-) TimerEvent: {}
[44.074980] (-) TimerEvent: {}
[44.175952] (-) TimerEvent: {}
[44.277034] (-) TimerEvent: {}
[44.378360] (-) TimerEvent: {}
[44.479268] (-) TimerEvent: {}
[44.580706] (-) TimerEvent: {}
[44.682277] (-) TimerEvent: {}
[44.783475] (-) TimerEvent: {}
[44.884826] (-) TimerEvent: {}
[44.986000] (-) TimerEvent: {}
[45.087624] (-) TimerEvent: {}
[45.188864] (-) TimerEvent: {}
[45.289963] (-) TimerEvent: {}
[45.390874] (-) TimerEvent: {}
[45.491980] (-) TimerEvent: {}
[45.593742] (-) TimerEvent: {}
[45.695056] (-) TimerEvent: {}
[45.796171] (-) TimerEvent: {}
[45.897538] (-) TimerEvent: {}
[45.998334] (-) TimerEvent: {}
[46.099380] (-) TimerEvent: {}
[46.200305] (-) TimerEvent: {}
[46.301846] (-) TimerEvent: {}
[46.403147] (-) TimerEvent: {}
[46.504572] (-) TimerEvent: {}
[46.606066] (-) TimerEvent: {}
[46.707469] (-) TimerEvent: {}
[46.808981] (-) TimerEvent: {}
[46.910548] (-) TimerEvent: {}
[47.012542] (-) TimerEvent: {}
[47.113869] (-) TimerEvent: {}
[47.215234] (-) TimerEvent: {}
[47.316572] (-) TimerEvent: {}
[47.417673] (-) TimerEvent: {}
[47.518641] (-) TimerEvent: {}
[47.619699] (-) TimerEvent: {}
[47.720741] (-) TimerEvent: {}
[47.821685] (-) TimerEvent: {}
[47.922602] (-) TimerEvent: {}
[48.023598] (-) TimerEvent: {}
[48.124490] (-) TimerEvent: {}
[48.225694] (-) TimerEvent: {}
[48.326697] (-) TimerEvent: {}
[48.427826] (-) TimerEvent: {}
[48.529144] (-) TimerEvent: {}
[48.631157] (-) TimerEvent: {}
[48.732423] (-) TimerEvent: {}
[48.833654] (-) TimerEvent: {}
[48.935279] (-) TimerEvent: {}
[49.036261] (-) TimerEvent: {}
[49.137426] (-) TimerEvent: {}
[49.238585] (-) TimerEvent: {}
[49.339630] (-) TimerEvent: {}
[49.440768] (-) TimerEvent: {}
[49.541864] (-) TimerEvent: {}
[49.651584] (-) TimerEvent: {}
[49.752550] (-) TimerEvent: {}
[49.853676] (-) TimerEvent: {}
[49.954585] (-) TimerEvent: {}
[50.055300] (-) TimerEvent: {}
[50.157031] (-) TimerEvent: {}
[50.258284] (-) TimerEvent: {}
[50.359427] (-) TimerEvent: {}
[50.460298] (-) TimerEvent: {}
[50.561523] (-) TimerEvent: {}
[50.662839] (-) TimerEvent: {}
[50.763669] (-) TimerEvent: {}
[50.864828] (-) TimerEvent: {}
[50.965997] (-) TimerEvent: {}
[51.067224] (-) TimerEvent: {}
[51.168089] (-) TimerEvent: {}
[51.269069] (-) TimerEvent: {}
[51.370063] (-) TimerEvent: {}
[51.471475] (-) TimerEvent: {}
[51.572500] (-) TimerEvent: {}
[51.673723] (-) TimerEvent: {}
[51.775206] (-) TimerEvent: {}
[51.876414] (-) TimerEvent: {}
[51.977306] (-) TimerEvent: {}
[52.078526] (-) TimerEvent: {}
[52.179799] (-) TimerEvent: {}
[52.280776] (-) TimerEvent: {}
[52.382159] (-) TimerEvent: {}
[52.483548] (-) TimerEvent: {}
[52.584760] (-) TimerEvent: {}
[52.688081] (-) TimerEvent: {}
[52.789496] (-) TimerEvent: {}
[52.890814] (-) TimerEvent: {}
[52.992249] (-) TimerEvent: {}
[53.093768] (-) TimerEvent: {}
[53.194917] (-) TimerEvent: {}
[53.295899] (-) TimerEvent: {}
[53.397071] (-) TimerEvent: {}
[53.498389] (-) TimerEvent: {}
[53.599647] (-) TimerEvent: {}
[53.700493] (-) TimerEvent: {}
[53.801323] (-) TimerEvent: {}
[53.902210] (-) TimerEvent: {}
[54.002982] (-) TimerEvent: {}
[54.103816] (-) TimerEvent: {}
[54.204706] (-) TimerEvent: {}
[54.256207] (final_challenge) StdoutLine: {'line': b'running develop\n'}
[54.304854] (-) TimerEvent: {}
[54.405925] (-) TimerEvent: {}
[54.506986] (-) TimerEvent: {}
[54.608925] (-) TimerEvent: {}
[54.710122] (-) TimerEvent: {}
[54.811399] (-) TimerEvent: {}
[54.912757] (-) TimerEvent: {}
[55.014060] (-) TimerEvent: {}
[55.115548] (-) TimerEvent: {}
[55.217086] (-) TimerEvent: {}
[55.318952] (-) TimerEvent: {}
[55.420469] (-) TimerEvent: {}
[55.522345] (-) TimerEvent: {}
[55.624073] (-) TimerEvent: {}
[55.724829] (-) TimerEvent: {}
[55.826577] (-) TimerEvent: {}
[55.928155] (-) TimerEvent: {}
[56.029219] (-) TimerEvent: {}
[56.130019] (-) TimerEvent: {}
[56.230980] (-) TimerEvent: {}
[56.331940] (-) TimerEvent: {}
[56.433211] (-) TimerEvent: {}
[56.534359] (-) TimerEvent: {}
[56.635795] (-) TimerEvent: {}
[56.737085] (-) TimerEvent: {}
[56.838091] (-) TimerEvent: {}
[56.939028] (-) TimerEvent: {}
[57.042742] (-) TimerEvent: {}
[57.143835] (-) TimerEvent: {}
[57.244931] (-) TimerEvent: {}
[57.346306] (-) TimerEvent: {}
[57.447932] (-) TimerEvent: {}
[57.549651] (-) TimerEvent: {}
[57.651552] (-) TimerEvent: {}
[57.664984] (final_challenge) StdoutLine: {'line': b'running egg_info\n'}
[57.673919] (final_challenge) StdoutLine: {'line': b'writing final_challenge.egg-info/PKG-INFO\n'}
[57.687101] (final_challenge) StdoutLine: {'line': b'writing dependency_links to final_challenge.egg-info/dependency_links.txt\n'}
[57.699669] (final_challenge) StdoutLine: {'line': b'writing entry points to final_challenge.egg-info/entry_points.txt\n'}
[57.715485] (final_challenge) StdoutLine: {'line': b'writing requirements to final_challenge.egg-info/requires.txt\n'}
[57.723227] (final_challenge) StdoutLine: {'line': b'writing top-level names to final_challenge.egg-info/top_level.txt\n'}
[57.751873] (-) TimerEvent: {}
[57.853071] (-) TimerEvent: {}
[57.954268] (-) TimerEvent: {}
[58.055696] (-) TimerEvent: {}
[58.156900] (-) TimerEvent: {}
[58.258064] (-) TimerEvent: {}
[58.263849] (final_challenge) StdoutLine: {'line': b"reading manifest file 'final_challenge.egg-info/SOURCES.txt'\n"}
[58.358196] (-) TimerEvent: {}
[58.445022] (final_challenge) StdoutLine: {'line': b"writing manifest file 'final_challenge.egg-info/SOURCES.txt'\n"}
[58.458297] (-) TimerEvent: {}
[58.559158] (-) TimerEvent: {}
[58.660555] (-) TimerEvent: {}
[58.762308] (-) TimerEvent: {}
[58.863286] (-) TimerEvent: {}
[58.964390] (-) TimerEvent: {}
[59.065202] (-) TimerEvent: {}
[59.166148] (-) TimerEvent: {}
[59.267485] (-) TimerEvent: {}
[59.368650] (-) TimerEvent: {}
[59.470427] (-) TimerEvent: {}
[59.572226] (-) TimerEvent: {}
[59.673632] (-) TimerEvent: {}
[59.775027] (-) TimerEvent: {}
[59.821522] (final_challenge) StdoutLine: {'line': b'running build_ext\n'}
[59.844043] (final_challenge) StdoutLine: {'line': b'Creating /home/racecar/racecar_ws/src/final_challenge2024/install/final_challenge/lib/python3.8/site-packages/final-challenge.egg-link (link to .)\n'}
[59.875272] (-) TimerEvent: {}
[59.902787] (final_challenge) StdoutLine: {'line': b'\n'}
[59.904760] (final_challenge) StdoutLine: {'line': b'Installed /home/racecar/racecar_ws/src/final_challenge2024/build/final_challenge\n'}
[59.910834] (final_challenge) StdoutLine: {'line': b'running install_data\n'}
[59.975557] (-) TimerEvent: {}
[60.077269] (-) TimerEvent: {}
[60.087757] (final_challenge) StdoutLine: {'line': b'copying config/sim_config.yaml -> /home/racecar/racecar_ws/src/final_challenge2024/install/final_challenge/share/final_challenge/config/sim\n'}
[60.176055] (final_challenge) CommandEnded: {'returncode': 0}
[60.180250] (-) TimerEvent: {}
[60.281290] (-) TimerEvent: {}
[60.384596] (-) TimerEvent: {}
[60.488199] (-) TimerEvent: {}
[60.588968] (-) TimerEvent: {}
[60.690335] (-) TimerEvent: {}
[60.791254] (-) TimerEvent: {}
[60.892407] (-) TimerEvent: {}
[60.993360] (-) TimerEvent: {}
[61.094587] (-) TimerEvent: {}
[61.199881] (-) TimerEvent: {}
[61.301253] (-) TimerEvent: {}
[61.402270] (-) TimerEvent: {}
[61.503090] (-) TimerEvent: {}
[61.603983] (-) TimerEvent: {}
[61.705172] (-) TimerEvent: {}
[61.805983] (-) TimerEvent: {}
[61.907035] (-) TimerEvent: {}
[62.020284] (-) TimerEvent: {}
[62.123215] (-) TimerEvent: {}
[62.224228] (-) TimerEvent: {}
[62.325199] (-) TimerEvent: {}
[62.358374] (final_challenge) JobEnded: {'identifier': 'final_challenge', 'rc': 0}
[62.381005] (-) EventReactorShutdown: {}
