[8.272s] DEBUG:colcon:Command line arguments: ['/usr/bin/colcon', 'build', '--symlink-install']
[8.273s] DEBUG:colcon:Parsed command line arguments: Namespace(ament_cmake_args=None, base_paths=['.'], build_base='build', catkin_cmake_args=None, catkin_skip_building_tests=False, cmake_args=None, cmake_clean_cache=False, cmake_clean_first=False, cmake_force_configure=False, cmake_target=None, cmake_target_skip_unavailable=False, continue_on_error=False, event_handlers=None, executor='parallel', ignore_user_meta=False, install_base='install', log_base=None, log_level=None, main=<bound method BuildVerb.main of <colcon_core.verb.build.BuildVerb object at 0x7f7bce3a0c70>>, merge_install=False, metas=['./colcon.meta'], packages_above=None, packages_above_and_dependencies=None, packages_above_depth=None, packages_end=None, packages_ignore=None, packages_ignore_regex=None, packages_select=None, packages_select_build_failed=False, packages_select_by_dep=None, packages_select_regex=None, packages_select_test_failures=False, packages_skip=None, packages_skip_build_finished=False, packages_skip_by_dep=None, packages_skip_regex=None, packages_skip_test_passed=False, packages_skip_up_to=None, packages_start=None, packages_up_to=None, packages_up_to_regex=None, parallel_workers=8, paths=None, symlink_install=True, test_result_base=None, verb_extension=<colcon_core.verb.build.BuildVerb object at 0x7f7bce3a0c70>, verb_name='build', verb_parser=<colcon_defaults.argument_parser.defaults.DefaultArgumentsDecorator object at 0x7f7bce0307f0>)
[8.909s] Level 1:colcon.colcon_core.package_discovery:discover_packages(colcon_meta) check parameters
[8.910s] Level 1:colcon.colcon_core.package_discovery:discover_packages(recursive) check parameters
[8.911s] Level 1:colcon.colcon_core.package_discovery:discover_packages(ignore) check parameters
[8.912s] Level 1:colcon.colcon_core.package_discovery:discover_packages(path) check parameters
[8.912s] Level 1:colcon.colcon_core.package_discovery:discover_packages(colcon_meta) discover
[8.913s] Level 1:colcon.colcon_core.package_discovery:discover_packages(recursive) discover
[8.913s] INFO:colcon.colcon_core.package_discovery:Crawling recursively for packages in '/home/racecar/racecar_ws/src/final_challenge2024'
[8.915s] Level 1:colcon.colcon_core.package_identification:_identify(.) by extensions ['ignore', 'ignore_ament_install']
[8.915s] Level 1:colcon.colcon_core.package_identification:_identify(.) by extension 'ignore'
[8.916s] Level 1:colcon.colcon_core.package_identification:_identify(.) by extension 'ignore_ament_install'
[8.916s] Level 1:colcon.colcon_core.package_identification:_identify(.) by extensions ['colcon_pkg']
[8.916s] Level 1:colcon.colcon_core.package_identification:_identify(.) by extension 'colcon_pkg'
[8.917s] Level 1:colcon.colcon_core.package_identification:_identify(.) by extensions ['colcon_meta']
[8.917s] Level 1:colcon.colcon_core.package_identification:_identify(.) by extension 'colcon_meta'
[8.917s] Level 1:colcon.colcon_core.package_identification:_identify(.) by extensions ['ros']
[8.918s] Level 1:colcon.colcon_core.package_identification:_identify(.) by extension 'ros'
[8.964s] Level 1:colcon.colcon_core.package_identification:_identify(.) by extensions ['cmake', 'python']
[8.964s] Level 1:colcon.colcon_core.package_identification:_identify(.) by extension 'cmake'
[8.965s] Level 1:colcon.colcon_core.package_identification:_identify(.) by extension 'python'
[8.965s] Level 1:colcon.colcon_core.package_identification:_identify(.) by extensions ['python_setup_py']
[8.966s] Level 1:colcon.colcon_core.package_identification:_identify(.) by extension 'python_setup_py'
[8.969s] Level 1:colcon.colcon_core.package_identification:_identify(build) by extensions ['ignore', 'ignore_ament_install']
[8.969s] Level 1:colcon.colcon_core.package_identification:_identify(build) by extension 'ignore'
[8.971s] Level 1:colcon.colcon_core.package_identification:_identify(build) ignored
[8.973s] Level 1:colcon.colcon_core.package_identification:_identify(city_driving) by extensions ['ignore', 'ignore_ament_install']
[8.974s] Level 1:colcon.colcon_core.package_identification:_identify(city_driving) by extension 'ignore'
[8.975s] Level 1:colcon.colcon_core.package_identification:_identify(city_driving) by extension 'ignore_ament_install'
[8.976s] Level 1:colcon.colcon_core.package_identification:_identify(city_driving) by extensions ['colcon_pkg']
[8.976s] Level 1:colcon.colcon_core.package_identification:_identify(city_driving) by extension 'colcon_pkg'
[8.977s] Level 1:colcon.colcon_core.package_identification:_identify(city_driving) by extensions ['colcon_meta']
[8.978s] Level 1:colcon.colcon_core.package_identification:_identify(city_driving) by extension 'colcon_meta'
[8.979s] Level 1:colcon.colcon_core.package_identification:_identify(city_driving) by extensions ['ros']
[8.979s] Level 1:colcon.colcon_core.package_identification:_identify(city_driving) by extension 'ros'
[8.982s] Level 1:colcon.colcon_core.package_identification:_identify(city_driving) by extensions ['cmake', 'python']
[8.982s] Level 1:colcon.colcon_core.package_identification:_identify(city_driving) by extension 'cmake'
[8.983s] Level 1:colcon.colcon_core.package_identification:_identify(city_driving) by extension 'python'
[8.984s] Level 1:colcon.colcon_core.package_identification:_identify(city_driving) by extensions ['python_setup_py']
[8.984s] Level 1:colcon.colcon_core.package_identification:_identify(city_driving) by extension 'python_setup_py'
[8.990s] Level 1:colcon.colcon_core.package_identification:_identify(city_driving/stop_detector) by extensions ['ignore', 'ignore_ament_install']
[8.991s] Level 1:colcon.colcon_core.package_identification:_identify(city_driving/stop_detector) by extension 'ignore'
[8.994s] Level 1:colcon.colcon_core.package_identification:_identify(city_driving/stop_detector) by extension 'ignore_ament_install'
[8.997s] Level 1:colcon.colcon_core.package_identification:_identify(city_driving/stop_detector) by extensions ['colcon_pkg']
[8.997s] Level 1:colcon.colcon_core.package_identification:_identify(city_driving/stop_detector) by extension 'colcon_pkg'
[8.998s] Level 1:colcon.colcon_core.package_identification:_identify(city_driving/stop_detector) by extensions ['colcon_meta']
[8.998s] Level 1:colcon.colcon_core.package_identification:_identify(city_driving/stop_detector) by extension 'colcon_meta'
[9.000s] Level 1:colcon.colcon_core.package_identification:_identify(city_driving/stop_detector) by extensions ['ros']
[9.000s] Level 1:colcon.colcon_core.package_identification:_identify(city_driving/stop_detector) by extension 'ros'
[9.007s] Level 1:colcon.colcon_core.package_identification:_identify(city_driving/stop_detector) by extensions ['cmake', 'python']
[9.007s] Level 1:colcon.colcon_core.package_identification:_identify(city_driving/stop_detector) by extension 'cmake'
[9.008s] Level 1:colcon.colcon_core.package_identification:_identify(city_driving/stop_detector) by extension 'python'
[9.010s] Level 1:colcon.colcon_core.package_identification:_identify(city_driving/stop_detector) by extensions ['python_setup_py']
[9.010s] Level 1:colcon.colcon_core.package_identification:_identify(city_driving/stop_detector) by extension 'python_setup_py'
[9.014s] Level 1:colcon.colcon_core.package_identification:_identify(config) by extensions ['ignore', 'ignore_ament_install']
[9.014s] Level 1:colcon.colcon_core.package_identification:_identify(config) by extension 'ignore'
[9.015s] Level 1:colcon.colcon_core.package_identification:_identify(config) by extension 'ignore_ament_install'
[9.017s] Level 1:colcon.colcon_core.package_identification:_identify(config) by extensions ['colcon_pkg']
[9.017s] Level 1:colcon.colcon_core.package_identification:_identify(config) by extension 'colcon_pkg'
[9.018s] Level 1:colcon.colcon_core.package_identification:_identify(config) by extensions ['colcon_meta']
[9.018s] Level 1:colcon.colcon_core.package_identification:_identify(config) by extension 'colcon_meta'
[9.019s] Level 1:colcon.colcon_core.package_identification:_identify(config) by extensions ['ros']
[9.019s] Level 1:colcon.colcon_core.package_identification:_identify(config) by extension 'ros'
[9.023s] Level 1:colcon.colcon_core.package_identification:_identify(config) by extensions ['cmake', 'python']
[9.023s] Level 1:colcon.colcon_core.package_identification:_identify(config) by extension 'cmake'
[9.025s] Level 1:colcon.colcon_core.package_identification:_identify(config) by extension 'python'
[9.028s] Level 1:colcon.colcon_core.package_identification:_identify(config) by extensions ['python_setup_py']
[9.028s] Level 1:colcon.colcon_core.package_identification:_identify(config) by extension 'python_setup_py'
[9.032s] Level 1:colcon.colcon_core.package_identification:_identify(install) by extensions ['ignore', 'ignore_ament_install']
[9.032s] Level 1:colcon.colcon_core.package_identification:_identify(install) by extension 'ignore'
[9.034s] Level 1:colcon.colcon_core.package_identification:_identify(install) ignored
[9.036s] Level 1:colcon.colcon_core.package_identification:_identify(launch) by extensions ['ignore', 'ignore_ament_install']
[9.037s] Level 1:colcon.colcon_core.package_identification:_identify(launch) by extension 'ignore'
[9.038s] Level 1:colcon.colcon_core.package_identification:_identify(launch) by extension 'ignore_ament_install'
[9.039s] Level 1:colcon.colcon_core.package_identification:_identify(launch) by extensions ['colcon_pkg']
[9.040s] Level 1:colcon.colcon_core.package_identification:_identify(launch) by extension 'colcon_pkg'
[9.041s] Level 1:colcon.colcon_core.package_identification:_identify(launch) by extensions ['colcon_meta']
[9.041s] Level 1:colcon.colcon_core.package_identification:_identify(launch) by extension 'colcon_meta'
[9.042s] Level 1:colcon.colcon_core.package_identification:_identify(launch) by extensions ['ros']
[9.043s] Level 1:colcon.colcon_core.package_identification:_identify(launch) by extension 'ros'
[9.046s] Level 1:colcon.colcon_core.package_identification:_identify(launch) by extensions ['cmake', 'python']
[9.046s] Level 1:colcon.colcon_core.package_identification:_identify(launch) by extension 'cmake'
[9.047s] Level 1:colcon.colcon_core.package_identification:_identify(launch) by extension 'python'
[9.048s] Level 1:colcon.colcon_core.package_identification:_identify(launch) by extensions ['python_setup_py']
[9.048s] Level 1:colcon.colcon_core.package_identification:_identify(launch) by extension 'python_setup_py'
[9.053s] Level 1:colcon.colcon_core.package_identification:_identify(log) by extensions ['ignore', 'ignore_ament_install']
[9.053s] Level 1:colcon.colcon_core.package_identification:_identify(log) by extension 'ignore'
[9.054s] Level 1:colcon.colcon_core.package_identification:_identify(log) ignored
[9.058s] Level 1:colcon.colcon_core.package_identification:_identify(media) by extensions ['ignore', 'ignore_ament_install']
[9.058s] Level 1:colcon.colcon_core.package_identification:_identify(media) by extension 'ignore'
[9.061s] Level 1:colcon.colcon_core.package_identification:_identify(media) by extension 'ignore_ament_install'
[9.063s] Level 1:colcon.colcon_core.package_identification:_identify(media) by extensions ['colcon_pkg']
[9.063s] Level 1:colcon.colcon_core.package_identification:_identify(media) by extension 'colcon_pkg'
[9.065s] Level 1:colcon.colcon_core.package_identification:_identify(media) by extensions ['colcon_meta']
[9.065s] Level 1:colcon.colcon_core.package_identification:_identify(media) by extension 'colcon_meta'
[9.066s] Level 1:colcon.colcon_core.package_identification:_identify(media) by extensions ['ros']
[9.066s] Level 1:colcon.colcon_core.package_identification:_identify(media) by extension 'ros'
[9.069s] Level 1:colcon.colcon_core.package_identification:_identify(media) by extensions ['cmake', 'python']
[9.069s] Level 1:colcon.colcon_core.package_identification:_identify(media) by extension 'cmake'
[9.070s] Level 1:colcon.colcon_core.package_identification:_identify(media) by extension 'python'
[9.071s] Level 1:colcon.colcon_core.package_identification:_identify(media) by extensions ['python_setup_py']
[9.071s] Level 1:colcon.colcon_core.package_identification:_identify(media) by extension 'python_setup_py'
[9.072s] Level 1:colcon.colcon_core.package_discovery:discover_packages(recursive) using defaults
[9.072s] Level 1:colcon.colcon_core.package_discovery:discover_packages(ignore) discover
[9.073s] Level 1:colcon.colcon_core.package_discovery:discover_packages(ignore) using defaults
[9.073s] Level 1:colcon.colcon_core.package_discovery:discover_packages(path) discover
[9.073s] Level 1:colcon.colcon_core.package_discovery:discover_packages(path) using defaults
[9.891s] INFO:colcon.colcon_core.executor:Executing jobs using 'parallel' executor
[10.015s] DEBUG:colcon.colcon_parallel_executor.executor.parallel:run_until_complete
[10.015s] DEBUG:colcon.colcon_parallel_executor.executor.parallel:closing loop
[10.016s] DEBUG:colcon.colcon_parallel_executor.executor.parallel:loop closed
[10.016s] DEBUG:colcon.colcon_parallel_executor.executor.parallel:run_until_complete finished with '0'
[10.017s] DEBUG:colcon.colcon_core.event_reactor:joining thread
[10.250s] INFO:colcon.colcon_core.plugin_system:Skipping extension 'colcon_notification.desktop_notification.notify_send': Could not find 'notify-send'
[10.250s] INFO:colcon.colcon_core.plugin_system:Skipping extension 'colcon_notification.desktop_notification.terminal_notifier': Not used on non-Darwin systems
[10.251s] INFO:colcon.colcon_core.plugin_system:Skipping extension 'colcon_notification.desktop_notification.win32': Not used on non-Windows systems
[10.251s] INFO:colcon.colcon_notification.desktop_notification:Sending desktop notification using 'notify2'
[13.544s] DEBUG:colcon.colcon_notification.desktop_notification.notify2:Failed to initialize notify2: org.freedesktop.DBus.Error.Spawn.ExecFailed: /usr/bin/dbus-launch terminated abnormally with the following error: Autolaunch error: X11 initialization failed.

[13.545s] DEBUG:colcon.colcon_core.event_reactor:joined thread
[13.778s] INFO:colcon.colcon_core.plugin_system:Skipping extension 'colcon_core.shell.bat': Not used on non-Windows systems
[13.778s] INFO:colcon.colcon_core.shell:Creating prefix script '/home/racecar/racecar_ws/src/final_challenge2024/install/local_setup.ps1'
[13.786s] INFO:colcon.colcon_core.shell:Creating prefix util module '/home/racecar/racecar_ws/src/final_challenge2024/install/_local_setup_util_ps1.py'
[13.798s] INFO:colcon.colcon_core.shell:Creating prefix chain script '/home/racecar/racecar_ws/src/final_challenge2024/install/setup.ps1'
[13.959s] INFO:colcon.colcon_core.shell:Creating prefix script '/home/racecar/racecar_ws/src/final_challenge2024/install/local_setup.sh'
[13.966s] INFO:colcon.colcon_core.shell:Creating prefix util module '/home/racecar/racecar_ws/src/final_challenge2024/install/_local_setup_util_sh.py'
[13.974s] INFO:colcon.colcon_core.shell:Creating prefix chain script '/home/racecar/racecar_ws/src/final_challenge2024/install/setup.sh'
[14.141s] INFO:colcon.colcon_core.shell:Creating prefix script '/home/racecar/racecar_ws/src/final_challenge2024/install/local_setup.bash'
[14.148s] INFO:colcon.colcon_core.shell:Creating prefix chain script '/home/racecar/racecar_ws/src/final_challenge2024/install/setup.bash'
[14.303s] INFO:colcon.colcon_core.shell:Creating prefix script '/home/racecar/racecar_ws/src/final_challenge2024/install/local_setup.zsh'
[14.313s] INFO:colcon.colcon_core.shell:Creating prefix chain script '/home/racecar/racecar_ws/src/final_challenge2024/install/setup.zsh'
