[0.000000] (-) TimerEvent: {}
[0.000471] (final_challenge) JobQueued: {'identifier': 'final_challenge', 'dependencies': OrderedDict()}
[0.000809] (final_challenge) JobStarted: {'identifier': 'final_challenge'}
[0.098314] (-) TimerEvent: {}
[0.202493] (-) TimerEvent: {}
[0.304540] (-) TimerEvent: {}
[0.406149] (-) TimerEvent: {}
[0.506759] (-) TimerEvent: {}
[0.609089] (-) TimerEvent: {}
[0.711511] (-) TimerEvent: {}
[0.812246] (-) TimerEvent: {}
[0.913714] (-) TimerEvent: {}
[1.014545] (-) TimerEvent: {}
[1.115296] (-) TimerEvent: {}
[1.216191] (-) TimerEvent: {}
[1.316997] (-) TimerEvent: {}
[1.417884] (-) TimerEvent: {}
[1.519636] (-) TimerEvent: {}
[1.620734] (-) TimerEvent: {}
[1.721364] (-) TimerEvent: {}
[1.821915] (-) TimerEvent: {}
[1.922615] (-) TimerEvent: {}
[2.023282] (-) TimerEvent: {}
[2.124455] (-) TimerEvent: {}
[2.226114] (-) TimerEvent: {}
[2.326692] (-) TimerEvent: {}
[2.427293] (-) TimerEvent: {}
[2.527894] (-) TimerEvent: {}
[2.628488] (-) TimerEvent: {}
[2.729017] (-) TimerEvent: {}
[2.830045] (-) TimerEvent: {}
[2.932045] (-) TimerEvent: {}
[3.033067] (-) TimerEvent: {}
[3.134066] (-) TimerEvent: {}
[3.234752] (-) TimerEvent: {}
[3.335539] (-) TimerEvent: {}
[3.436647] (-) TimerEvent: {}
[3.538398] (-) TimerEvent: {}
[3.639374] (-) TimerEvent: {}
[3.739944] (-) TimerEvent: {}
[3.841051] (-) TimerEvent: {}
[3.941657] (-) TimerEvent: {}
[4.042475] (-) TimerEvent: {}
[4.143169] (-) TimerEvent: {}
[4.244139] (-) TimerEvent: {}
[4.344897] (-) TimerEvent: {}
[4.445781] (-) TimerEvent: {}
[4.546563] (-) TimerEvent: {}
[4.647202] (-) TimerEvent: {}
[4.747942] (-) TimerEvent: {}
[4.849551] (-) TimerEvent: {}
[4.950409] (-) TimerEvent: {}
[5.051002] (-) TimerEvent: {}
[5.151855] (-) TimerEvent: {}
[5.252715] (-) TimerEvent: {}
[5.353322] (-) TimerEvent: {}
[5.454763] (-) TimerEvent: {}
[5.555585] (-) TimerEvent: {}
[5.657543] (-) TimerEvent: {}
[5.762196] (-) TimerEvent: {}
[5.863344] (-) TimerEvent: {}
[5.964153] (-) TimerEvent: {}
[6.065917] (-) TimerEvent: {}
[6.166750] (-) TimerEvent: {}
[6.267452] (-) TimerEvent: {}
[6.368440] (-) TimerEvent: {}
[6.469169] (-) TimerEvent: {}
[6.570037] (-) TimerEvent: {}
[6.670843] (-) TimerEvent: {}
[6.771663] (-) TimerEvent: {}
[6.873470] (-) TimerEvent: {}
[6.974523] (-) TimerEvent: {}
[7.075296] (-) TimerEvent: {}
[7.176037] (-) TimerEvent: {}
[7.276713] (-) TimerEvent: {}
[7.377598] (-) TimerEvent: {}
[7.478641] (-) TimerEvent: {}
[7.579565] (-) TimerEvent: {}
[7.680216] (-) TimerEvent: {}
[7.780929] (-) TimerEvent: {}
[7.881816] (-) TimerEvent: {}
[7.982442] (-) TimerEvent: {}
[8.083940] (-) TimerEvent: {}
[8.184674] (-) TimerEvent: {}
[8.285270] (-) TimerEvent: {}
[8.385909] (-) TimerEvent: {}
[8.486646] (-) TimerEvent: {}
[8.587419] (-) TimerEvent: {}
[8.688089] (-) TimerEvent: {}
[8.788959] (-) TimerEvent: {}
[8.889923] (-) TimerEvent: {}
[8.990859] (-) TimerEvent: {}
[9.091677] (-) TimerEvent: {}
[9.192535] (-) TimerEvent: {}
[9.293676] (-) TimerEvent: {}
[9.395215] (-) TimerEvent: {}
[9.495948] (-) TimerEvent: {}
[9.596845] (-) TimerEvent: {}
[9.697513] (-) TimerEvent: {}
[9.798229] (-) TimerEvent: {}
[9.898862] (-) TimerEvent: {}
[9.999615] (-) TimerEvent: {}
[10.100560] (-) TimerEvent: {}
[10.201396] (-) TimerEvent: {}
[10.302090] (-) TimerEvent: {}
[10.402895] (-) TimerEvent: {}
[10.503870] (-) TimerEvent: {}
[10.604920] (-) TimerEvent: {}
[10.705593] (-) TimerEvent: {}
[10.806147] (-) TimerEvent: {}
[10.906693] (-) TimerEvent: {}
[11.007303] (-) TimerEvent: {}
[11.108239] (-) TimerEvent: {}
[11.209121] (-) TimerEvent: {}
[11.310267] (-) TimerEvent: {}
[11.411093] (-) TimerEvent: {}
[11.511850] (-) TimerEvent: {}
[11.612612] (-) TimerEvent: {}
[11.713449] (-) TimerEvent: {}
[11.814100] (-) TimerEvent: {}
[11.914684] (-) TimerEvent: {}
[12.015262] (-) TimerEvent: {}
[12.115891] (-) TimerEvent: {}
[12.216651] (-) TimerEvent: {}
[12.317319] (-) TimerEvent: {}
[12.418235] (-) TimerEvent: {}
[12.518980] (-) TimerEvent: {}
[12.619982] (-) TimerEvent: {}
[12.721180] (-) TimerEvent: {}
[12.821813] (-) TimerEvent: {}
[12.922578] (-) TimerEvent: {}
[13.023273] (-) TimerEvent: {}
[13.123951] (-) TimerEvent: {}
[13.224577] (-) TimerEvent: {}
[13.325189] (-) TimerEvent: {}
[13.426466] (-) TimerEvent: {}
[13.527455] (-) TimerEvent: {}
[13.586065] (final_challenge) Command: {'cmd': ['/usr/bin/python3', 'setup.py', 'develop', '--editable', '--build-directory', '/home/racecar/racecar_ws/src/final_challenge2024/final_challenge/build/final_challenge/build', '--no-deps', 'install_data'], 'cwd': '/home/racecar/racecar_ws/src/final_challenge2024/final_challenge/build/final_challenge', 'env': {'PYTHONIOENCODING': 'utf-8', 'HOSTNAME': '04bf17013a04', 'SSH_AGENT_PID': '1102', 'GIT_ASKPASS': '/home/racecar/.vscode-server/bin/8b3775030ed1a69b13e4f4c628c612102e30a681/extensions/git/dist/askpass.sh', 'SHLVL': '1', 'LD_LIBRARY_PATH': '/home/racecar/racecar_ws/install/vs_msgs/lib:/home/racecar/racecar_ws/install/custom_msgs/lib:/opt/ros/foxy/opt/yaml_cpp_vendor/lib:/opt/ros/foxy/opt/rviz_ogre_vendor/lib:/opt/ros/foxy/lib/x86_64-linux-gnu:/opt/ros/foxy/lib', 'BROWSER': '/home/racecar/.vscode-server/bin/8b3775030ed1a69b13e4f4c628c612102e30a681/bin/helpers/browser.sh', 'HOME': '/home/racecar', 'OLDPWD': '/home/racecar/racecar_ws/src/final_challenge2024', 'TERM_PROGRAM_VERSION': '1.85.2', 'VSCODE_IPC_HOOK_CLI': '/tmp/vscode-ipc-05cad829-e75e-4495-98ad-4182268ca824.sock', 'ROS_PYTHON_VERSION': '3', 'VSCODE_GIT_ASKPASS_MAIN': '/home/racecar/.vscode-server/bin/8b3775030ed1a69b13e4f4c628c612102e30a681/extensions/git/dist/askpass-main.js', 'VSCODE_GIT_ASKPASS_NODE': '/home/racecar/.vscode-server/bin/8b3775030ed1a69b13e4f4c628c612102e30a681/node', 'COLORTERM': 'truecolor', 'REMOTE_CONTAINERS': 'true', 'COLCON_PREFIX_PATH': '/home/racecar/racecar_ws/src/final_challenge2024/install:/home/racecar/racecar_ws/install:/home/sim_ws/install', 'ROS_DISTRO': 'foxy', 'REMOTE_CONTAINERS_IPC': '/tmp/vscode-remote-containers-ipc-81d13247-f535-4431-8394-e7b4095d6e89.sock', '_': '/usr/bin/colcon', 'ROS_VERSION': '2', 'TERM': 'xterm-256color', 'ROS_LOCALHOST_ONLY': '0', 'PATH': '/opt/ros/foxy/bin:/home/racecar/.vscode-server/bin/8b3775030ed1a69b13e4f4c628c612102e30a681/bin/remote-cli:/usr/local/sbin:/usr/local/bin:/usr/sbin:/usr/bin:/sbin:/bin', 'DISPLAY': '172.18.192.1:0.0', 'LANG': 'en_US.UTF-8', 'VSCODE_GIT_IPC_HANDLE': '/tmp/vscode-git-aec1aa4683.sock', 'TERM_PROGRAM': 'vscode', 'SSH_AUTH_SOCK': '/tmp/ssh-xiFwpqjhmxFw/agent.1101', 'AMENT_PREFIX_PATH': '/home/sim_ws/install/racecar_simulator:/home/racecar/racecar_ws/install/wall_follower:/home/racecar/racecar_ws/install/vs_msgs:/home/racecar/racecar_ws/install/visual_servoing:/home/racecar/racecar_ws/install/safety_controller:/home/racecar/racecar_ws/install/ros_exercises:/home/racecar/racecar_ws/install/localization:/opt/ros/foxy', 'SHELL': '/bin/bash', 'SIM_WS': '/home/sim_ws', 'VSCODE_GIT_ASKPASS_EXTRA_ARGS': '', 'PWD': '/home/racecar/racecar_ws/src/final_challenge2024/final_challenge/build/final_challenge', 'PYTHONPATH': '/home/racecar/racecar_ws/src/final_challenge2024/final_challenge/build/final_challenge/prefix_override:/home/racecar/racecar_ws/src/final_challenge2024/final_challenge/install/final_challenge/lib/python3.8/site-packages:/home/racecar/racecar_ws/build/wall_follower:/home/racecar/racecar_ws/install/wall_follower/lib/python3.8/site-packages:/home/racecar/racecar_ws/install/vs_msgs/lib/python3.8/site-packages:/home/racecar/racecar_ws/build/visual_servoing:/home/racecar/racecar_ws/install/visual_servoing/lib/python3.8/site-packages:/home/racecar/racecar_ws/build/safety_controller:/home/racecar/racecar_ws/install/safety_controller/lib/python3.8/site-packages:/home/racecar/racecar_ws/build/ros_exercises:/home/racecar/racecar_ws/install/ros_exercises/lib/python3.8/site-packages:/home/racecar/racecar_ws/build/localization:/home/racecar/racecar_ws/install/localization/lib/python3.8/site-packages:/home/racecar/racecar_ws/install/custom_msgs/lib/python3.8/site-packages:/opt/ros/foxy/lib/python3.8/site-packages', 'NO_VNC_VERSION': '1.4.0', 'COLCON': '1', 'CMAKE_PREFIX_PATH': '/home/sim_ws/install/racecar_simulator:/home/racecar/racecar_ws/install/vs_msgs:/home/racecar/racecar_ws/install/custom_msgs'}, 'shell': False}
[13.627832] (-) TimerEvent: {}
[13.728857] (-) TimerEvent: {}
[13.829552] (-) TimerEvent: {}
[13.930201] (-) TimerEvent: {}
[14.030882] (-) TimerEvent: {}
[14.131554] (-) TimerEvent: {}
[14.232396] (-) TimerEvent: {}
[14.333074] (-) TimerEvent: {}
[14.433755] (-) TimerEvent: {}
[14.534751] (-) TimerEvent: {}
[14.635739] (-) TimerEvent: {}
[14.737007] (-) TimerEvent: {}
[14.837752] (-) TimerEvent: {}
[14.938378] (-) TimerEvent: {}
[15.038964] (-) TimerEvent: {}
[15.139573] (-) TimerEvent: {}
[15.240198] (-) TimerEvent: {}
[15.340785] (-) TimerEvent: {}
[15.441820] (-) TimerEvent: {}
[15.542721] (-) TimerEvent: {}
[15.643367] (-) TimerEvent: {}
[15.744059] (-) TimerEvent: {}
[15.844796] (-) TimerEvent: {}
[15.945688] (-) TimerEvent: {}
[16.046751] (-) TimerEvent: {}
[16.147741] (-) TimerEvent: {}
[16.248416] (-) TimerEvent: {}
[16.349345] (-) TimerEvent: {}
[16.450084] (-) TimerEvent: {}
[16.550991] (-) TimerEvent: {}
[16.651921] (-) TimerEvent: {}
[16.752621] (-) TimerEvent: {}
[16.853171] (-) TimerEvent: {}
[16.953716] (-) TimerEvent: {}
[17.054572] (-) TimerEvent: {}
[17.155174] (-) TimerEvent: {}
[17.255821] (-) TimerEvent: {}
[17.356589] (-) TimerEvent: {}
[17.457450] (-) TimerEvent: {}
[17.558289] (-) TimerEvent: {}
[17.659211] (-) TimerEvent: {}
[17.759898] (-) TimerEvent: {}
[17.860520] (-) TimerEvent: {}
[17.961206] (-) TimerEvent: {}
[18.070863] (-) TimerEvent: {}
[18.171778] (-) TimerEvent: {}
[18.272589] (-) TimerEvent: {}
[18.373167] (-) TimerEvent: {}
[18.473931] (-) TimerEvent: {}
[18.574740] (-) TimerEvent: {}
[18.675627] (-) TimerEvent: {}
[18.771895] (final_challenge) StdoutLine: {'line': b'running develop\n'}
[18.775832] (-) TimerEvent: {}
[18.876375] (-) TimerEvent: {}
[18.977201] (-) TimerEvent: {}
[19.077765] (-) TimerEvent: {}
[19.178394] (-) TimerEvent: {}
[19.279284] (-) TimerEvent: {}
[19.380048] (-) TimerEvent: {}
[19.480873] (-) TimerEvent: {}
[19.581875] (-) TimerEvent: {}
[19.682908] (-) TimerEvent: {}
[19.784015] (-) TimerEvent: {}
[19.873684] (final_challenge) StdoutLine: {'line': b'running egg_info\n'}
[19.875311] (final_challenge) StdoutLine: {'line': b'creating final_challenge.egg-info\n'}
[19.878288] (final_challenge) StdoutLine: {'line': b'writing final_challenge.egg-info/PKG-INFO\n'}
[19.885089] (-) TimerEvent: {}
[19.889420] (final_challenge) StdoutLine: {'line': b'writing dependency_links to final_challenge.egg-info/dependency_links.txt\n'}
[19.893622] (final_challenge) StdoutLine: {'line': b'writing entry points to final_challenge.egg-info/entry_points.txt\n'}
[19.902182] (final_challenge) StdoutLine: {'line': b'writing requirements to final_challenge.egg-info/requires.txt\n'}
[19.905686] (final_challenge) StdoutLine: {'line': b'writing top-level names to final_challenge.egg-info/top_level.txt\n'}
[19.947881] (final_challenge) StdoutLine: {'line': b"writing manifest file 'final_challenge.egg-info/SOURCES.txt'\n"}
[19.985284] (-) TimerEvent: {}
[20.075192] (final_challenge) StdoutLine: {'line': b"reading manifest file 'final_challenge.egg-info/SOURCES.txt'\n"}
[20.085424] (-) TimerEvent: {}
[20.126637] (final_challenge) StdoutLine: {'line': b"writing manifest file 'final_challenge.egg-info/SOURCES.txt'\n"}
[20.185608] (-) TimerEvent: {}
[20.286306] (-) TimerEvent: {}
[20.387197] (-) TimerEvent: {}
[20.487900] (-) TimerEvent: {}
[20.588743] (-) TimerEvent: {}
[20.688079] (final_challenge) StdoutLine: {'line': b'running build_ext\n'}
[20.689229] (-) TimerEvent: {}
[20.692371] (final_challenge) StdoutLine: {'line': b'Creating /home/racecar/racecar_ws/src/final_challenge2024/final_challenge/install/final_challenge/lib/python3.8/site-packages/site.py\n'}
[20.777380] (final_challenge) StdoutLine: {'line': b'Creating /home/racecar/racecar_ws/src/final_challenge2024/final_challenge/install/final_challenge/lib/python3.8/site-packages/final-challenge.egg-link (link to .)\n'}
[20.789437] (-) TimerEvent: {}
[20.806548] (final_challenge) StdoutLine: {'line': b'\n'}
[20.807619] (final_challenge) StdoutLine: {'line': b'Installed /home/racecar/racecar_ws/src/final_challenge2024/final_challenge/build/final_challenge\n'}
[20.811209] (final_challenge) StdoutLine: {'line': b'running install_data\n'}
[20.822109] (final_challenge) StdoutLine: {'line': b'creating /home/racecar/racecar_ws/src/final_challenge2024/final_challenge/install/final_challenge/share/ament_index\n'}
[20.824804] (final_challenge) StdoutLine: {'line': b'creating /home/racecar/racecar_ws/src/final_challenge2024/final_challenge/install/final_challenge/share/ament_index/resource_index\n'}
[20.827855] (final_challenge) StdoutLine: {'line': b'creating /home/racecar/racecar_ws/src/final_challenge2024/final_challenge/install/final_challenge/share/ament_index/resource_index/packages\n'}
[20.842498] (final_challenge) StdoutLine: {'line': b'copying resource/final_challenge -> /home/racecar/racecar_ws/src/final_challenge2024/final_challenge/install/final_challenge/share/ament_index/resource_index/packages\n'}
[20.877566] (final_challenge) StdoutLine: {'line': b'copying package.xml -> /home/racecar/racecar_ws/src/final_challenge2024/final_challenge/install/final_challenge/share/final_challenge\n'}
[20.889571] (-) TimerEvent: {}
[20.922165] (final_challenge) CommandEnded: {'returncode': 0}
[20.989687] (-) TimerEvent: {}
[21.090476] (-) TimerEvent: {}
[21.191123] (-) TimerEvent: {}
[21.291628] (-) TimerEvent: {}
[21.392381] (-) TimerEvent: {}
[21.492970] (-) TimerEvent: {}
[21.593768] (-) TimerEvent: {}
[21.694377] (-) TimerEvent: {}
[21.794929] (-) TimerEvent: {}
[21.830111] (final_challenge) JobEnded: {'identifier': 'final_challenge', 'rc': 0}
[21.843274] (-) EventReactorShutdown: {}
