[8.540s] DEBUG:colcon:Command line arguments: ['/usr/bin/colcon', 'build', '--symlink-install']
[8.540s] DEBUG:colcon:Parsed command line arguments: Namespace(ament_cmake_args=None, base_paths=['.'], build_base='build', catkin_cmake_args=None, catkin_skip_building_tests=False, cmake_args=None, cmake_clean_cache=False, cmake_clean_first=False, cmake_force_configure=False, cmake_target=None, cmake_target_skip_unavailable=False, continue_on_error=False, event_handlers=None, executor='parallel', ignore_user_meta=False, install_base='install', log_base=None, log_level=None, main=<bound method BuildVerb.main of <colcon_core.verb.build.BuildVerb object at 0x7fa46fe60c70>>, merge_install=False, metas=['./colcon.meta'], packages_above=None, packages_above_and_dependencies=None, packages_above_depth=None, packages_end=None, packages_ignore=None, packages_ignore_regex=None, packages_select=None, packages_select_build_failed=False, packages_select_by_dep=None, packages_select_regex=None, packages_select_test_failures=False, packages_skip=None, packages_skip_build_finished=False, packages_skip_by_dep=None, packages_skip_regex=None, packages_skip_test_passed=False, packages_skip_up_to=None, packages_start=None, packages_up_to=None, packages_up_to_regex=None, parallel_workers=8, paths=None, symlink_install=True, test_result_base=None, verb_extension=<colcon_core.verb.build.BuildVerb object at 0x7fa46fe60c70>, verb_name='build', verb_parser=<colcon_defaults.argument_parser.defaults.DefaultArgumentsDecorator object at 0x7fa46faf0910>)
[9.058s] Level 1:colcon.colcon_core.package_discovery:discover_packages(colcon_meta) check parameters
[9.060s] Level 1:colcon.colcon_core.package_discovery:discover_packages(recursive) check parameters
[9.060s] Level 1:colcon.colcon_core.package_discovery:discover_packages(ignore) check parameters
[9.061s] Level 1:colcon.colcon_core.package_discovery:discover_packages(path) check parameters
[9.061s] Level 1:colcon.colcon_core.package_discovery:discover_packages(colcon_meta) discover
[9.062s] Level 1:colcon.colcon_core.package_discovery:discover_packages(recursive) discover
[9.062s] INFO:colcon.colcon_core.package_discovery:Crawling recursively for packages in '/home/racecar/racecar_ws/src/final_challenge2024/final_challenge'
[9.064s] Level 1:colcon.colcon_core.package_identification:_identify(.) by extensions ['ignore', 'ignore_ament_install']
[9.064s] Level 1:colcon.colcon_core.package_identification:_identify(.) by extension 'ignore'
[9.065s] Level 1:colcon.colcon_core.package_identification:_identify(.) by extension 'ignore_ament_install'
[9.066s] Level 1:colcon.colcon_core.package_identification:_identify(.) by extensions ['colcon_pkg']
[9.066s] Level 1:colcon.colcon_core.package_identification:_identify(.) by extension 'colcon_pkg'
[9.067s] Level 1:colcon.colcon_core.package_identification:_identify(.) by extensions ['colcon_meta']
[9.067s] Level 1:colcon.colcon_core.package_identification:_identify(.) by extension 'colcon_meta'
[9.068s] Level 1:colcon.colcon_core.package_identification:_identify(.) by extensions ['ros']
[9.068s] Level 1:colcon.colcon_core.package_identification:_identify(.) by extension 'ros'
[9.111s] DEBUG:colcon.colcon_core.package_identification:Package '.' with type 'ros.ament_python' and name 'final_challenge'
[9.112s] Level 1:colcon.colcon_core.package_discovery:discover_packages(recursive) using defaults
[9.112s] Level 1:colcon.colcon_core.package_discovery:discover_packages(ignore) discover
[9.113s] Level 1:colcon.colcon_core.package_discovery:discover_packages(ignore) using defaults
[9.113s] Level 1:colcon.colcon_core.package_discovery:discover_packages(path) discover
[9.113s] Level 1:colcon.colcon_core.package_discovery:discover_packages(path) using defaults
[9.856s] Level 5:colcon.colcon_core.verb:set package 'final_challenge' build argument 'cmake_args' from command line to 'None'
[9.857s] Level 5:colcon.colcon_core.verb:set package 'final_challenge' build argument 'cmake_target' from command line to 'None'
[9.858s] Level 5:colcon.colcon_core.verb:set package 'final_challenge' build argument 'cmake_target_skip_unavailable' from command line to 'False'
[9.859s] Level 5:colcon.colcon_core.verb:set package 'final_challenge' build argument 'cmake_clean_cache' from command line to 'False'
[9.860s] Level 5:colcon.colcon_core.verb:set package 'final_challenge' build argument 'cmake_clean_first' from command line to 'False'
[9.860s] Level 5:colcon.colcon_core.verb:set package 'final_challenge' build argument 'cmake_force_configure' from command line to 'False'
[9.861s] Level 5:colcon.colcon_core.verb:set package 'final_challenge' build argument 'ament_cmake_args' from command line to 'None'
[9.861s] Level 5:colcon.colcon_core.verb:set package 'final_challenge' build argument 'catkin_cmake_args' from command line to 'None'
[9.862s] Level 5:colcon.colcon_core.verb:set package 'final_challenge' build argument 'catkin_skip_building_tests' from command line to 'False'
[9.862s] DEBUG:colcon.colcon_core.verb:Building package 'final_challenge' with the following arguments: {'ament_cmake_args': None, 'build_base': '/home/racecar/racecar_ws/src/final_challenge2024/final_challenge/build/final_challenge', 'catkin_cmake_args': None, 'catkin_skip_building_tests': False, 'cmake_args': None, 'cmake_clean_cache': False, 'cmake_clean_first': False, 'cmake_force_configure': False, 'cmake_target': None, 'cmake_target_skip_unavailable': False, 'install_base': '/home/racecar/racecar_ws/src/final_challenge2024/final_challenge/install/final_challenge', 'merge_install': False, 'path': '/home/racecar/racecar_ws/src/final_challenge2024/final_challenge', 'symlink_install': True, 'test_result_base': None}
[9.972s] INFO:colcon.colcon_core.executor:Executing jobs using 'parallel' executor
[10.082s] DEBUG:colcon.colcon_parallel_executor.executor.parallel:run_until_complete
[10.082s] INFO:colcon.colcon_ros.task.ament_python.build:Building ROS package in '/home/racecar/racecar_ws/src/final_challenge2024/final_challenge' with build type 'ament_python'
[10.083s] Level 1:colcon.colcon_core.shell:create_environment_hook('final_challenge', 'ament_prefix_path')
[10.262s] INFO:colcon.colcon_core.plugin_system:Skipping extension 'colcon_core.shell.bat': Not used on non-Windows systems
[10.262s] INFO:colcon.colcon_core.shell:Creating environment hook '/home/racecar/racecar_ws/src/final_challenge2024/final_challenge/install/final_challenge/share/final_challenge/hook/ament_prefix_path.ps1'
[10.281s] INFO:colcon.colcon_core.shell:Creating environment descriptor '/home/racecar/racecar_ws/src/final_challenge2024/final_challenge/install/final_challenge/share/final_challenge/hook/ament_prefix_path.dsv'
[10.302s] INFO:colcon.colcon_core.shell:Creating environment hook '/home/racecar/racecar_ws/src/final_challenge2024/final_challenge/install/final_challenge/share/final_challenge/hook/ament_prefix_path.sh'
[10.429s] INFO:colcon.colcon_core.shell:Skip shell extension 'powershell' for command environment: Not usable outside of PowerShell
[10.429s] DEBUG:colcon.colcon_core.shell:Skip shell extension 'dsv' for command environment
[15.642s] INFO:colcon.colcon_core.task.python.build:Building Python package in '/home/racecar/racecar_ws/src/final_challenge2024/final_challenge'
[15.749s] INFO:colcon.colcon_core.shell:Skip shell extension 'powershell' for command environment: Not usable outside of PowerShell
[15.750s] DEBUG:colcon.colcon_core.shell:Skip shell extension 'dsv' for command environment
[23.683s] DEBUG:colcon.colcon_core.event_handler.log_command:Invoking command in '/home/racecar/racecar_ws/src/final_challenge2024/final_challenge/build/final_challenge': PYTHONPATH=/home/racecar/racecar_ws/src/final_challenge2024/final_challenge/build/final_challenge/prefix_override:/home/racecar/racecar_ws/src/final_challenge2024/final_challenge/install/final_challenge/lib/python3.8/site-packages:${PYTHONPATH} /usr/bin/python3 setup.py develop --editable --build-directory /home/racecar/racecar_ws/src/final_challenge2024/final_challenge/build/final_challenge/build --no-deps install_data
[31.006s] Level 1:colcon.colcon_core.shell:create_environment_hook('final_challenge', 'pythonpath_develop')
[31.010s] DEBUG:colcon.colcon_core.event_handler.log_command:Invoked command in '/home/racecar/racecar_ws/src/final_challenge2024/final_challenge/build/final_challenge' returned '0': PYTHONPATH=/home/racecar/racecar_ws/src/final_challenge2024/final_challenge/build/final_challenge/prefix_override:/home/racecar/racecar_ws/src/final_challenge2024/final_challenge/install/final_challenge/lib/python3.8/site-packages:${PYTHONPATH} /usr/bin/python3 setup.py develop --editable --build-directory /home/racecar/racecar_ws/src/final_challenge2024/final_challenge/build/final_challenge/build --no-deps install_data
[31.120s] INFO:colcon.colcon_core.shell:Creating environment hook '/home/racecar/racecar_ws/src/final_challenge2024/final_challenge/build/final_challenge/share/final_challenge/hook/pythonpath_develop.ps1'
[31.144s] INFO:colcon.colcon_core.shell:Creating environment descriptor '/home/racecar/racecar_ws/src/final_challenge2024/final_challenge/build/final_challenge/share/final_challenge/hook/pythonpath_develop.dsv'
[31.164s] INFO:colcon.colcon_core.shell:Creating environment hook '/home/racecar/racecar_ws/src/final_challenge2024/final_challenge/build/final_challenge/share/final_challenge/hook/pythonpath_develop.sh'
[31.382s] Level 1:colcon.colcon_core.environment:checking '/home/racecar/racecar_ws/src/final_challenge2024/final_challenge/install/final_challenge' for CMake module files
[31.428s] Level 1:colcon.colcon_core.environment:checking '/home/racecar/racecar_ws/src/final_challenge2024/final_challenge/install/final_challenge' for CMake config files
[31.495s] Level 1:colcon.colcon_core.environment:checking '/home/racecar/racecar_ws/src/final_challenge2024/final_challenge/install/final_challenge/lib'
[31.501s] Level 1:colcon.colcon_core.environment:checking '/home/racecar/racecar_ws/src/final_challenge2024/final_challenge/install/final_challenge/bin'
[31.503s] Level 1:colcon.colcon_core.environment:checking '/home/racecar/racecar_ws/src/final_challenge2024/final_challenge/install/final_challenge/lib/pkgconfig/final_challenge.pc'
[31.509s] Level 1:colcon.colcon_core.environment:checking '/home/racecar/racecar_ws/src/final_challenge2024/final_challenge/install/final_challenge/lib/python3.8/site-packages'
[31.513s] Level 1:colcon.colcon_core.shell:create_environment_hook('final_challenge', 'pythonpath')
[31.631s] INFO:colcon.colcon_core.shell:Creating environment hook '/home/racecar/racecar_ws/src/final_challenge2024/final_challenge/install/final_challenge/share/final_challenge/hook/pythonpath.ps1'
[31.653s] INFO:colcon.colcon_core.shell:Creating environment descriptor '/home/racecar/racecar_ws/src/final_challenge2024/final_challenge/install/final_challenge/share/final_challenge/hook/pythonpath.dsv'
[31.673s] INFO:colcon.colcon_core.shell:Creating environment hook '/home/racecar/racecar_ws/src/final_challenge2024/final_challenge/install/final_challenge/share/final_challenge/hook/pythonpath.sh'
[31.689s] Level 1:colcon.colcon_core.environment:checking '/home/racecar/racecar_ws/src/final_challenge2024/final_challenge/install/final_challenge/bin'
[31.691s] Level 1:colcon.colcon_core.environment:create_environment_scripts_only(final_challenge)
[31.816s] INFO:colcon.colcon_core.shell:Creating package script '/home/racecar/racecar_ws/src/final_challenge2024/final_challenge/install/final_challenge/share/final_challenge/package.ps1'
[31.835s] INFO:colcon.colcon_core.shell:Creating package descriptor '/home/racecar/racecar_ws/src/final_challenge2024/final_challenge/install/final_challenge/share/final_challenge/package.dsv'
[31.850s] INFO:colcon.colcon_core.shell:Creating package script '/home/racecar/racecar_ws/src/final_challenge2024/final_challenge/install/final_challenge/share/final_challenge/package.sh'
[31.867s] INFO:colcon.colcon_core.shell:Creating package script '/home/racecar/racecar_ws/src/final_challenge2024/final_challenge/install/final_challenge/share/final_challenge/package.bash'
[31.882s] INFO:colcon.colcon_core.shell:Creating package script '/home/racecar/racecar_ws/src/final_challenge2024/final_challenge/install/final_challenge/share/final_challenge/package.zsh'
[31.897s] Level 1:colcon.colcon_core.environment:create_file_with_runtime_dependencies(/home/racecar/racecar_ws/src/final_challenge2024/final_challenge/install/final_challenge/share/colcon-core/packages/final_challenge)
[31.914s] DEBUG:colcon.colcon_parallel_executor.executor.parallel:closing loop
[31.914s] DEBUG:colcon.colcon_parallel_executor.executor.parallel:loop closed
[31.915s] DEBUG:colcon.colcon_parallel_executor.executor.parallel:run_until_complete finished with '0'
[31.915s] DEBUG:colcon.colcon_core.event_reactor:joining thread
[32.171s] INFO:colcon.colcon_core.plugin_system:Skipping extension 'colcon_notification.desktop_notification.notify_send': Could not find 'notify-send'
[32.172s] INFO:colcon.colcon_core.plugin_system:Skipping extension 'colcon_notification.desktop_notification.terminal_notifier': Not used on non-Darwin systems
[32.172s] INFO:colcon.colcon_core.plugin_system:Skipping extension 'colcon_notification.desktop_notification.win32': Not used on non-Windows systems
[32.172s] INFO:colcon.colcon_notification.desktop_notification:Sending desktop notification using 'notify2'
[35.456s] DEBUG:colcon.colcon_notification.desktop_notification.notify2:Failed to initialize notify2: org.freedesktop.DBus.Error.Spawn.ExecFailed: /usr/bin/dbus-launch terminated abnormally with the following error: Autolaunch error: X11 initialization failed.

[35.457s] DEBUG:colcon.colcon_core.event_reactor:joined thread
[35.563s] INFO:colcon.colcon_core.shell:Creating prefix script '/home/racecar/racecar_ws/src/final_challenge2024/final_challenge/install/local_setup.ps1'
[35.577s] INFO:colcon.colcon_core.shell:Creating prefix util module '/home/racecar/racecar_ws/src/final_challenge2024/final_challenge/install/_local_setup_util_ps1.py'
[35.585s] INFO:colcon.colcon_core.shell:Creating prefix chain script '/home/racecar/racecar_ws/src/final_challenge2024/final_challenge/install/setup.ps1'
[35.753s] INFO:colcon.colcon_core.shell:Creating prefix script '/home/racecar/racecar_ws/src/final_challenge2024/final_challenge/install/local_setup.sh'
[35.758s] INFO:colcon.colcon_core.shell:Creating prefix util module '/home/racecar/racecar_ws/src/final_challenge2024/final_challenge/install/_local_setup_util_sh.py'
[35.764s] INFO:colcon.colcon_core.shell:Creating prefix chain script '/home/racecar/racecar_ws/src/final_challenge2024/final_challenge/install/setup.sh'
[35.919s] INFO:colcon.colcon_core.shell:Creating prefix script '/home/racecar/racecar_ws/src/final_challenge2024/final_challenge/install/local_setup.bash'
[35.925s] INFO:colcon.colcon_core.shell:Creating prefix chain script '/home/racecar/racecar_ws/src/final_challenge2024/final_challenge/install/setup.bash'
[36.087s] INFO:colcon.colcon_core.shell:Creating prefix script '/home/racecar/racecar_ws/src/final_challenge2024/final_challenge/install/local_setup.zsh'
[36.094s] INFO:colcon.colcon_core.shell:Creating prefix chain script '/home/racecar/racecar_ws/src/final_challenge2024/final_challenge/install/setup.zsh'
