[0.000000] (-) TimerEvent: {}
[0.000513] (final_challenge) JobQueued: {'identifier': 'final_challenge', 'dependencies': OrderedDict()}
[0.003549] (final_challenge) JobStarted: {'identifier': 'final_challenge'}
[0.099069] (-) TimerEvent: {}
[0.199716] (-) TimerEvent: {}
[0.300583] (-) TimerEvent: {}
[0.401171] (-) TimerEvent: {}
[0.502003] (-) TimerEvent: {}
[0.603426] (-) TimerEvent: {}
[0.704157] (-) TimerEvent: {}
[0.805632] (-) TimerEvent: {}
[0.906338] (-) TimerEvent: {}
[1.007325] (-) TimerEvent: {}
[1.108686] (-) TimerEvent: {}
[1.209764] (-) TimerEvent: {}
[1.310642] (-) TimerEvent: {}
[1.411772] (-) TimerEvent: {}
[1.513932] (-) TimerEvent: {}
[1.614662] (-) TimerEvent: {}
[1.715489] (-) TimerEvent: {}
[1.816470] (-) TimerEvent: {}
[1.917103] (-) TimerEvent: {}
[2.017825] (-) TimerEvent: {}
[2.118722] (-) TimerEvent: {}
[2.219430] (-) TimerEvent: {}
[2.320077] (-) TimerEvent: {}
[2.421013] (-) TimerEvent: {}
[2.521694] (-) TimerEvent: {}
[2.622420] (-) TimerEvent: {}
[2.722999] (-) TimerEvent: {}
[2.824428] (-) TimerEvent: {}
[2.925046] (-) TimerEvent: {}
[3.025650] (-) TimerEvent: {}
[3.126486] (-) TimerEvent: {}
[3.227327] (-) TimerEvent: {}
[3.328053] (-) TimerEvent: {}
[3.428819] (-) TimerEvent: {}
[3.529595] (-) TimerEvent: {}
[3.630301] (-) TimerEvent: {}
[3.731069] (-) TimerEvent: {}
[3.831837] (-) TimerEvent: {}
[3.932597] (-) TimerEvent: {}
[4.033362] (-) TimerEvent: {}
[4.134092] (-) TimerEvent: {}
[4.234823] (-) TimerEvent: {}
[4.335376] (-) TimerEvent: {}
[4.435975] (-) TimerEvent: {}
[4.536549] (-) TimerEvent: {}
[4.637187] (-) TimerEvent: {}
[4.737807] (-) TimerEvent: {}
[4.838671] (-) TimerEvent: {}
[4.939297] (-) TimerEvent: {}
[5.040133] (-) TimerEvent: {}
[5.140706] (-) TimerEvent: {}
[5.241311] (-) TimerEvent: {}
[5.341985] (-) TimerEvent: {}
[5.442612] (-) TimerEvent: {}
[5.543322] (-) TimerEvent: {}
[5.644123] (-) TimerEvent: {}
[5.744847] (-) TimerEvent: {}
[5.845855] (-) TimerEvent: {}
[5.946769] (-) TimerEvent: {}
[6.047565] (-) TimerEvent: {}
[6.148131] (-) TimerEvent: {}
[6.249040] (-) TimerEvent: {}
[6.349682] (-) TimerEvent: {}
[6.450353] (-) TimerEvent: {}
[6.551001] (-) TimerEvent: {}
[6.651642] (-) TimerEvent: {}
[6.752338] (-) TimerEvent: {}
[6.853440] (-) TimerEvent: {}
[6.954356] (-) TimerEvent: {}
[7.055740] (-) TimerEvent: {}
[7.157072] (-) TimerEvent: {}
[7.257911] (-) TimerEvent: {}
[7.358528] (-) TimerEvent: {}
[7.459263] (-) TimerEvent: {}
[7.560803] (-) TimerEvent: {}
[7.661450] (-) TimerEvent: {}
[7.761944] (-) TimerEvent: {}
[7.862466] (-) TimerEvent: {}
[7.962998] (-) TimerEvent: {}
[8.064199] (-) TimerEvent: {}
[8.165274] (-) TimerEvent: {}
[8.266375] (-) TimerEvent: {}
[8.367227] (-) TimerEvent: {}
[8.467869] (-) TimerEvent: {}
[8.568518] (-) TimerEvent: {}
[8.669153] (-) TimerEvent: {}
[8.769918] (-) TimerEvent: {}
[8.870795] (-) TimerEvent: {}
[8.971421] (-) TimerEvent: {}
[9.071932] (-) TimerEvent: {}
[9.172526] (-) TimerEvent: {}
[9.273303] (-) TimerEvent: {}
[9.374158] (-) TimerEvent: {}
[9.474852] (-) TimerEvent: {}
[9.575475] (-) TimerEvent: {}
[9.676157] (-) TimerEvent: {}
[9.776779] (-) TimerEvent: {}
[9.877563] (-) TimerEvent: {}
[9.978348] (-) TimerEvent: {}
[10.078992] (-) TimerEvent: {}
[10.179706] (-) TimerEvent: {}
[10.280774] (-) TimerEvent: {}
[10.381436] (-) TimerEvent: {}
[10.482117] (-) TimerEvent: {}
[10.582747] (-) TimerEvent: {}
[10.683484] (-) TimerEvent: {}
[10.784218] (-) TimerEvent: {}
[10.885229] (-) TimerEvent: {}
[10.985828] (-) TimerEvent: {}
[11.086486] (-) TimerEvent: {}
[11.187131] (-) TimerEvent: {}
[11.287831] (-) TimerEvent: {}
[11.388618] (-) TimerEvent: {}
[11.489338] (-) TimerEvent: {}
[11.589966] (-) TimerEvent: {}
[11.690630] (-) TimerEvent: {}
[11.791341] (-) TimerEvent: {}
[11.892242] (-) TimerEvent: {}
[11.992865] (-) TimerEvent: {}
[12.093498] (-) TimerEvent: {}
[12.194307] (-) TimerEvent: {}
[12.294997] (-) TimerEvent: {}
[12.395613] (-) TimerEvent: {}
[12.496309] (-) TimerEvent: {}
[12.596987] (-) TimerEvent: {}
[12.697841] (-) TimerEvent: {}
[12.798636] (-) TimerEvent: {}
[12.899666] (-) TimerEvent: {}
[13.000407] (-) TimerEvent: {}
[13.100992] (-) TimerEvent: {}
[13.201648] (-) TimerEvent: {}
[13.302326] (-) TimerEvent: {}
[13.402932] (-) TimerEvent: {}
[13.503555] (-) TimerEvent: {}
[13.604169] (-) TimerEvent: {}
[13.705138] (-) TimerEvent: {}
[13.805806] (-) TimerEvent: {}
[13.906555] (-) TimerEvent: {}
[14.007485] (-) TimerEvent: {}
[14.108382] (-) TimerEvent: {}
[14.209051] (-) TimerEvent: {}
[14.310049] (-) TimerEvent: {}
[14.410685] (-) TimerEvent: {}
[14.511328] (-) TimerEvent: {}
[14.611874] (-) TimerEvent: {}
[14.712503] (-) TimerEvent: {}
[14.813439] (-) TimerEvent: {}
[14.915233] (-) TimerEvent: {}
[15.015862] (-) TimerEvent: {}
[15.116539] (-) TimerEvent: {}
[15.217220] (-) TimerEvent: {}
[15.318152] (-) TimerEvent: {}
[15.419161] (-) TimerEvent: {}
[15.519943] (-) TimerEvent: {}
[15.620601] (-) TimerEvent: {}
[15.721511] (-) TimerEvent: {}
[15.822316] (-) TimerEvent: {}
[15.923037] (-) TimerEvent: {}
[15.959379] (final_challenge) Command: {'cmd': ['/usr/bin/python3', 'setup.py', 'develop', '--editable', '--build-directory', '/home/racecar/racecar_ws/src/final_challenge2024/build/final_challenge/build', '--no-deps', 'install_data'], 'cwd': '/home/racecar/racecar_ws/src/final_challenge2024/build/final_challenge', 'env': {'PYTHONIOENCODING': 'utf-8', 'HOSTNAME': '04bf17013a04', 'SSH_AGENT_PID': '1102', 'GIT_ASKPASS': '/home/racecar/.vscode-server/bin/8b3775030ed1a69b13e4f4c628c612102e30a681/extensions/git/dist/askpass.sh', 'SHLVL': '1', 'LD_LIBRARY_PATH': '/home/racecar/racecar_ws/install/vs_msgs/lib:/home/racecar/racecar_ws/install/custom_msgs/lib:/opt/ros/foxy/opt/yaml_cpp_vendor/lib:/opt/ros/foxy/opt/rviz_ogre_vendor/lib:/opt/ros/foxy/lib/x86_64-linux-gnu:/opt/ros/foxy/lib', 'BROWSER': '/home/racecar/.vscode-server/bin/8b3775030ed1a69b13e4f4c628c612102e30a681/bin/helpers/browser.sh', 'HOME': '/home/racecar', 'OLDPWD': '/home/racecar/racecar_ws/src/final_challenge2024/final_challenge', 'TERM_PROGRAM_VERSION': '1.85.2', 'VSCODE_IPC_HOOK_CLI': '/tmp/vscode-ipc-e1331d22-28c0-4c71-82b5-8cb010867826.sock', 'ROS_PYTHON_VERSION': '3', 'VSCODE_GIT_ASKPASS_MAIN': '/home/racecar/.vscode-server/bin/8b3775030ed1a69b13e4f4c628c612102e30a681/extensions/git/dist/askpass-main.js', 'VSCODE_GIT_ASKPASS_NODE': '/home/racecar/.vscode-server/bin/8b3775030ed1a69b13e4f4c628c612102e30a681/node', 'COLORTERM': 'truecolor', 'REMOTE_CONTAINERS': 'true', 'COLCON_PREFIX_PATH': '/home/racecar/racecar_ws/src/final_challenge2024/install:/home/racecar/racecar_ws/src/final_challenge2024/final_challenge/install:/home/racecar/racecar_ws/install:/home/sim_ws/install', 'ROS_DISTRO': 'foxy', 'REMOTE_CONTAINERS_IPC': '/tmp/vscode-remote-containers-ipc-81d13247-f535-4431-8394-e7b4095d6e89.sock', '_': '/usr/bin/colcon', 'ROS_VERSION': '2', 'TERM': 'xterm-256color', 'ROS_LOCALHOST_ONLY': '0', 'PATH': '/opt/ros/foxy/bin:/home/racecar/.vscode-server/bin/8b3775030ed1a69b13e4f4c628c612102e30a681/bin/remote-cli:/usr/local/sbin:/usr/local/bin:/usr/sbin:/usr/bin:/sbin:/bin', 'DISPLAY': '172.18.192.1:0.0', 'LANG': 'en_US.UTF-8', 'VSCODE_GIT_IPC_HANDLE': '/tmp/vscode-git-aec1aa4683.sock', 'TERM_PROGRAM': 'vscode', 'SSH_AUTH_SOCK': '/tmp/ssh-xiFwpqjhmxFw/agent.1101', 'AMENT_PREFIX_PATH': '/home/racecar/racecar_ws/src/final_challenge2024/install/final_challenge:/home/racecar/racecar_ws/src/final_challenge2024/final_challenge/install/final_challenge:/home/sim_ws/install/racecar_simulator:/home/racecar/racecar_ws/install/wall_follower:/home/racecar/racecar_ws/install/vs_msgs:/home/racecar/racecar_ws/install/visual_servoing:/home/racecar/racecar_ws/install/safety_controller:/home/racecar/racecar_ws/install/ros_exercises:/home/racecar/racecar_ws/install/localization:/opt/ros/foxy', 'SHELL': '/bin/bash', 'SIM_WS': '/home/sim_ws', 'VSCODE_GIT_ASKPASS_EXTRA_ARGS': '', 'PWD': '/home/racecar/racecar_ws/src/final_challenge2024/build/final_challenge', 'PYTHONPATH': '/home/racecar/racecar_ws/src/final_challenge2024/build/final_challenge/prefix_override:/home/racecar/racecar_ws/src/final_challenge2024/install/final_challenge/lib/python3.8/site-packages:/home/racecar/racecar_ws/src/final_challenge2024/build/final_challenge:/home/racecar/racecar_ws/src/final_challenge2024/install/final_challenge/lib/python3.8/site-packages:/home/racecar/racecar_ws/src/final_challenge2024/final_challenge/build/final_challenge:/home/racecar/racecar_ws/src/final_challenge2024/final_challenge/install/final_challenge/lib/python3.8/site-packages:/home/racecar/racecar_ws/build/wall_follower:/home/racecar/racecar_ws/install/wall_follower/lib/python3.8/site-packages:/home/racecar/racecar_ws/install/vs_msgs/lib/python3.8/site-packages:/home/racecar/racecar_ws/build/visual_servoing:/home/racecar/racecar_ws/install/visual_servoing/lib/python3.8/site-packages:/home/racecar/racecar_ws/build/safety_controller:/home/racecar/racecar_ws/install/safety_controller/lib/python3.8/site-packages:/home/racecar/racecar_ws/build/ros_exercises:/home/racecar/racecar_ws/install/ros_exercises/lib/python3.8/site-packages:/home/racecar/racecar_ws/build/localization:/home/racecar/racecar_ws/install/localization/lib/python3.8/site-packages:/home/racecar/racecar_ws/install/custom_msgs/lib/python3.8/site-packages:/opt/ros/foxy/lib/python3.8/site-packages', 'NO_VNC_VERSION': '1.4.0', 'COLCON': '1', 'CMAKE_PREFIX_PATH': '/home/sim_ws/install/racecar_simulator:/home/racecar/racecar_ws/install/vs_msgs:/home/racecar/racecar_ws/install/custom_msgs'}, 'shell': False}
[16.023157] (-) TimerEvent: {}
[16.123936] (-) TimerEvent: {}
[16.224686] (-) TimerEvent: {}
[16.325289] (-) TimerEvent: {}
[16.426237] (-) TimerEvent: {}
[16.526833] (-) TimerEvent: {}
[16.627429] (-) TimerEvent: {}
[16.727958] (-) TimerEvent: {}
[16.828553] (-) TimerEvent: {}
[16.929663] (-) TimerEvent: {}
[17.030554] (-) TimerEvent: {}
[17.131217] (-) TimerEvent: {}
[17.231830] (-) TimerEvent: {}
[17.332445] (-) TimerEvent: {}
[17.433191] (-) TimerEvent: {}
[17.533809] (-) TimerEvent: {}
[17.634345] (-) TimerEvent: {}
[17.735250] (-) TimerEvent: {}
[17.835899] (-) TimerEvent: {}
[17.936420] (-) TimerEvent: {}
[18.037033] (-) TimerEvent: {}
[18.138213] (-) TimerEvent: {}
[18.239290] (-) TimerEvent: {}
[18.340108] (-) TimerEvent: {}
[18.441026] (-) TimerEvent: {}
[18.541853] (-) TimerEvent: {}
[18.642449] (-) TimerEvent: {}
[18.743098] (-) TimerEvent: {}
[18.843782] (-) TimerEvent: {}
[18.944826] (-) TimerEvent: {}
[19.045536] (-) TimerEvent: {}
[19.146243] (-) TimerEvent: {}
[19.246811] (-) TimerEvent: {}
[19.347604] (-) TimerEvent: {}
[19.448277] (-) TimerEvent: {}
[19.548858] (-) TimerEvent: {}
[19.649471] (-) TimerEvent: {}
[19.750303] (-) TimerEvent: {}
[19.850996] (-) TimerEvent: {}
[19.951655] (-) TimerEvent: {}
[20.052255] (-) TimerEvent: {}
[20.153072] (-) TimerEvent: {}
[20.253752] (-) TimerEvent: {}
[20.354332] (-) TimerEvent: {}
[20.455248] (-) TimerEvent: {}
[20.555858] (-) TimerEvent: {}
[20.656539] (-) TimerEvent: {}
[20.757251] (-) TimerEvent: {}
[20.858040] (-) TimerEvent: {}
[20.958728] (-) TimerEvent: {}
[21.059435] (-) TimerEvent: {}
[21.160353] (-) TimerEvent: {}
[21.260990] (-) TimerEvent: {}
[21.361719] (-) TimerEvent: {}
[21.462545] (-) TimerEvent: {}
[21.563389] (-) TimerEvent: {}
[21.664166] (-) TimerEvent: {}
[21.665722] (final_challenge) StdoutLine: {'line': b'running develop\n'}
[21.764314] (-) TimerEvent: {}
[21.865198] (-) TimerEvent: {}
[21.966019] (-) TimerEvent: {}
[22.066644] (-) TimerEvent: {}
[22.167316] (-) TimerEvent: {}
[22.268268] (-) TimerEvent: {}
[22.368823] (-) TimerEvent: {}
[22.470228] (-) TimerEvent: {}
[22.570935] (-) TimerEvent: {}
[22.671720] (-) TimerEvent: {}
[22.772584] (-) TimerEvent: {}
[22.873394] (-) TimerEvent: {}
[22.974151] (-) TimerEvent: {}
[22.980370] (final_challenge) StdoutLine: {'line': b'running egg_info\n'}
[22.982864] (final_challenge) StdoutLine: {'line': b'writing final_challenge.egg-info/PKG-INFO\n'}
[22.988770] (final_challenge) StdoutLine: {'line': b'writing dependency_links to final_challenge.egg-info/dependency_links.txt\n'}
[22.994229] (final_challenge) StdoutLine: {'line': b'writing entry points to final_challenge.egg-info/entry_points.txt\n'}
[22.999460] (final_challenge) StdoutLine: {'line': b'writing requirements to final_challenge.egg-info/requires.txt\n'}
[23.003022] (final_challenge) StdoutLine: {'line': b'writing top-level names to final_challenge.egg-info/top_level.txt\n'}
[23.074275] (-) TimerEvent: {}
[23.175046] (-) TimerEvent: {}
[23.195092] (final_challenge) StdoutLine: {'line': b"reading manifest file 'final_challenge.egg-info/SOURCES.txt'\n"}
[23.255302] (final_challenge) StdoutLine: {'line': b"writing manifest file 'final_challenge.egg-info/SOURCES.txt'\n"}
[23.275187] (-) TimerEvent: {}
[23.375820] (-) TimerEvent: {}
[23.476495] (-) TimerEvent: {}
[23.577592] (-) TimerEvent: {}
[23.678283] (-) TimerEvent: {}
[23.778896] (-) TimerEvent: {}
[23.788174] (final_challenge) StdoutLine: {'line': b'running build_ext\n'}
[23.797902] (final_challenge) StdoutLine: {'line': b'Creating /home/racecar/racecar_ws/src/final_challenge2024/install/final_challenge/lib/python3.8/site-packages/final-challenge.egg-link (link to .)\n'}
[23.824662] (final_challenge) StdoutLine: {'line': b'\n'}
[23.825584] (final_challenge) StdoutLine: {'line': b'Installed /home/racecar/racecar_ws/src/final_challenge2024/build/final_challenge\n'}
[23.828263] (final_challenge) StdoutLine: {'line': b'running install_data\n'}
[23.879061] (-) TimerEvent: {}
[23.918516] (final_challenge) CommandEnded: {'returncode': 0}
[23.979189] (-) TimerEvent: {}
[24.079837] (-) TimerEvent: {}
[24.180518] (-) TimerEvent: {}
[24.281432] (-) TimerEvent: {}
[24.382199] (-) TimerEvent: {}
[24.482786] (-) TimerEvent: {}
[24.583361] (-) TimerEvent: {}
[24.684260] (-) TimerEvent: {}
[24.784859] (-) TimerEvent: {}
[24.881753] (final_challenge) JobEnded: {'identifier': 'final_challenge', 'rc': 0}
[24.893177] (-) TimerEvent: {}
[24.893767] (-) EventReactorShutdown: {}
